#
# There is insufficient memory for the Java Runtime Environment to continue.
# Native memory allocation (malloc) failed to allocate 220016 bytes for Chunk::new
# Possible reasons:
#   The system is out of physical RAM or swap space
#   The process is running with CompressedOops enabled, and the Java Heap may be blocking the growth of the native heap
# Possible solutions:
#   Reduce memory load on the system
#   Increase physical memory or swap space
#   Check if swap backing store is full
#   Decrease Java heap size (-Xmx/-Xms)
#   Decrease number of Java threads
#   Decrease Java thread stack sizes (-Xss)
#   Set larger code cache with -XX:ReservedCodeCacheSize=
#   JVM is running with Unscaled Compressed Oops mode in which the Java heap is
#     placed in the first 4GB address space. The Java Heap base address is the
#     maximum limit for the native heap growth. Please use -XX:HeapBaseMinAddress
#     to set the Java Heap base and to place the Java Heap above 4GB virtual address.
# This output file may be truncated or incomplete.
#
#  Out of Memory Error (arena.cpp:168), pid=15684, tid=23916
#
# JRE version: Java(TM) SE Runtime Environment (21.0.2+13) (build 21.0.2+13-LTS-58)
# Java VM: Java HotSpot(TM) 64-Bit Server VM (21.0.2+13-LTS-58, mixed mode, sharing, tiered, compressed oops, compressed class ptrs, g1 gc, windows-amd64)
# No core dump will be written. Minidumps are not enabled by default on client versions of Windows
#

---------------  S U M M A R Y ------------

Command Line: --add-opens=java.base/java.util=ALL-UNNAMED --add-opens=java.base/java.lang=ALL-UNNAMED --add-opens=java.base/java.lang.invoke=ALL-UNNAMED --add-opens=java.prefs/java.util.prefs=ALL-UNNAMED --add-opens=java.base/java.nio.charset=ALL-UNNAMED --add-opens=java.base/java.net=ALL-UNNAMED --add-opens=java.base/java.util.concurrent.atomic=ALL-UNNAMED -XX:MaxMetaspaceSize=384m -XX:+HeapDumpOnOutOfMemoryError -Xms256m -Xmx512m -Dfile.encoding=windows-1252 -Duser.country=US -Duser.language=en -Duser.variant -javaagent:C:\Users\kylie\.gradle\wrapper\dists\gradle-8.7-bin\bhs2wmbdwecv87pi65oeuq5iu\gradle-8.7\lib\agents\gradle-instrumentation-agent-8.7.jar org.gradle.launcher.daemon.bootstrap.GradleDaemon 8.7

Host: Intel(R) Core(TM) i3-8145U CPU @ 2.10GHz, 4 cores, 3G,  Windows 11 , 64 bit Build 22621 (10.0.22621.3374)
Time: Wed Apr 17 19:40:39 2024 SE Asia Standard Time elapsed time: 27.839935 seconds (0d 0h 0m 27s)

---------------  T H R E A D  ---------------

Current thread (0x000002bd7ab91180):  JavaThread "C2 CompilerThread0" daemon [_thread_in_native, id=23916, stack(0x000000f468700000,0x000000f468800000) (1024K)]


Current CompileTask:
C2:  27840 5757   !   4       com.google.common.reflect.TypeVisitor::visit (225 bytes)

Stack: [0x000000f468700000,0x000000f468800000]
Native frames: (J=compiled Java code, j=interpreted, Vv=VM code, C=native code)
V  [jvm.dll+0x6cade9]
V  [jvm.dll+0x8569c1]
V  [jvm.dll+0x858d2e]
V  [jvm.dll+0x859413]
V  [jvm.dll+0x280e56]
V  [jvm.dll+0xc3f3d]
V  [jvm.dll+0xc4473]
V  [jvm.dll+0x5d5b8a]
V  [jvm.dll+0x382884]
V  [jvm.dll+0x381cca]
V  [jvm.dll+0x249bd0]
V  [jvm.dll+0x2491b1]
V  [jvm.dll+0x1c9634]
V  [jvm.dll+0x258859]
V  [jvm.dll+0x256e3a]
V  [jvm.dll+0x3ef6c6]
V  [jvm.dll+0x7ff568]
V  [jvm.dll+0x6c953d]
C  [ucrtbase.dll+0x29333]
C  [KERNEL32.DLL+0x1257d]
C  [ntdll.dll+0x5aa48]


---------------  P R O C E S S  ---------------

Threads class SMR info:
_java_thread_list=0x000002bd7f4732b0, length=43, elements={
0x000002bd5e8fc440, 0x000002bd7ab88380, 0x000002bd7ab88eb0, 0x000002bd7ab8b740,
0x000002bd7ab8bfb0, 0x000002bd7ab8e630, 0x000002bd7ab8eca0, 0x000002bd7ab91180,
0x000002bd7abb4f90, 0x000002bd7ab537f0, 0x000002bd7f235a70, 0x000002bd15c6de70,
0x000002bd15b2e830, 0x000002bd15f2ad00, 0x000002bd15dd1090, 0x000002bd15e3f2b0,
0x000002bd15e070a0, 0x000002bd1602de10, 0x000002bd1602f1c0, 0x000002bd1602fee0,
0x000002bd1602d780, 0x000002bd1602e4a0, 0x000002bd1602f850, 0x000002bd1602ca60,
0x000002bd1602eb30, 0x000002bd17678420, 0x000002bd17677070, 0x000002bd176797d0,
0x000002bd17679e60, 0x000002bd1767a4f0, 0x000002bd1767d2e0, 0x000002bd1767b210,
0x000002bd1767b8a0, 0x000002bd1767d970, 0x000002bd17679140, 0x000002bd16b35d90,
0x000002bd16b36ab0, 0x000002bd16b384f0, 0x000002bd16b35700, 0x000002bd16b35070,
0x000002bd16b37140, 0x000002bd16b377d0, 0x000002bd181845e0
}

Java Threads: ( => current thread )
  0x000002bd5e8fc440 JavaThread "main"                              [_thread_blocked, id=8236, stack(0x000000f467900000,0x000000f467a00000) (1024K)]
  0x000002bd7ab88380 JavaThread "Reference Handler"          daemon [_thread_blocked, id=16732, stack(0x000000f468100000,0x000000f468200000) (1024K)]
  0x000002bd7ab88eb0 JavaThread "Finalizer"                  daemon [_thread_blocked, id=3368, stack(0x000000f468200000,0x000000f468300000) (1024K)]
  0x000002bd7ab8b740 JavaThread "Signal Dispatcher"          daemon [_thread_blocked, id=18676, stack(0x000000f468300000,0x000000f468400000) (1024K)]
  0x000002bd7ab8bfb0 JavaThread "Attach Listener"            daemon [_thread_blocked, id=2552, stack(0x000000f468400000,0x000000f468500000) (1024K)]
  0x000002bd7ab8e630 JavaThread "Service Thread"             daemon [_thread_blocked, id=9960, stack(0x000000f468500000,0x000000f468600000) (1024K)]
  0x000002bd7ab8eca0 JavaThread "Monitor Deflation Thread"   daemon [_thread_blocked, id=23288, stack(0x000000f468600000,0x000000f468700000) (1024K)]
=>0x000002bd7ab91180 JavaThread "C2 CompilerThread0"         daemon [_thread_in_native, id=23916, stack(0x000000f468700000,0x000000f468800000) (1024K)]
  0x000002bd7abb4f90 JavaThread "C1 CompilerThread0"         daemon [_thread_blocked, id=16408, stack(0x000000f468800000,0x000000f468900000) (1024K)]
  0x000002bd7ab537f0 JavaThread "Common-Cleaner"             daemon [_thread_blocked, id=24732, stack(0x000000f468900000,0x000000f468a00000) (1024K)]
  0x000002bd7f235a70 JavaThread "Notification Thread"        daemon [_thread_blocked, id=24628, stack(0x000000f468a00000,0x000000f468b00000) (1024K)]
  0x000002bd15c6de70 JavaThread "Daemon health stats"               [_thread_blocked, id=19316, stack(0x000000f468e00000,0x000000f468f00000) (1024K)]
  0x000002bd15b2e830 JavaThread "Incoming local TCP Connector on port 60498"        [_thread_in_native, id=4272, stack(0x000000f468f00000,0x000000f469000000) (1024K)]
  0x000002bd15f2ad00 JavaThread "Daemon periodic checks"            [_thread_blocked, id=23744, stack(0x000000f469100000,0x000000f469200000) (1024K)]
  0x000002bd15dd1090 JavaThread "Daemon"                            [_thread_blocked, id=10300, stack(0x000000f469000000,0x000000f469100000) (1024K)]
  0x000002bd15e3f2b0 JavaThread "Handler for socket connection from /127.0.0.1:60498 to /127.0.0.1:60499"        [_thread_in_native, id=15620, stack(0x000000f469200000,0x000000f469300000) (1024K)]
  0x000002bd15e070a0 JavaThread "Cancel handler"                    [_thread_blocked, id=1108, stack(0x000000f469300000,0x000000f469400000) (1024K)]
  0x000002bd1602de10 JavaThread "Daemon worker"                     [_thread_in_Java, id=25176, stack(0x000000f469400000,0x000000f469500000) (1024K)]
  0x000002bd1602f1c0 JavaThread "Asynchronous log dispatcher for DefaultDaemonConnection: socket connection from /127.0.0.1:60498 to /127.0.0.1:60499"        [_thread_blocked, id=9428, stack(0x000000f469500000,0x000000f469600000) (1024K)]
  0x000002bd1602fee0 JavaThread "Stdin handler"                     [_thread_blocked, id=19284, stack(0x000000f469600000,0x000000f469700000) (1024K)]
  0x000002bd1602d780 JavaThread "Daemon client event forwarder"        [_thread_blocked, id=5084, stack(0x000000f469700000,0x000000f469800000) (1024K)]
  0x000002bd1602e4a0 JavaThread "Cache worker for journal cache (C:\Users\kylie\.gradle\caches\journal-1)"        [_thread_blocked, id=9412, stack(0x000000f469800000,0x000000f469900000) (1024K)]
  0x000002bd1602f850 JavaThread "File lock request listener"        [_thread_in_native, id=13924, stack(0x000000f469900000,0x000000f469a00000) (1024K)]
  0x000002bd1602ca60 JavaThread "Cache worker for file hash cache (C:\Users\kylie\.gradle\caches\8.7\fileHashes)"        [_thread_blocked, id=15976, stack(0x000000f469a00000,0x000000f469b00000) (1024K)]
  0x000002bd1602eb30 JavaThread "Cache worker for file hash cache (C:\KuliahS1\SEM4\Adpro\hoomgroom-be-admin\.gradle\8.7\fileHashes)"        [_thread_blocked, id=24180, stack(0x000000f469b00000,0x000000f469c00000) (1024K)]
  0x000002bd17678420 JavaThread "File watcher server"        daemon [_thread_in_native, id=5496, stack(0x000000f469c00000,0x000000f469d00000) (1024K)]
  0x000002bd17677070 JavaThread "File watcher consumer"      daemon [_thread_blocked, id=6536, stack(0x000000f469d00000,0x000000f469e00000) (1024K)]
  0x000002bd176797d0 JavaThread "Cache worker for checksums cache (C:\KuliahS1\SEM4\Adpro\hoomgroom-be-admin\.gradle\8.7\checksums)"        [_thread_blocked, id=19988, stack(0x000000f469e00000,0x000000f469f00000) (1024K)]
  0x000002bd17679e60 JavaThread "Cache worker for cache directory md-supplier (C:\Users\kylie\.gradle\caches\8.7\md-supplier)"        [_thread_blocked, id=17056, stack(0x000000f469f00000,0x000000f46a000000) (1024K)]
  0x000002bd1767a4f0 JavaThread "Cache worker for cache directory md-rule (C:\Users\kylie\.gradle\caches\8.7\md-rule)"        [_thread_blocked, id=676, stack(0x000000f46a000000,0x000000f46a100000) (1024K)]
  0x000002bd1767d2e0 JavaThread "Cache worker for file content cache (C:\Users\kylie\.gradle\caches\8.7\fileContent)"        [_thread_blocked, id=8608, stack(0x000000f46a100000,0x000000f46a200000) (1024K)]
  0x000002bd1767b210 JavaThread "jar transforms"                    [_thread_blocked, id=18736, stack(0x000000f46a200000,0x000000f46a300000) (1024K)]
  0x000002bd1767b8a0 JavaThread "jar transforms Thread 2"           [_thread_blocked, id=20936, stack(0x000000f46a300000,0x000000f46a400000) (1024K)]
  0x000002bd1767d970 JavaThread "jar transforms Thread 3"           [_thread_blocked, id=7356, stack(0x000000f46a400000,0x000000f46a500000) (1024K)]
  0x000002bd17679140 JavaThread "jar transforms Thread 4"           [_thread_blocked, id=1068, stack(0x000000f46a500000,0x000000f46a600000) (1024K)]
  0x000002bd16b35d90 JavaThread "Cache worker for Build Output Cleanup Cache (C:\KuliahS1\SEM4\Adpro\hoomgroom-be-admin\.gradle\buildOutputCleanup)"        [_thread_blocked, id=6428, stack(0x000000f46a600000,0x000000f46a700000) (1024K)]
  0x000002bd16b36ab0 JavaThread "Unconstrained build operations"        [_thread_blocked, id=25224, stack(0x000000f46a700000,0x000000f46a800000) (1024K)]
  0x000002bd16b384f0 JavaThread "Unconstrained build operations Thread 2"        [_thread_blocked, id=13000, stack(0x000000f46a800000,0x000000f46a900000) (1024K)]
  0x000002bd16b35700 JavaThread "Unconstrained build operations Thread 3"        [_thread_blocked, id=21276, stack(0x000000f46a900000,0x000000f46aa00000) (1024K)]
  0x000002bd16b35070 JavaThread "Unconstrained build operations Thread 4"        [_thread_blocked, id=7996, stack(0x000000f46aa00000,0x000000f46ab00000) (1024K)]
  0x000002bd16b37140 JavaThread "Unconstrained build operations Thread 5"        [_thread_blocked, id=12000, stack(0x000000f46ab00000,0x000000f46ac00000) (1024K)]
  0x000002bd16b377d0 JavaThread "Unconstrained build operations Thread 6"        [_thread_blocked, id=11676, stack(0x000000f46ac00000,0x000000f46ad00000) (1024K)]
  0x000002bd181845e0 JavaThread "Memory manager"                    [_thread_new, id=13948, stack(0x0000000000000000,0x0000000000000000) (0B)]
Total: 43

Other Threads:
  0x000002bd7ab6af50 VMThread "VM Thread"                           [id=16112, stack(0x000000f468000000,0x000000f468100000) (1024K)]
  0x000002bd7ab50ff0 WatcherThread "VM Periodic Task Thread"        [id=4388, stack(0x000000f467f00000,0x000000f468000000) (1024K)]
  0x000002bd5e926240 WorkerThread "GC Thread#0"                     [id=24300, stack(0x000000f467a00000,0x000000f467b00000) (1024K)]
  0x000002bd7f3e85e0 WorkerThread "GC Thread#1"                     [id=17364, stack(0x000000f468b00000,0x000000f468c00000) (1024K)]
  0x000002bd7f3e8980 WorkerThread "GC Thread#2"                     [id=19596, stack(0x000000f468c00000,0x000000f468d00000) (1024K)]
  0x000002bd7f3e8d20 WorkerThread "GC Thread#3"                     [id=24600, stack(0x000000f468d00000,0x000000f468e00000) (1024K)]
  0x000002bd5e92bb70 ConcurrentGCThread "G1 Main Marker"            [id=9884, stack(0x000000f467b00000,0x000000f467c00000) (1024K)]
  0x000002bd5e92c670 WorkerThread "G1 Conc#0"                       [id=2088, stack(0x000000f467c00000,0x000000f467d00000) (1024K)]
  0x000002bd5e9be6c0 ConcurrentGCThread "G1 Refine#0"               [id=25352, stack(0x000000f467d00000,0x000000f467e00000) (1024K)]
  0x000002bd7aa233b0 ConcurrentGCThread "G1 Service"                [id=11120, stack(0x000000f467e00000,0x000000f467f00000) (1024K)]
Total: 10

Threads with active compile tasks:
C2 CompilerThread0    27913 5757   !   4       com.google.common.reflect.TypeVisitor::visit (225 bytes)
Total: 1

VM state: not at safepoint (normal execution)

VM Mutex/Monitor currently owned by a thread: None

Heap address: 0x00000000e0000000, size: 512 MB, Compressed Oops mode: 32-bit

CDS archive(s) mapped at: [0x000002bd00000000-0x000002bd00c90000-0x000002bd00c90000), size 13172736, SharedBaseAddress: 0x000002bd00000000, ArchiveRelocationMode: 1.
Compressed class space mapped at: 0x000002bd01000000-0x000002bd15000000, reserved size: 335544320
Narrow klass base: 0x000002bd00000000, Narrow klass shift: 0, Narrow klass range: 0x100000000

GC Precious Log:
 CardTable entry size: 512
 Card Set container configuration: InlinePtr #cards 5 size 8 Array Of Cards #cards 12 size 40 Howl #buckets 4 coarsen threshold 1843 Howl Bitmap #cards 512 size 80 coarsen threshold 460 Card regions per heap region 1 cards per card region 2048
 CPUs: 4 total, 4 available
 Memory: 3948M
 Large Page Support: Disabled
 NUMA Support: Disabled
 Compressed Oops: Enabled (32-bit)
 Heap Region Size: 1M
 Heap Min Capacity: 256M
 Heap Initial Capacity: 256M
 Heap Max Capacity: 512M
 Pre-touch: Disabled
 Parallel Workers: 4
 Concurrent Workers: 1
 Concurrent Refinement Workers: 4
 Periodic GC: Disabled

Heap:
 garbage-first heap   total 262144K, used 89560K [0x00000000e0000000, 0x0000000100000000)
  region size 1024K, 65 young (66560K), 13 survivors (13312K)
 Metaspace       used 49946K, committed 51712K, reserved 393216K
  class space    used 7204K, committed 8064K, reserved 327680K

Heap Regions: E=young(eden), S=young(survivor), O=old, HS=humongous(starts), HC=humongous(continues), CS=collection set, F=free, TAMS=top-at-mark-start, PB=parsable bottom
|   0|0x00000000e0000000, 0x00000000e0100000, 0x00000000e0100000|100%| O|  |TAMS 0x00000000e0000000| PB 0x00000000e0000000| Untracked 
|   1|0x00000000e0100000, 0x00000000e0200000, 0x00000000e0200000|100%|HS|  |TAMS 0x00000000e0100000| PB 0x00000000e0100000| Complete 
|   2|0x00000000e0200000, 0x00000000e0300000, 0x00000000e0300000|100%|HC|  |TAMS 0x00000000e0200000| PB 0x00000000e0200000| Complete 
|   3|0x00000000e0300000, 0x00000000e0400000, 0x00000000e0400000|100%|HC|  |TAMS 0x00000000e0300000| PB 0x00000000e0300000| Complete 
|   4|0x00000000e0400000, 0x00000000e0500000, 0x00000000e0500000|100%|HC|  |TAMS 0x00000000e0400000| PB 0x00000000e0400000| Complete 
|   5|0x00000000e0500000, 0x00000000e0600000, 0x00000000e0600000|100%| O|  |TAMS 0x00000000e0500000| PB 0x00000000e0500000| Untracked 
|   6|0x00000000e0600000, 0x00000000e0700000, 0x00000000e0700000|100%| O|  |TAMS 0x00000000e0600000| PB 0x00000000e0600000| Untracked 
|   7|0x00000000e0700000, 0x00000000e0800000, 0x00000000e0800000|100%| O|  |TAMS 0x00000000e0700000| PB 0x00000000e0700000| Untracked 
|   8|0x00000000e0800000, 0x00000000e0900000, 0x00000000e0900000|100%| O|  |TAMS 0x00000000e0800000| PB 0x00000000e0800000| Untracked 
|   9|0x00000000e0900000, 0x00000000e0a00000, 0x00000000e0a00000|100%| O|  |TAMS 0x00000000e0900000| PB 0x00000000e0900000| Untracked 
|  10|0x00000000e0a00000, 0x00000000e0b00000, 0x00000000e0b00000|100%| O|Cm|TAMS 0x00000000e0a00000| PB 0x00000000e0a00000| Complete 
|  11|0x00000000e0b00000, 0x00000000e0c00000, 0x00000000e0c00000|100%| O|  |TAMS 0x00000000e0b00000| PB 0x00000000e0b00000| Untracked 
|  12|0x00000000e0c00000, 0x00000000e0d00000, 0x00000000e0d00000|100%| O|  |TAMS 0x00000000e0c00000| PB 0x00000000e0c00000| Untracked 
|  13|0x00000000e0d00000, 0x00000000e0e00000, 0x00000000e0e00000|100%| O|  |TAMS 0x00000000e0d00000| PB 0x00000000e0d00000| Untracked 
|  14|0x00000000e0e00000, 0x00000000e0f00000, 0x00000000e0f00000|100%| O|  |TAMS 0x00000000e0e00000| PB 0x00000000e0e00000| Untracked 
|  15|0x00000000e0f00000, 0x00000000e1000000, 0x00000000e1000000|100%| O|  |TAMS 0x00000000e0f00000| PB 0x00000000e0f00000| Untracked 
|  16|0x00000000e1000000, 0x00000000e1100000, 0x00000000e1100000|100%| O|  |TAMS 0x00000000e1000000| PB 0x00000000e1000000| Untracked 
|  17|0x00000000e1100000, 0x00000000e1200000, 0x00000000e1200000|100%| O|  |TAMS 0x00000000e1100000| PB 0x00000000e1100000| Untracked 
|  18|0x00000000e1200000, 0x00000000e1300000, 0x00000000e1300000|100%| O|  |TAMS 0x00000000e1200000| PB 0x00000000e1200000| Untracked 
|  19|0x00000000e1300000, 0x00000000e1400000, 0x00000000e1400000|100%| O|  |TAMS 0x00000000e1300000| PB 0x00000000e1300000| Untracked 
|  20|0x00000000e1400000, 0x00000000e1500000, 0x00000000e1500000|100%| O|  |TAMS 0x00000000e1400000| PB 0x00000000e1400000| Untracked 
|  21|0x00000000e1500000, 0x00000000e1600000, 0x00000000e1600000|100%| O|  |TAMS 0x00000000e1500000| PB 0x00000000e1500000| Untracked 
|  22|0x00000000e1600000, 0x00000000e1700000, 0x00000000e1700000|100%| O|  |TAMS 0x00000000e1600000| PB 0x00000000e1600000| Untracked 
|  23|0x00000000e1700000, 0x00000000e1700000, 0x00000000e1800000|  0%| F|  |TAMS 0x00000000e1700000| PB 0x00000000e1700000| Untracked 
|  24|0x00000000e1800000, 0x00000000e1800000, 0x00000000e1900000|  0%| F|  |TAMS 0x00000000e1800000| PB 0x00000000e1800000| Untracked 
|  25|0x00000000e1900000, 0x00000000e1900000, 0x00000000e1a00000|  0%| F|  |TAMS 0x00000000e1900000| PB 0x00000000e1900000| Untracked 
|  26|0x00000000e1a00000, 0x00000000e1a00000, 0x00000000e1b00000|  0%| F|  |TAMS 0x00000000e1a00000| PB 0x00000000e1a00000| Untracked 
|  27|0x00000000e1b00000, 0x00000000e1b00000, 0x00000000e1c00000|  0%| F|  |TAMS 0x00000000e1b00000| PB 0x00000000e1b00000| Untracked 
|  28|0x00000000e1c00000, 0x00000000e1c00000, 0x00000000e1d00000|  0%| F|  |TAMS 0x00000000e1c00000| PB 0x00000000e1c00000| Untracked 
|  29|0x00000000e1d00000, 0x00000000e1d00000, 0x00000000e1e00000|  0%| F|  |TAMS 0x00000000e1d00000| PB 0x00000000e1d00000| Untracked 
|  30|0x00000000e1e00000, 0x00000000e1e76058, 0x00000000e1f00000| 46%| O|  |TAMS 0x00000000e1e00000| PB 0x00000000e1e00000| Untracked 
|  31|0x00000000e1f00000, 0x00000000e1f00000, 0x00000000e2000000|  0%| F|  |TAMS 0x00000000e1f00000| PB 0x00000000e1f00000| Untracked 
|  32|0x00000000e2000000, 0x00000000e2000000, 0x00000000e2100000|  0%| F|  |TAMS 0x00000000e2000000| PB 0x00000000e2000000| Untracked 
|  33|0x00000000e2100000, 0x00000000e2100000, 0x00000000e2200000|  0%| F|  |TAMS 0x00000000e2100000| PB 0x00000000e2100000| Untracked 
|  34|0x00000000e2200000, 0x00000000e2200000, 0x00000000e2300000|  0%| F|  |TAMS 0x00000000e2200000| PB 0x00000000e2200000| Untracked 
|  35|0x00000000e2300000, 0x00000000e2300000, 0x00000000e2400000|  0%| F|  |TAMS 0x00000000e2300000| PB 0x00000000e2300000| Untracked 
|  36|0x00000000e2400000, 0x00000000e2400000, 0x00000000e2500000|  0%| F|  |TAMS 0x00000000e2400000| PB 0x00000000e2400000| Untracked 
|  37|0x00000000e2500000, 0x00000000e2500000, 0x00000000e2600000|  0%| F|  |TAMS 0x00000000e2500000| PB 0x00000000e2500000| Untracked 
|  38|0x00000000e2600000, 0x00000000e2600000, 0x00000000e2700000|  0%| F|  |TAMS 0x00000000e2600000| PB 0x00000000e2600000| Untracked 
|  39|0x00000000e2700000, 0x00000000e2700000, 0x00000000e2800000|  0%| F|  |TAMS 0x00000000e2700000| PB 0x00000000e2700000| Untracked 
|  40|0x00000000e2800000, 0x00000000e2800000, 0x00000000e2900000|  0%| F|  |TAMS 0x00000000e2800000| PB 0x00000000e2800000| Untracked 
|  41|0x00000000e2900000, 0x00000000e2900000, 0x00000000e2a00000|  0%| F|  |TAMS 0x00000000e2900000| PB 0x00000000e2900000| Untracked 
|  42|0x00000000e2a00000, 0x00000000e2a00000, 0x00000000e2b00000|  0%| F|  |TAMS 0x00000000e2a00000| PB 0x00000000e2a00000| Untracked 
|  43|0x00000000e2b00000, 0x00000000e2b00000, 0x00000000e2c00000|  0%| F|  |TAMS 0x00000000e2b00000| PB 0x00000000e2b00000| Untracked 
|  44|0x00000000e2c00000, 0x00000000e2c00000, 0x00000000e2d00000|  0%| F|  |TAMS 0x00000000e2c00000| PB 0x00000000e2c00000| Untracked 
|  45|0x00000000e2d00000, 0x00000000e2d00000, 0x00000000e2e00000|  0%| F|  |TAMS 0x00000000e2d00000| PB 0x00000000e2d00000| Untracked 
|  46|0x00000000e2e00000, 0x00000000e2e00000, 0x00000000e2f00000|  0%| F|  |TAMS 0x00000000e2e00000| PB 0x00000000e2e00000| Untracked 
|  47|0x00000000e2f00000, 0x00000000e2f00000, 0x00000000e3000000|  0%| F|  |TAMS 0x00000000e2f00000| PB 0x00000000e2f00000| Untracked 
|  48|0x00000000e3000000, 0x00000000e3000000, 0x00000000e3100000|  0%| F|  |TAMS 0x00000000e3000000| PB 0x00000000e3000000| Untracked 
|  49|0x00000000e3100000, 0x00000000e3100000, 0x00000000e3200000|  0%| F|  |TAMS 0x00000000e3100000| PB 0x00000000e3100000| Untracked 
|  50|0x00000000e3200000, 0x00000000e3200000, 0x00000000e3300000|  0%| F|  |TAMS 0x00000000e3200000| PB 0x00000000e3200000| Untracked 
|  51|0x00000000e3300000, 0x00000000e3300000, 0x00000000e3400000|  0%| F|  |TAMS 0x00000000e3300000| PB 0x00000000e3300000| Untracked 
|  52|0x00000000e3400000, 0x00000000e3400000, 0x00000000e3500000|  0%| F|  |TAMS 0x00000000e3400000| PB 0x00000000e3400000| Untracked 
|  53|0x00000000e3500000, 0x00000000e3500000, 0x00000000e3600000|  0%| F|  |TAMS 0x00000000e3500000| PB 0x00000000e3500000| Untracked 
|  54|0x00000000e3600000, 0x00000000e3600000, 0x00000000e3700000|  0%| F|  |TAMS 0x00000000e3600000| PB 0x00000000e3600000| Untracked 
|  55|0x00000000e3700000, 0x00000000e3700000, 0x00000000e3800000|  0%| F|  |TAMS 0x00000000e3700000| PB 0x00000000e3700000| Untracked 
|  56|0x00000000e3800000, 0x00000000e3800000, 0x00000000e3900000|  0%| F|  |TAMS 0x00000000e3800000| PB 0x00000000e3800000| Untracked 
|  57|0x00000000e3900000, 0x00000000e3900000, 0x00000000e3a00000|  0%| F|  |TAMS 0x00000000e3900000| PB 0x00000000e3900000| Untracked 
|  58|0x00000000e3a00000, 0x00000000e3a00000, 0x00000000e3b00000|  0%| F|  |TAMS 0x00000000e3a00000| PB 0x00000000e3a00000| Untracked 
|  59|0x00000000e3b00000, 0x00000000e3b00000, 0x00000000e3c00000|  0%| F|  |TAMS 0x00000000e3b00000| PB 0x00000000e3b00000| Untracked 
|  60|0x00000000e3c00000, 0x00000000e3c00000, 0x00000000e3d00000|  0%| F|  |TAMS 0x00000000e3c00000| PB 0x00000000e3c00000| Untracked 
|  61|0x00000000e3d00000, 0x00000000e3d00000, 0x00000000e3e00000|  0%| F|  |TAMS 0x00000000e3d00000| PB 0x00000000e3d00000| Untracked 
|  62|0x00000000e3e00000, 0x00000000e3e00000, 0x00000000e3f00000|  0%| F|  |TAMS 0x00000000e3e00000| PB 0x00000000e3e00000| Untracked 
|  63|0x00000000e3f00000, 0x00000000e3f00000, 0x00000000e4000000|  0%| F|  |TAMS 0x00000000e3f00000| PB 0x00000000e3f00000| Untracked 
|  64|0x00000000e4000000, 0x00000000e4000000, 0x00000000e4100000|  0%| F|  |TAMS 0x00000000e4000000| PB 0x00000000e4000000| Untracked 
|  65|0x00000000e4100000, 0x00000000e4100000, 0x00000000e4200000|  0%| F|  |TAMS 0x00000000e4100000| PB 0x00000000e4100000| Untracked 
|  66|0x00000000e4200000, 0x00000000e4200000, 0x00000000e4300000|  0%| F|  |TAMS 0x00000000e4200000| PB 0x00000000e4200000| Untracked 
|  67|0x00000000e4300000, 0x00000000e4300000, 0x00000000e4400000|  0%| F|  |TAMS 0x00000000e4300000| PB 0x00000000e4300000| Untracked 
|  68|0x00000000e4400000, 0x00000000e4400000, 0x00000000e4500000|  0%| F|  |TAMS 0x00000000e4400000| PB 0x00000000e4400000| Untracked 
|  69|0x00000000e4500000, 0x00000000e4500000, 0x00000000e4600000|  0%| F|  |TAMS 0x00000000e4500000| PB 0x00000000e4500000| Untracked 
|  70|0x00000000e4600000, 0x00000000e4600000, 0x00000000e4700000|  0%| F|  |TAMS 0x00000000e4600000| PB 0x00000000e4600000| Untracked 
|  71|0x00000000e4700000, 0x00000000e4700000, 0x00000000e4800000|  0%| F|  |TAMS 0x00000000e4700000| PB 0x00000000e4700000| Untracked 
|  72|0x00000000e4800000, 0x00000000e4800000, 0x00000000e4900000|  0%| F|  |TAMS 0x00000000e4800000| PB 0x00000000e4800000| Untracked 
|  73|0x00000000e4900000, 0x00000000e4900000, 0x00000000e4a00000|  0%| F|  |TAMS 0x00000000e4900000| PB 0x00000000e4900000| Untracked 
|  74|0x00000000e4a00000, 0x00000000e4a00000, 0x00000000e4b00000|  0%| F|  |TAMS 0x00000000e4a00000| PB 0x00000000e4a00000| Untracked 
|  75|0x00000000e4b00000, 0x00000000e4b00000, 0x00000000e4c00000|  0%| F|  |TAMS 0x00000000e4b00000| PB 0x00000000e4b00000| Untracked 
|  76|0x00000000e4c00000, 0x00000000e4c00000, 0x00000000e4d00000|  0%| F|  |TAMS 0x00000000e4c00000| PB 0x00000000e4c00000| Untracked 
|  77|0x00000000e4d00000, 0x00000000e4d00000, 0x00000000e4e00000|  0%| F|  |TAMS 0x00000000e4d00000| PB 0x00000000e4d00000| Untracked 
|  78|0x00000000e4e00000, 0x00000000e4e00000, 0x00000000e4f00000|  0%| F|  |TAMS 0x00000000e4e00000| PB 0x00000000e4e00000| Untracked 
|  79|0x00000000e4f00000, 0x00000000e4f00000, 0x00000000e5000000|  0%| F|  |TAMS 0x00000000e4f00000| PB 0x00000000e4f00000| Untracked 
|  80|0x00000000e5000000, 0x00000000e5000000, 0x00000000e5100000|  0%| F|  |TAMS 0x00000000e5000000| PB 0x00000000e5000000| Untracked 
|  81|0x00000000e5100000, 0x00000000e5100000, 0x00000000e5200000|  0%| F|  |TAMS 0x00000000e5100000| PB 0x00000000e5100000| Untracked 
|  82|0x00000000e5200000, 0x00000000e5200000, 0x00000000e5300000|  0%| F|  |TAMS 0x00000000e5200000| PB 0x00000000e5200000| Untracked 
|  83|0x00000000e5300000, 0x00000000e5300000, 0x00000000e5400000|  0%| F|  |TAMS 0x00000000e5300000| PB 0x00000000e5300000| Untracked 
|  84|0x00000000e5400000, 0x00000000e5400000, 0x00000000e5500000|  0%| F|  |TAMS 0x00000000e5400000| PB 0x00000000e5400000| Untracked 
|  85|0x00000000e5500000, 0x00000000e5500000, 0x00000000e5600000|  0%| F|  |TAMS 0x00000000e5500000| PB 0x00000000e5500000| Untracked 
|  86|0x00000000e5600000, 0x00000000e5600000, 0x00000000e5700000|  0%| F|  |TAMS 0x00000000e5600000| PB 0x00000000e5600000| Untracked 
|  87|0x00000000e5700000, 0x00000000e5700000, 0x00000000e5800000|  0%| F|  |TAMS 0x00000000e5700000| PB 0x00000000e5700000| Untracked 
|  88|0x00000000e5800000, 0x00000000e5800000, 0x00000000e5900000|  0%| F|  |TAMS 0x00000000e5800000| PB 0x00000000e5800000| Untracked 
|  89|0x00000000e5900000, 0x00000000e5900000, 0x00000000e5a00000|  0%| F|  |TAMS 0x00000000e5900000| PB 0x00000000e5900000| Untracked 
|  90|0x00000000e5a00000, 0x00000000e5a00000, 0x00000000e5b00000|  0%| F|  |TAMS 0x00000000e5a00000| PB 0x00000000e5a00000| Untracked 
|  91|0x00000000e5b00000, 0x00000000e5b00000, 0x00000000e5c00000|  0%| F|  |TAMS 0x00000000e5b00000| PB 0x00000000e5b00000| Untracked 
|  92|0x00000000e5c00000, 0x00000000e5c00000, 0x00000000e5d00000|  0%| F|  |TAMS 0x00000000e5c00000| PB 0x00000000e5c00000| Untracked 
|  93|0x00000000e5d00000, 0x00000000e5d00000, 0x00000000e5e00000|  0%| F|  |TAMS 0x00000000e5d00000| PB 0x00000000e5d00000| Untracked 
|  94|0x00000000e5e00000, 0x00000000e5e00000, 0x00000000e5f00000|  0%| F|  |TAMS 0x00000000e5e00000| PB 0x00000000e5e00000| Untracked 
|  95|0x00000000e5f00000, 0x00000000e5f00000, 0x00000000e6000000|  0%| F|  |TAMS 0x00000000e5f00000| PB 0x00000000e5f00000| Untracked 
|  96|0x00000000e6000000, 0x00000000e6000000, 0x00000000e6100000|  0%| F|  |TAMS 0x00000000e6000000| PB 0x00000000e6000000| Untracked 
|  97|0x00000000e6100000, 0x00000000e6100000, 0x00000000e6200000|  0%| F|  |TAMS 0x00000000e6100000| PB 0x00000000e6100000| Untracked 
|  98|0x00000000e6200000, 0x00000000e6200000, 0x00000000e6300000|  0%| F|  |TAMS 0x00000000e6200000| PB 0x00000000e6200000| Untracked 
|  99|0x00000000e6300000, 0x00000000e6300000, 0x00000000e6400000|  0%| F|  |TAMS 0x00000000e6300000| PB 0x00000000e6300000| Untracked 
| 100|0x00000000e6400000, 0x00000000e6400000, 0x00000000e6500000|  0%| F|  |TAMS 0x00000000e6400000| PB 0x00000000e6400000| Untracked 
| 101|0x00000000e6500000, 0x00000000e6500000, 0x00000000e6600000|  0%| F|  |TAMS 0x00000000e6500000| PB 0x00000000e6500000| Untracked 
| 102|0x00000000e6600000, 0x00000000e6600000, 0x00000000e6700000|  0%| F|  |TAMS 0x00000000e6600000| PB 0x00000000e6600000| Untracked 
| 103|0x00000000e6700000, 0x00000000e6700000, 0x00000000e6800000|  0%| F|  |TAMS 0x00000000e6700000| PB 0x00000000e6700000| Untracked 
| 104|0x00000000e6800000, 0x00000000e6800000, 0x00000000e6900000|  0%| F|  |TAMS 0x00000000e6800000| PB 0x00000000e6800000| Untracked 
| 105|0x00000000e6900000, 0x00000000e6900000, 0x00000000e6a00000|  0%| F|  |TAMS 0x00000000e6900000| PB 0x00000000e6900000| Untracked 
| 106|0x00000000e6a00000, 0x00000000e6a00000, 0x00000000e6b00000|  0%| F|  |TAMS 0x00000000e6a00000| PB 0x00000000e6a00000| Untracked 
| 107|0x00000000e6b00000, 0x00000000e6b00000, 0x00000000e6c00000|  0%| F|  |TAMS 0x00000000e6b00000| PB 0x00000000e6b00000| Untracked 
| 108|0x00000000e6c00000, 0x00000000e6c00000, 0x00000000e6d00000|  0%| F|  |TAMS 0x00000000e6c00000| PB 0x00000000e6c00000| Untracked 
| 109|0x00000000e6d00000, 0x00000000e6d00000, 0x00000000e6e00000|  0%| F|  |TAMS 0x00000000e6d00000| PB 0x00000000e6d00000| Untracked 
| 110|0x00000000e6e00000, 0x00000000e6e00000, 0x00000000e6f00000|  0%| F|  |TAMS 0x00000000e6e00000| PB 0x00000000e6e00000| Untracked 
| 111|0x00000000e6f00000, 0x00000000e6f00000, 0x00000000e7000000|  0%| F|  |TAMS 0x00000000e6f00000| PB 0x00000000e6f00000| Untracked 
| 112|0x00000000e7000000, 0x00000000e7000000, 0x00000000e7100000|  0%| F|  |TAMS 0x00000000e7000000| PB 0x00000000e7000000| Untracked 
| 113|0x00000000e7100000, 0x00000000e7100000, 0x00000000e7200000|  0%| F|  |TAMS 0x00000000e7100000| PB 0x00000000e7100000| Untracked 
| 114|0x00000000e7200000, 0x00000000e7200000, 0x00000000e7300000|  0%| F|  |TAMS 0x00000000e7200000| PB 0x00000000e7200000| Untracked 
| 115|0x00000000e7300000, 0x00000000e7300000, 0x00000000e7400000|  0%| F|  |TAMS 0x00000000e7300000| PB 0x00000000e7300000| Untracked 
| 116|0x00000000e7400000, 0x00000000e7400000, 0x00000000e7500000|  0%| F|  |TAMS 0x00000000e7400000| PB 0x00000000e7400000| Untracked 
| 117|0x00000000e7500000, 0x00000000e7500000, 0x00000000e7600000|  0%| F|  |TAMS 0x00000000e7500000| PB 0x00000000e7500000| Untracked 
| 118|0x00000000e7600000, 0x00000000e7600000, 0x00000000e7700000|  0%| F|  |TAMS 0x00000000e7600000| PB 0x00000000e7600000| Untracked 
| 119|0x00000000e7700000, 0x00000000e7700000, 0x00000000e7800000|  0%| F|  |TAMS 0x00000000e7700000| PB 0x00000000e7700000| Untracked 
| 120|0x00000000e7800000, 0x00000000e7800000, 0x00000000e7900000|  0%| F|  |TAMS 0x00000000e7800000| PB 0x00000000e7800000| Untracked 
| 121|0x00000000e7900000, 0x00000000e7900000, 0x00000000e7a00000|  0%| F|  |TAMS 0x00000000e7900000| PB 0x00000000e7900000| Untracked 
| 122|0x00000000e7a00000, 0x00000000e7a00000, 0x00000000e7b00000|  0%| F|  |TAMS 0x00000000e7a00000| PB 0x00000000e7a00000| Untracked 
| 123|0x00000000e7b00000, 0x00000000e7b00000, 0x00000000e7c00000|  0%| F|  |TAMS 0x00000000e7b00000| PB 0x00000000e7b00000| Untracked 
| 124|0x00000000e7c00000, 0x00000000e7c00000, 0x00000000e7d00000|  0%| F|  |TAMS 0x00000000e7c00000| PB 0x00000000e7c00000| Untracked 
| 125|0x00000000e7d00000, 0x00000000e7d00000, 0x00000000e7e00000|  0%| F|  |TAMS 0x00000000e7d00000| PB 0x00000000e7d00000| Untracked 
| 126|0x00000000e7e00000, 0x00000000e7e00000, 0x00000000e7f00000|  0%| F|  |TAMS 0x00000000e7e00000| PB 0x00000000e7e00000| Untracked 
| 127|0x00000000e7f00000, 0x00000000e7f00000, 0x00000000e8000000|  0%| F|  |TAMS 0x00000000e7f00000| PB 0x00000000e7f00000| Untracked 
| 128|0x00000000e8000000, 0x00000000e8000000, 0x00000000e8100000|  0%| F|  |TAMS 0x00000000e8000000| PB 0x00000000e8000000| Untracked 
| 129|0x00000000e8100000, 0x00000000e8100000, 0x00000000e8200000|  0%| F|  |TAMS 0x00000000e8100000| PB 0x00000000e8100000| Untracked 
| 130|0x00000000e8200000, 0x00000000e8200000, 0x00000000e8300000|  0%| F|  |TAMS 0x00000000e8200000| PB 0x00000000e8200000| Untracked 
| 131|0x00000000e8300000, 0x00000000e8300000, 0x00000000e8400000|  0%| F|  |TAMS 0x00000000e8300000| PB 0x00000000e8300000| Untracked 
| 132|0x00000000e8400000, 0x00000000e8400000, 0x00000000e8500000|  0%| F|  |TAMS 0x00000000e8400000| PB 0x00000000e8400000| Untracked 
| 133|0x00000000e8500000, 0x00000000e8500000, 0x00000000e8600000|  0%| F|  |TAMS 0x00000000e8500000| PB 0x00000000e8500000| Untracked 
| 134|0x00000000e8600000, 0x00000000e8600000, 0x00000000e8700000|  0%| F|  |TAMS 0x00000000e8600000| PB 0x00000000e8600000| Untracked 
| 135|0x00000000e8700000, 0x00000000e8700000, 0x00000000e8800000|  0%| F|  |TAMS 0x00000000e8700000| PB 0x00000000e8700000| Untracked 
| 136|0x00000000e8800000, 0x00000000e8800000, 0x00000000e8900000|  0%| F|  |TAMS 0x00000000e8800000| PB 0x00000000e8800000| Untracked 
| 137|0x00000000e8900000, 0x00000000e8900000, 0x00000000e8a00000|  0%| F|  |TAMS 0x00000000e8900000| PB 0x00000000e8900000| Untracked 
| 138|0x00000000e8a00000, 0x00000000e8a00000, 0x00000000e8b00000|  0%| F|  |TAMS 0x00000000e8a00000| PB 0x00000000e8a00000| Untracked 
| 139|0x00000000e8b00000, 0x00000000e8b00000, 0x00000000e8c00000|  0%| F|  |TAMS 0x00000000e8b00000| PB 0x00000000e8b00000| Untracked 
| 140|0x00000000e8c00000, 0x00000000e8d00000, 0x00000000e8d00000|100%| S|CS|TAMS 0x00000000e8c00000| PB 0x00000000e8c00000| Complete 
| 141|0x00000000e8d00000, 0x00000000e8e00000, 0x00000000e8e00000|100%| S|CS|TAMS 0x00000000e8d00000| PB 0x00000000e8d00000| Complete 
| 142|0x00000000e8e00000, 0x00000000e8f00000, 0x00000000e8f00000|100%| S|CS|TAMS 0x00000000e8e00000| PB 0x00000000e8e00000| Complete 
| 143|0x00000000e8f00000, 0x00000000e9000000, 0x00000000e9000000|100%| S|CS|TAMS 0x00000000e8f00000| PB 0x00000000e8f00000| Complete 
| 144|0x00000000e9000000, 0x00000000e9100000, 0x00000000e9100000|100%| S|CS|TAMS 0x00000000e9000000| PB 0x00000000e9000000| Complete 
| 145|0x00000000e9100000, 0x00000000e9200000, 0x00000000e9200000|100%| S|CS|TAMS 0x00000000e9100000| PB 0x00000000e9100000| Complete 
| 146|0x00000000e9200000, 0x00000000e9300000, 0x00000000e9300000|100%| S|CS|TAMS 0x00000000e9200000| PB 0x00000000e9200000| Complete 
| 147|0x00000000e9300000, 0x00000000e9400000, 0x00000000e9400000|100%| S|CS|TAMS 0x00000000e9300000| PB 0x00000000e9300000| Complete 
| 148|0x00000000e9400000, 0x00000000e9500000, 0x00000000e9500000|100%| S|CS|TAMS 0x00000000e9400000| PB 0x00000000e9400000| Complete 
| 149|0x00000000e9500000, 0x00000000e9600000, 0x00000000e9600000|100%| S|CS|TAMS 0x00000000e9500000| PB 0x00000000e9500000| Complete 
| 150|0x00000000e9600000, 0x00000000e9700000, 0x00000000e9700000|100%| S|CS|TAMS 0x00000000e9600000| PB 0x00000000e9600000| Complete 
| 151|0x00000000e9700000, 0x00000000e9800000, 0x00000000e9800000|100%| S|CS|TAMS 0x00000000e9700000| PB 0x00000000e9700000| Complete 
| 152|0x00000000e9800000, 0x00000000e9900000, 0x00000000e9900000|100%| S|CS|TAMS 0x00000000e9800000| PB 0x00000000e9800000| Complete 
| 153|0x00000000e9900000, 0x00000000e9900000, 0x00000000e9a00000|  0%| F|  |TAMS 0x00000000e9900000| PB 0x00000000e9900000| Untracked 
| 154|0x00000000e9a00000, 0x00000000e9a00000, 0x00000000e9b00000|  0%| F|  |TAMS 0x00000000e9a00000| PB 0x00000000e9a00000| Untracked 
| 155|0x00000000e9b00000, 0x00000000e9b00000, 0x00000000e9c00000|  0%| F|  |TAMS 0x00000000e9b00000| PB 0x00000000e9b00000| Untracked 
| 156|0x00000000e9c00000, 0x00000000e9c00000, 0x00000000e9d00000|  0%| F|  |TAMS 0x00000000e9c00000| PB 0x00000000e9c00000| Untracked 
| 157|0x00000000e9d00000, 0x00000000e9d00000, 0x00000000e9e00000|  0%| F|  |TAMS 0x00000000e9d00000| PB 0x00000000e9d00000| Untracked 
| 158|0x00000000e9e00000, 0x00000000e9e00000, 0x00000000e9f00000|  0%| F|  |TAMS 0x00000000e9e00000| PB 0x00000000e9e00000| Untracked 
| 159|0x00000000e9f00000, 0x00000000e9f00000, 0x00000000ea000000|  0%| F|  |TAMS 0x00000000e9f00000| PB 0x00000000e9f00000| Untracked 
| 160|0x00000000ea000000, 0x00000000ea000000, 0x00000000ea100000|  0%| F|  |TAMS 0x00000000ea000000| PB 0x00000000ea000000| Untracked 
| 161|0x00000000ea100000, 0x00000000ea100000, 0x00000000ea200000|  0%| F|  |TAMS 0x00000000ea100000| PB 0x00000000ea100000| Untracked 
| 162|0x00000000ea200000, 0x00000000ea200000, 0x00000000ea300000|  0%| F|  |TAMS 0x00000000ea200000| PB 0x00000000ea200000| Untracked 
| 163|0x00000000ea300000, 0x00000000ea300000, 0x00000000ea400000|  0%| F|  |TAMS 0x00000000ea300000| PB 0x00000000ea300000| Untracked 
| 164|0x00000000ea400000, 0x00000000ea400000, 0x00000000ea500000|  0%| F|  |TAMS 0x00000000ea400000| PB 0x00000000ea400000| Untracked 
| 165|0x00000000ea500000, 0x00000000ea500000, 0x00000000ea600000|  0%| F|  |TAMS 0x00000000ea500000| PB 0x00000000ea500000| Untracked 
| 166|0x00000000ea600000, 0x00000000ea600000, 0x00000000ea700000|  0%| F|  |TAMS 0x00000000ea600000| PB 0x00000000ea600000| Untracked 
| 167|0x00000000ea700000, 0x00000000ea700000, 0x00000000ea800000|  0%| F|  |TAMS 0x00000000ea700000| PB 0x00000000ea700000| Untracked 
| 168|0x00000000ea800000, 0x00000000ea800000, 0x00000000ea900000|  0%| F|  |TAMS 0x00000000ea800000| PB 0x00000000ea800000| Untracked 
| 169|0x00000000ea900000, 0x00000000ea900000, 0x00000000eaa00000|  0%| F|  |TAMS 0x00000000ea900000| PB 0x00000000ea900000| Untracked 
| 170|0x00000000eaa00000, 0x00000000eaa00000, 0x00000000eab00000|  0%| F|  |TAMS 0x00000000eaa00000| PB 0x00000000eaa00000| Untracked 
| 171|0x00000000eab00000, 0x00000000eab00000, 0x00000000eac00000|  0%| F|  |TAMS 0x00000000eab00000| PB 0x00000000eab00000| Untracked 
| 172|0x00000000eac00000, 0x00000000eac00000, 0x00000000ead00000|  0%| F|  |TAMS 0x00000000eac00000| PB 0x00000000eac00000| Untracked 
| 173|0x00000000ead00000, 0x00000000ead00000, 0x00000000eae00000|  0%| F|  |TAMS 0x00000000ead00000| PB 0x00000000ead00000| Untracked 
| 174|0x00000000eae00000, 0x00000000eae00000, 0x00000000eaf00000|  0%| F|  |TAMS 0x00000000eae00000| PB 0x00000000eae00000| Untracked 
| 175|0x00000000eaf00000, 0x00000000eaf00000, 0x00000000eb000000|  0%| F|  |TAMS 0x00000000eaf00000| PB 0x00000000eaf00000| Untracked 
| 176|0x00000000eb000000, 0x00000000eb000000, 0x00000000eb100000|  0%| F|  |TAMS 0x00000000eb000000| PB 0x00000000eb000000| Untracked 
| 177|0x00000000eb100000, 0x00000000eb100000, 0x00000000eb200000|  0%| F|  |TAMS 0x00000000eb100000| PB 0x00000000eb100000| Untracked 
| 178|0x00000000eb200000, 0x00000000eb200000, 0x00000000eb300000|  0%| F|  |TAMS 0x00000000eb200000| PB 0x00000000eb200000| Untracked 
| 179|0x00000000eb300000, 0x00000000eb300000, 0x00000000eb400000|  0%| F|  |TAMS 0x00000000eb300000| PB 0x00000000eb300000| Untracked 
| 180|0x00000000eb400000, 0x00000000eb400000, 0x00000000eb500000|  0%| F|  |TAMS 0x00000000eb400000| PB 0x00000000eb400000| Untracked 
| 181|0x00000000eb500000, 0x00000000eb500000, 0x00000000eb600000|  0%| F|  |TAMS 0x00000000eb500000| PB 0x00000000eb500000| Untracked 
| 182|0x00000000eb600000, 0x00000000eb600000, 0x00000000eb700000|  0%| F|  |TAMS 0x00000000eb600000| PB 0x00000000eb600000| Untracked 
| 183|0x00000000eb700000, 0x00000000eb700000, 0x00000000eb800000|  0%| F|  |TAMS 0x00000000eb700000| PB 0x00000000eb700000| Untracked 
| 184|0x00000000eb800000, 0x00000000eb800000, 0x00000000eb900000|  0%| F|  |TAMS 0x00000000eb800000| PB 0x00000000eb800000| Untracked 
| 185|0x00000000eb900000, 0x00000000eb900000, 0x00000000eba00000|  0%| F|  |TAMS 0x00000000eb900000| PB 0x00000000eb900000| Untracked 
| 186|0x00000000eba00000, 0x00000000eba00000, 0x00000000ebb00000|  0%| F|  |TAMS 0x00000000eba00000| PB 0x00000000eba00000| Untracked 
| 187|0x00000000ebb00000, 0x00000000ebb00000, 0x00000000ebc00000|  0%| F|  |TAMS 0x00000000ebb00000| PB 0x00000000ebb00000| Untracked 
| 188|0x00000000ebc00000, 0x00000000ebc00000, 0x00000000ebd00000|  0%| F|  |TAMS 0x00000000ebc00000| PB 0x00000000ebc00000| Untracked 
| 189|0x00000000ebd00000, 0x00000000ebd00000, 0x00000000ebe00000|  0%| F|  |TAMS 0x00000000ebd00000| PB 0x00000000ebd00000| Untracked 
| 190|0x00000000ebe00000, 0x00000000ebe00000, 0x00000000ebf00000|  0%| F|  |TAMS 0x00000000ebe00000| PB 0x00000000ebe00000| Untracked 
| 191|0x00000000ebf00000, 0x00000000ebf00000, 0x00000000ec000000|  0%| F|  |TAMS 0x00000000ebf00000| PB 0x00000000ebf00000| Untracked 
| 192|0x00000000ec000000, 0x00000000ec000000, 0x00000000ec100000|  0%| F|  |TAMS 0x00000000ec000000| PB 0x00000000ec000000| Untracked 
| 193|0x00000000ec100000, 0x00000000ec100000, 0x00000000ec200000|  0%| F|  |TAMS 0x00000000ec100000| PB 0x00000000ec100000| Untracked 
| 194|0x00000000ec200000, 0x00000000ec200000, 0x00000000ec300000|  0%| F|  |TAMS 0x00000000ec200000| PB 0x00000000ec200000| Untracked 
| 195|0x00000000ec300000, 0x00000000ec300000, 0x00000000ec400000|  0%| F|  |TAMS 0x00000000ec300000| PB 0x00000000ec300000| Untracked 
| 196|0x00000000ec400000, 0x00000000ec400000, 0x00000000ec500000|  0%| F|  |TAMS 0x00000000ec400000| PB 0x00000000ec400000| Untracked 
| 197|0x00000000ec500000, 0x00000000ec500000, 0x00000000ec600000|  0%| F|  |TAMS 0x00000000ec500000| PB 0x00000000ec500000| Untracked 
| 198|0x00000000ec600000, 0x00000000ec600000, 0x00000000ec700000|  0%| F|  |TAMS 0x00000000ec600000| PB 0x00000000ec600000| Untracked 
| 199|0x00000000ec700000, 0x00000000ec700000, 0x00000000ec800000|  0%| F|  |TAMS 0x00000000ec700000| PB 0x00000000ec700000| Untracked 
| 200|0x00000000ec800000, 0x00000000ec800000, 0x00000000ec900000|  0%| F|  |TAMS 0x00000000ec800000| PB 0x00000000ec800000| Untracked 
| 201|0x00000000ec900000, 0x00000000ec900000, 0x00000000eca00000|  0%| F|  |TAMS 0x00000000ec900000| PB 0x00000000ec900000| Untracked 
| 202|0x00000000eca00000, 0x00000000eca00000, 0x00000000ecb00000|  0%| F|  |TAMS 0x00000000eca00000| PB 0x00000000eca00000| Untracked 
| 203|0x00000000ecb00000, 0x00000000ecb00000, 0x00000000ecc00000|  0%| F|  |TAMS 0x00000000ecb00000| PB 0x00000000ecb00000| Untracked 
| 204|0x00000000ecc00000, 0x00000000ecc81010, 0x00000000ecd00000| 50%| E|  |TAMS 0x00000000ecc00000| PB 0x00000000ecc00000| Complete 
| 205|0x00000000ecd00000, 0x00000000ece00000, 0x00000000ece00000|100%| E|CS|TAMS 0x00000000ecd00000| PB 0x00000000ecd00000| Complete 
| 206|0x00000000ece00000, 0x00000000ecf00000, 0x00000000ecf00000|100%| E|CS|TAMS 0x00000000ece00000| PB 0x00000000ece00000| Complete 
| 207|0x00000000ecf00000, 0x00000000ed000000, 0x00000000ed000000|100%| E|CS|TAMS 0x00000000ecf00000| PB 0x00000000ecf00000| Complete 
| 208|0x00000000ed000000, 0x00000000ed100000, 0x00000000ed100000|100%| E|CS|TAMS 0x00000000ed000000| PB 0x00000000ed000000| Complete 
| 209|0x00000000ed100000, 0x00000000ed200000, 0x00000000ed200000|100%| E|CS|TAMS 0x00000000ed100000| PB 0x00000000ed100000| Complete 
| 210|0x00000000ed200000, 0x00000000ed300000, 0x00000000ed300000|100%| E|CS|TAMS 0x00000000ed200000| PB 0x00000000ed200000| Complete 
| 211|0x00000000ed300000, 0x00000000ed400000, 0x00000000ed400000|100%| E|CS|TAMS 0x00000000ed300000| PB 0x00000000ed300000| Complete 
| 212|0x00000000ed400000, 0x00000000ed500000, 0x00000000ed500000|100%| E|CS|TAMS 0x00000000ed400000| PB 0x00000000ed400000| Complete 
| 213|0x00000000ed500000, 0x00000000ed600000, 0x00000000ed600000|100%| E|CS|TAMS 0x00000000ed500000| PB 0x00000000ed500000| Complete 
| 214|0x00000000ed600000, 0x00000000ed700000, 0x00000000ed700000|100%| E|CS|TAMS 0x00000000ed600000| PB 0x00000000ed600000| Complete 
| 215|0x00000000ed700000, 0x00000000ed800000, 0x00000000ed800000|100%| E|CS|TAMS 0x00000000ed700000| PB 0x00000000ed700000| Complete 
| 216|0x00000000ed800000, 0x00000000ed900000, 0x00000000ed900000|100%| E|CS|TAMS 0x00000000ed800000| PB 0x00000000ed800000| Complete 
| 217|0x00000000ed900000, 0x00000000eda00000, 0x00000000eda00000|100%| E|CS|TAMS 0x00000000ed900000| PB 0x00000000ed900000| Complete 
| 218|0x00000000eda00000, 0x00000000edb00000, 0x00000000edb00000|100%| E|CS|TAMS 0x00000000eda00000| PB 0x00000000eda00000| Complete 
| 219|0x00000000edb00000, 0x00000000edc00000, 0x00000000edc00000|100%| E|CS|TAMS 0x00000000edb00000| PB 0x00000000edb00000| Complete 
| 220|0x00000000edc00000, 0x00000000edd00000, 0x00000000edd00000|100%| E|CS|TAMS 0x00000000edc00000| PB 0x00000000edc00000| Complete 
| 221|0x00000000edd00000, 0x00000000ede00000, 0x00000000ede00000|100%| E|CS|TAMS 0x00000000edd00000| PB 0x00000000edd00000| Complete 
| 222|0x00000000ede00000, 0x00000000edf00000, 0x00000000edf00000|100%| E|CS|TAMS 0x00000000ede00000| PB 0x00000000ede00000| Complete 
| 223|0x00000000edf00000, 0x00000000ee000000, 0x00000000ee000000|100%| E|CS|TAMS 0x00000000edf00000| PB 0x00000000edf00000| Complete 
| 224|0x00000000ee000000, 0x00000000ee100000, 0x00000000ee100000|100%| E|CS|TAMS 0x00000000ee000000| PB 0x00000000ee000000| Complete 
| 225|0x00000000ee100000, 0x00000000ee200000, 0x00000000ee200000|100%| E|CS|TAMS 0x00000000ee100000| PB 0x00000000ee100000| Complete 
| 226|0x00000000ee200000, 0x00000000ee300000, 0x00000000ee300000|100%| E|CS|TAMS 0x00000000ee200000| PB 0x00000000ee200000| Complete 
| 227|0x00000000ee300000, 0x00000000ee400000, 0x00000000ee400000|100%| E|CS|TAMS 0x00000000ee300000| PB 0x00000000ee300000| Complete 
| 228|0x00000000ee400000, 0x00000000ee500000, 0x00000000ee500000|100%| E|CS|TAMS 0x00000000ee400000| PB 0x00000000ee400000| Complete 
| 229|0x00000000ee500000, 0x00000000ee600000, 0x00000000ee600000|100%| E|CS|TAMS 0x00000000ee500000| PB 0x00000000ee500000| Complete 
| 230|0x00000000ee600000, 0x00000000ee700000, 0x00000000ee700000|100%| E|CS|TAMS 0x00000000ee600000| PB 0x00000000ee600000| Complete 
| 231|0x00000000ee700000, 0x00000000ee800000, 0x00000000ee800000|100%| E|CS|TAMS 0x00000000ee700000| PB 0x00000000ee700000| Complete 
| 232|0x00000000ee800000, 0x00000000ee900000, 0x00000000ee900000|100%| E|CS|TAMS 0x00000000ee800000| PB 0x00000000ee800000| Complete 
| 233|0x00000000ee900000, 0x00000000eea00000, 0x00000000eea00000|100%| E|CS|TAMS 0x00000000ee900000| PB 0x00000000ee900000| Complete 
| 234|0x00000000eea00000, 0x00000000eeb00000, 0x00000000eeb00000|100%| E|CS|TAMS 0x00000000eea00000| PB 0x00000000eea00000| Complete 
| 235|0x00000000eeb00000, 0x00000000eec00000, 0x00000000eec00000|100%| E|CS|TAMS 0x00000000eeb00000| PB 0x00000000eeb00000| Complete 
| 236|0x00000000eec00000, 0x00000000eed00000, 0x00000000eed00000|100%| E|CS|TAMS 0x00000000eec00000| PB 0x00000000eec00000| Complete 
| 237|0x00000000eed00000, 0x00000000eee00000, 0x00000000eee00000|100%| E|CS|TAMS 0x00000000eed00000| PB 0x00000000eed00000| Complete 
| 238|0x00000000eee00000, 0x00000000eef00000, 0x00000000eef00000|100%| E|CS|TAMS 0x00000000eee00000| PB 0x00000000eee00000| Complete 
| 239|0x00000000eef00000, 0x00000000ef000000, 0x00000000ef000000|100%| E|CS|TAMS 0x00000000eef00000| PB 0x00000000eef00000| Complete 
| 240|0x00000000ef000000, 0x00000000ef100000, 0x00000000ef100000|100%| E|CS|TAMS 0x00000000ef000000| PB 0x00000000ef000000| Complete 
| 241|0x00000000ef100000, 0x00000000ef200000, 0x00000000ef200000|100%| E|CS|TAMS 0x00000000ef100000| PB 0x00000000ef100000| Complete 
| 242|0x00000000ef200000, 0x00000000ef300000, 0x00000000ef300000|100%| E|CS|TAMS 0x00000000ef200000| PB 0x00000000ef200000| Complete 
| 243|0x00000000ef300000, 0x00000000ef400000, 0x00000000ef400000|100%| E|CS|TAMS 0x00000000ef300000| PB 0x00000000ef300000| Complete 
| 244|0x00000000ef400000, 0x00000000ef500000, 0x00000000ef500000|100%| E|CS|TAMS 0x00000000ef400000| PB 0x00000000ef400000| Complete 
| 245|0x00000000ef500000, 0x00000000ef600000, 0x00000000ef600000|100%| E|CS|TAMS 0x00000000ef500000| PB 0x00000000ef500000| Complete 
| 246|0x00000000ef600000, 0x00000000ef700000, 0x00000000ef700000|100%| E|CS|TAMS 0x00000000ef600000| PB 0x00000000ef600000| Complete 
| 247|0x00000000ef700000, 0x00000000ef800000, 0x00000000ef800000|100%| E|CS|TAMS 0x00000000ef700000| PB 0x00000000ef700000| Complete 
| 248|0x00000000ef800000, 0x00000000ef900000, 0x00000000ef900000|100%| E|CS|TAMS 0x00000000ef800000| PB 0x00000000ef800000| Complete 
| 249|0x00000000ef900000, 0x00000000efa00000, 0x00000000efa00000|100%| E|CS|TAMS 0x00000000ef900000| PB 0x00000000ef900000| Complete 
| 250|0x00000000efa00000, 0x00000000efb00000, 0x00000000efb00000|100%| E|CS|TAMS 0x00000000efa00000| PB 0x00000000efa00000| Complete 
| 251|0x00000000efb00000, 0x00000000efc00000, 0x00000000efc00000|100%| E|CS|TAMS 0x00000000efb00000| PB 0x00000000efb00000| Complete 
| 252|0x00000000efc00000, 0x00000000efd00000, 0x00000000efd00000|100%| E|CS|TAMS 0x00000000efc00000| PB 0x00000000efc00000| Complete 
| 253|0x00000000efd00000, 0x00000000efe00000, 0x00000000efe00000|100%| E|CS|TAMS 0x00000000efd00000| PB 0x00000000efd00000| Complete 
| 254|0x00000000efe00000, 0x00000000eff00000, 0x00000000eff00000|100%| E|CS|TAMS 0x00000000efe00000| PB 0x00000000efe00000| Complete 
| 255|0x00000000eff00000, 0x00000000f0000000, 0x00000000f0000000|100%| E|CS|TAMS 0x00000000eff00000| PB 0x00000000eff00000| Complete 

Card table byte_map: [0x000002bd77c60000,0x000002bd77d60000] _byte_map_base: 0x000002bd77560000

Marking Bits: (CMBitMap*) 0x000002bd5e926940
 Bits: [0x000002bd77d60000, 0x000002bd78560000)

Polling page: 0x000002bd68510000

Metaspace:

Usage:
  Non-class:     41.75 MB used.
      Class:      7.04 MB used.
       Both:     48.79 MB used.

Virtual space:
  Non-class space:       64.00 MB reserved,      42.69 MB ( 67%) committed,  1 nodes.
      Class space:      320.00 MB reserved,       7.88 MB (  2%) committed,  1 nodes.
             Both:      384.00 MB reserved,      50.56 MB ( 13%) committed. 

Chunk freelists:
   Non-Class:  5.12 MB
       Class:  8.16 MB
        Both:  13.28 MB

MaxMetaspaceSize: 384.00 MB
CompressedClassSpaceSize: 320.00 MB
Initial GC threshold: 21.00 MB
Current GC threshold: 58.88 MB
CDS: on
 - commit_granule_bytes: 65536.
 - commit_granule_words: 8192.
 - virtual_space_node_default_size: 8388608.
 - enlarge_chunks_in_place: 1.
 - use_allocation_guard: 0.


Internal statistics:

num_allocs_failed_limit: 6.
num_arena_births: 3088.
num_arena_deaths: 0.
num_vsnodes_births: 2.
num_vsnodes_deaths: 0.
num_space_committed: 809.
num_space_uncommitted: 0.
num_chunks_returned_to_freelist: 6.
num_chunks_taken_from_freelist: 5427.
num_chunk_merges: 6.
num_chunk_splits: 3520.
num_chunks_enlarged: 2153.
num_inconsistent_stats: 0.

CodeHeap 'non-profiled nmethods': size=120000Kb used=2911Kb max_used=2911Kb free=117088Kb
 bounds [0x000002bd70000000, 0x000002bd702e0000, 0x000002bd77530000]
CodeHeap 'profiled nmethods': size=120000Kb used=10339Kb max_used=10339Kb free=109660Kb
 bounds [0x000002bd68530000, 0x000002bd68f50000, 0x000002bd6fa60000]
CodeHeap 'non-nmethods': size=5760Kb used=2735Kb max_used=2759Kb free=3024Kb
 bounds [0x000002bd6fa60000, 0x000002bd6fd20000, 0x000002bd70000000]
 total_blobs=6164 nmethods=5298 adapters=770
 compilation: enabled
              stopped_count=0, restarted_count=0
 full_count=0

Compilation events (20 events):
Event: 27.679 Thread 0x000002bd7abb4f90 5759       3       com.google.common.reflect.TypeResolver$TypeTable::resolveInternal (105 bytes)
Event: 27.680 Thread 0x000002bd7abb4f90 nmethod 5759 0x000002bd68f3c310 code [0x000002bd68f3c600, 0x000002bd68f3d598]
Event: 27.680 Thread 0x000002bd7abb4f90 5761       3       sun.reflect.generics.repository.GenericDeclRepository::computeTypeParameters (73 bytes)
Event: 27.681 Thread 0x000002bd7abb4f90 nmethod 5761 0x000002bd68f3da90 code [0x000002bd68f3dd00, 0x000002bd68f3eb20]
Event: 27.681 Thread 0x000002bd7abb4f90 5760       3       com.google.common.reflect.TypeResolver::<init> (6 bytes)
Event: 27.682 Thread 0x000002bd7abb4f90 nmethod 5760 0x000002bd68f3f010 code [0x000002bd68f3f1c0, 0x000002bd68f3f3e0]
Event: 27.684 Thread 0x000002bd7abb4f90 5763       3       java.lang.reflect.Method::hashCode (19 bytes)
Event: 27.684 Thread 0x000002bd7abb4f90 nmethod 5763 0x000002bd68f3f510 code [0x000002bd68f3f6e0, 0x000002bd68f3f988]
Event: 27.686 Thread 0x000002bd7abb4f90 5764       3       org.gradle.internal.instantiation.generator.AsmBackedClassGenerator$ClassBuilderImpl::access$5600 (4 bytes)
Event: 27.686 Thread 0x000002bd7abb4f90 nmethod 5764 0x000002bd68f3fb10 code [0x000002bd68f3fca0, 0x000002bd68f3fd98]
Event: 27.686 Thread 0x000002bd7abb4f90 5765       3       com.google.common.collect.AbstractMapBasedMultimap$WrappedCollection::<init> (44 bytes)
Event: 27.687 Thread 0x000002bd7abb4f90 nmethod 5765 0x000002bd68f3fe10 code [0x000002bd68f3ffe0, 0x000002bd68f40460]
Event: 27.687 Thread 0x000002bd7abb4f90 5766       3       sun.reflect.generics.reflectiveObjects.WildcardTypeImpl::getLowerBounds (34 bytes)
Event: 27.688 Thread 0x000002bd7abb4f90 nmethod 5766 0x000002bd68f40590 code [0x000002bd68f40780, 0x000002bd68f40de8]
Event: 27.690 Thread 0x000002bd7ab91180 nmethod 5756 0x000002bd702d7310 code [0x000002bd702d74e0, 0x000002bd702d7c28]
Event: 27.690 Thread 0x000002bd7ab91180 5757   !   4       com.google.common.reflect.TypeVisitor::visit (225 bytes)
Event: 27.704 Thread 0x000002bd7abb4f90 5767       3       org.objectweb.asm.ClassWriter::toByteArray (1535 bytes)
Event: 27.712 Thread 0x000002bd7abb4f90 nmethod 5767 0x000002bd68f40f10 code [0x000002bd68f41880, 0x000002bd68f45868]
Event: 27.745 Thread 0x000002bd7abb4f90 5768       3       org.objectweb.asm.SymbolTable::addBootstrapMethod (209 bytes)
Event: 27.747 Thread 0x000002bd7abb4f90 nmethod 5768 0x000002bd68f47810 code [0x000002bd68f47aa0, 0x000002bd68f485a8]

GC Heap History (12 events):
Event: 2.508 GC heap before
{Heap before GC invocations=0 (full 0):
 garbage-first heap   total 262144K, used 13312K [0x00000000e0000000, 0x0000000100000000)
  region size 1024K, 13 young (13312K), 0 survivors (0K)
 Metaspace       used 997K, committed 1152K, reserved 393216K
  class space    used 80K, committed 128K, reserved 327680K
}
Event: 2.521 GC heap after
{Heap after GC invocations=1 (full 0):
 garbage-first heap   total 262144K, used 2643K [0x00000000e0000000, 0x0000000100000000)
  region size 1024K, 2 young (2048K), 2 survivors (2048K)
 Metaspace       used 997K, committed 1152K, reserved 393216K
  class space    used 80K, committed 128K, reserved 327680K
}
Event: 5.636 GC heap before
{Heap before GC invocations=1 (full 0):
 garbage-first heap   total 262144K, used 23123K [0x00000000e0000000, 0x0000000100000000)
  region size 1024K, 19 young (19456K), 2 survivors (2048K)
 Metaspace       used 4055K, committed 4288K, reserved 393216K
  class space    used 501K, committed 640K, reserved 327680K
}
Event: 5.651 GC heap after
{Heap after GC invocations=2 (full 0):
 garbage-first heap   total 262144K, used 10786K [0x00000000e0000000, 0x0000000100000000)
  region size 1024K, 3 young (3072K), 3 survivors (3072K)
 Metaspace       used 4055K, committed 4288K, reserved 393216K
  class space    used 501K, committed 640K, reserved 327680K
}
Event: 6.998 GC heap before
{Heap before GC invocations=2 (full 0):
 garbage-first heap   total 262144K, used 32290K [0x00000000e0000000, 0x0000000100000000)
  region size 1024K, 25 young (25600K), 3 survivors (3072K)
 Metaspace       used 4143K, committed 4352K, reserved 393216K
  class space    used 503K, committed 640K, reserved 327680K
}
Event: 7.002 GC heap after
{Heap after GC invocations=3 (full 0):
 garbage-first heap   total 262144K, used 11562K [0x00000000e0000000, 0x0000000100000000)
  region size 1024K, 1 young (1024K), 1 survivors (1024K)
 Metaspace       used 4143K, committed 4352K, reserved 393216K
  class space    used 503K, committed 640K, reserved 327680K
}
Event: 12.377 GC heap before
{Heap before GC invocations=3 (full 0):
 garbage-first heap   total 262144K, used 112938K [0x00000000e0000000, 0x0000000100000000)
  region size 1024K, 101 young (103424K), 1 survivors (1024K)
 Metaspace       used 20815K, committed 21504K, reserved 393216K
  class space    used 2987K, committed 3328K, reserved 327680K
}
Event: 12.394 GC heap after
{Heap after GC invocations=4 (full 0):
 garbage-first heap   total 262144K, used 23065K [0x00000000e0000000, 0x0000000100000000)
  region size 1024K, 12 young (12288K), 12 survivors (12288K)
 Metaspace       used 20815K, committed 21504K, reserved 393216K
  class space    used 2987K, committed 3328K, reserved 327680K
}
Event: 16.888 GC heap before
{Heap before GC invocations=5 (full 0):
 garbage-first heap   total 262144K, used 110105K [0x00000000e0000000, 0x0000000100000000)
  region size 1024K, 99 young (101376K), 12 survivors (12288K)
 Metaspace       used 34897K, committed 36096K, reserved 393216K
  class space    used 5039K, committed 5632K, reserved 327680K
}
Event: 16.920 GC heap after
{Heap after GC invocations=6 (full 0):
 garbage-first heap   total 262144K, used 29982K [0x00000000e0000000, 0x0000000100000000)
  region size 1024K, 7 young (7168K), 7 survivors (7168K)
 Metaspace       used 34897K, committed 36096K, reserved 393216K
  class space    used 5039K, committed 5632K, reserved 327680K
}
Event: 22.913 GC heap before
{Heap before GC invocations=7 (full 0):
 garbage-first heap   total 262144K, used 134430K [0x00000000e0000000, 0x0000000100000000)
  region size 1024K, 103 young (105472K), 7 survivors (7168K)
 Metaspace       used 44297K, committed 45888K, reserved 393216K
  class space    used 6287K, committed 7104K, reserved 327680K
}
Event: 22.936 GC heap after
{Heap after GC invocations=8 (full 0):
 garbage-first heap   total 262144K, used 37336K [0x00000000e0000000, 0x0000000100000000)
  region size 1024K, 13 young (13312K), 13 survivors (13312K)
 Metaspace       used 44297K, committed 45888K, reserved 393216K
  class space    used 6287K, committed 7104K, reserved 327680K
}

Dll operation events (15 events):
Event: 0.212 Loaded shared library C:\Program Files\Java\jdk-21\bin\java.dll
Event: 0.507 Loaded shared library C:\Program Files\Java\jdk-21\bin\jsvml.dll
Event: 0.753 Loaded shared library C:\Program Files\Java\jdk-21\bin\zip.dll
Event: 0.767 Loaded shared library C:\Program Files\Java\jdk-21\bin\instrument.dll
Event: 0.789 Loaded shared library C:\Program Files\Java\jdk-21\bin\net.dll
Event: 0.797 Loaded shared library C:\Program Files\Java\jdk-21\bin\nio.dll
Event: 0.814 Loaded shared library C:\Program Files\Java\jdk-21\bin\zip.dll
Event: 2.164 Loaded shared library C:\Program Files\Java\jdk-21\bin\jimage.dll
Event: 2.644 Loaded shared library C:\Program Files\Java\jdk-21\bin\verify.dll
Event: 3.717 Loaded shared library C:\Users\kylie\.gradle\native\c067742578af261105cb4f569cf0c3c89f3d7b1fecec35dd04571415982c5e48\windows-amd64\native-platform.dll
Event: 3.799 Loaded shared library C:\Users\kylie\.gradle\native\38dada09dfb8b06ba9b0570ebf7e218e3eb74d4ef43ca46872605cf95ebc2f47\windows-amd64\native-platform-file-events.dll
Event: 8.193 Loaded shared library C:\Program Files\Java\jdk-21\bin\management.dll
Event: 8.201 Loaded shared library C:\Program Files\Java\jdk-21\bin\management_ext.dll
Event: 8.918 Loaded shared library C:\Program Files\Java\jdk-21\bin\extnet.dll
Event: 9.344 Loaded shared library C:\Program Files\Java\jdk-21\bin\sunmscapi.dll

Deoptimization events (20 events):
Event: 25.585 Thread 0x000002bd1602de10 Uncommon trap: trap_request=0xffffff45 fr.pc=0x000002bd70038098 relative=0x0000000000000078
Event: 25.586 Thread 0x000002bd1602de10 Uncommon trap: reason=unstable_if action=reinterpret pc=0x000002bd70038098 method=java.io.WinNTFileSystem.isSlash(C)Z @ 9 c2
Event: 25.586 Thread 0x000002bd1602de10 DEOPT PACKING pc=0x000002bd70038098 sp=0x000000f4694f6f40
Event: 25.675 Thread 0x000002bd1602de10 DEOPT UNPACKING pc=0x000002bd6fab46a2 sp=0x000000f4694f6ec8 mode 2
Event: 25.890 Thread 0x000002bd1602de10 Uncommon trap: trap_request=0xffffffcc fr.pc=0x000002bd7026be04 relative=0x00000000000002c4
Event: 25.890 Thread 0x000002bd1602de10 Uncommon trap: reason=intrinsic_or_type_checked_inlining action=make_not_entrant pc=0x000002bd7026be04 method=java.util.Arrays.copyOfRange([Ljava/lang/Object;IILjava/lang/Class;)[Ljava/lang/Object; @ 84 c2
Event: 25.890 Thread 0x000002bd1602de10 DEOPT PACKING pc=0x000002bd7026be04 sp=0x000000f4694f7600
Event: 25.890 Thread 0x000002bd1602de10 DEOPT UNPACKING pc=0x000002bd6fab46a2 sp=0x000000f4694f75a0 mode 2
Event: 26.433 Thread 0x000002bd16b36ab0 DEOPT PACKING pc=0x000002bd68a9265e sp=0x000000f46a7fd910
Event: 26.433 Thread 0x000002bd16b36ab0 DEOPT UNPACKING pc=0x000002bd6fab4e42 sp=0x000000f46a7fce90 mode 0
Event: 26.687 Thread 0x000002bd16b377d0 Uncommon trap: trap_request=0xffffff45 fr.pc=0x000002bd700be994 relative=0x0000000000000074
Event: 26.687 Thread 0x000002bd16b377d0 Uncommon trap: reason=unstable_if action=reinterpret pc=0x000002bd700be994 method=java.lang.ref.ReferenceQueue.poll()Ljava/lang/ref/Reference; @ 4 c2
Event: 26.687 Thread 0x000002bd16b377d0 DEOPT PACKING pc=0x000002bd700be994 sp=0x000000f46acfd100
Event: 26.687 Thread 0x000002bd16b377d0 DEOPT UNPACKING pc=0x000002bd6fab46a2 sp=0x000000f46acfd090 mode 2
Event: 27.181 Thread 0x000002bd16b35070 DEOPT PACKING pc=0x000002bd68a9265e sp=0x000000f46aafdc90
Event: 27.181 Thread 0x000002bd16b35070 DEOPT UNPACKING pc=0x000002bd6fab4e42 sp=0x000000f46aafd210 mode 0
Event: 27.632 Thread 0x000002bd1602de10 Uncommon trap: trap_request=0xffffff3d fr.pc=0x000002bd701ad17c relative=0x0000000000000cfc
Event: 27.632 Thread 0x000002bd1602de10 Uncommon trap: reason=unstable_fused_if action=reinterpret pc=0x000002bd701ad17c method=org.objectweb.asm.ByteVector.putUTF8(Ljava/lang/String;)Lorg/objectweb/asm/ByteVector; @ 93 c2
Event: 27.632 Thread 0x000002bd1602de10 DEOPT PACKING pc=0x000002bd701ad17c sp=0x000000f4694f44c0
Event: 27.633 Thread 0x000002bd1602de10 DEOPT UNPACKING pc=0x000002bd6fab46a2 sp=0x000000f4694f4418 mode 2

Classes loaded (20 events):
Event: 27.516 Loading class javax/xml/parsers/FactoryFinder
Event: 27.516 Loading class javax/xml/parsers/FactoryFinder done
Event: 27.517 Loading class javax/xml/parsers/FactoryFinder$1
Event: 27.517 Loading class javax/xml/parsers/FactoryFinder$1 done
Event: 27.518 Loading class com/sun/org/apache/xerces/internal/jaxp/DocumentBuilderFactoryImpl
Event: 27.519 Loading class com/sun/org/apache/xerces/internal/jaxp/DocumentBuilderFactoryImpl done
Event: 27.520 Loading class com/sun/org/apache/xerces/internal/utils/XMLSecurityManager
Event: 27.520 Loading class com/sun/org/apache/xerces/internal/utils/XMLSecurityManager done
Event: 27.520 Loading class com/sun/org/apache/xerces/internal/utils/XMLSecurityManager$Limit
Event: 27.521 Loading class com/sun/org/apache/xerces/internal/utils/XMLSecurityManager$Limit done
Event: 27.521 Loading class com/sun/org/apache/xerces/internal/utils/XMLSecurityManager$NameMap
Event: 27.522 Loading class com/sun/org/apache/xerces/internal/utils/XMLSecurityManager$NameMap done
Event: 27.522 Loading class com/sun/org/apache/xerces/internal/utils/XMLSecurityPropertyManager
Event: 27.522 Loading class com/sun/org/apache/xerces/internal/utils/XMLSecurityPropertyManager done
Event: 27.522 Loading class com/sun/org/apache/xerces/internal/utils/XMLSecurityPropertyManager$State
Event: 27.522 Loading class com/sun/org/apache/xerces/internal/utils/XMLSecurityPropertyManager$State done
Event: 27.522 Loading class com/sun/org/apache/xerces/internal/utils/XMLSecurityPropertyManager$Property
Event: 27.523 Loading class com/sun/org/apache/xerces/internal/utils/XMLSecurityPropertyManager$Property done
Event: 27.777 Loading class java/util/regex/Pattern$SliceI
Event: 27.780 Loading class java/util/regex/Pattern$SliceI done

Classes unloaded (0 events):
No events

Classes redefined (0 events):
No events

Internal exceptions (20 events):
Event: 22.570 Thread 0x000002bd1602de10 Exception <a 'java/lang/NoSuchMethodError'{0x00000000e9d4eee8}: 'java.lang.Object java.lang.invoke.DirectMethodHandle$Holder.newInvokeSpecial(java.lang.Object, java.lang.Object, java.lang.Object, java.lang.Object, java.lang.Object, java.lang.Object, java.lang.Object, java.lang.Object, java.lang.Object, java.lang.Object, java.lang.Object, java.lang.Object, java.lang.Object)'> (0x00000000e9d4eee8) 
thrown [s\open\src\hotspot\share\interpreter\linkResolver.cpp, line 773]
Event: 22.614 Thread 0x000002bd1602de10 Exception <a 'java/lang/NoSuchMethodError'{0x00000000e9dd4518}: 'java.lang.Object java.lang.invoke.DirectMethodHandle$Holder.newInvokeSpecial(java.lang.Object, java.lang.Object, java.lang.Object, java.lang.Object, int)'> (0x00000000e9dd4518) 
thrown [s\open\src\hotspot\share\interpreter\linkResolver.cpp, line 773]
Event: 22.614 Thread 0x000002bd1602de10 Exception <a 'java/lang/NoSuchMethodError'{0x00000000e9dd92c0}: 'java.lang.Object java.lang.invoke.DirectMethodHandle$Holder.invokeSpecial(java.lang.Object, java.lang.Object, java.lang.Object, java.lang.Object, java.lang.Object, int)'> (0x00000000e9dd92c0) 
thrown [s\open\src\hotspot\share\interpreter\linkResolver.cpp, line 773]
Event: 22.616 Thread 0x000002bd1602de10 Exception <a 'java/lang/NoSuchMethodError'{0x00000000e9ddda30}: 'java.lang.Object java.lang.invoke.Invokers$Holder.linkToTargetMethod(java.lang.Object, java.lang.Object, java.lang.Object, int, java.lang.Object)'> (0x00000000e9ddda30) 
thrown [s\open\src\hotspot\share\interpreter\linkResolver.cpp, line 773]
Event: 22.801 Thread 0x000002bd1602de10 Exception <a 'java/lang/NoSuchMethodError'{0x00000000e9b82cb8}: 'int java.lang.invoke.DirectMethodHandle$Holder.invokeInterface(java.lang.Object, java.lang.Object, java.lang.Object, java.lang.Object)'> (0x00000000e9b82cb8) 
thrown [s\open\src\hotspot\share\interpreter\linkResolver.cpp, line 773]
Event: 22.951 Thread 0x000002bd1602de10 Exception <a 'java/lang/NoSuchMethodError'{0x00000000eff8a178}: 'java.lang.Object java.lang.invoke.DirectMethodHandle$Holder.newInvokeSpecial(java.lang.Object, java.lang.Object, java.lang.Object, java.lang.Object, java.lang.Object, java.lang.Object, java.lang.Object, java.lang.Object, java.lang.Object, java.lang.Object, java.lang.Object, java.lang.Object, java.lang.Object, java.lang.Object, java.lang.Object, java.lang.Object, java.lang.Object, java.lang.Object, java.lang.Object, java.lang.Object, java.lang
Event: 22.953 Thread 0x000002bd1602de10 Exception <a 'java/lang/NoSuchMethodError'{0x00000000effd5c88}: 'java.lang.Object java.lang.invoke.DirectMethodHandle$Holder.invokeSpecial(java.lang.Object, java.lang.Object, java.lang.Object, java.lang.Object, java.lang.Object, java.lang.Object, java.lang.Object, java.lang.Object, java.lang.Object, java.lang.Object, java.lang.Object, java.lang.Object, java.lang.Object, java.lang.Object, java.lang.Object, java.lang.Object, java.lang.Object, java.lang.Object, java.lang.Object, java.lang.Object, java.lang.Ob
Event: 22.953 Thread 0x000002bd1602de10 Exception <a 'java/lang/NoSuchMethodError'{0x00000000effdbf58}: 'java.lang.Object java.lang.invoke.DelegatingMethodHandle$Holder.reinvoke_L(java.lang.Object, java.lang.Object, java.lang.Object, java.lang.Object, java.lang.Object, java.lang.Object, java.lang.Object, java.lang.Object, java.lang.Object, java.lang.Object, java.lang.Object, java.lang.Object, java.lang.Object, java.lang.Object, java.lang.Object, java.lang.Object, java.lang.Object, java.lang.Object, java.lang.Object, java.lang.Object, java.lang.O
Event: 23.586 Thread 0x000002bd1602de10 Exception <a 'java/lang/NoSuchMethodError'{0x00000000ef320420}: 'java.lang.Object java.lang.invoke.DirectMethodHandle$Holder.newInvokeSpecial(java.lang.Object, int, java.lang.Object)'> (0x00000000ef320420) 
thrown [s\open\src\hotspot\share\interpreter\linkResolver.cpp, line 773]
Event: 24.308 Thread 0x000002bd1602de10 Exception <a 'java/lang/NoSuchMethodError'{0x00000000eeb21170}: 'int java.lang.invoke.DirectMethodHandle$Holder.invokeSpecialIFC(java.lang.Object, java.lang.Object, java.lang.Object)'> (0x00000000eeb21170) 
thrown [s\open\src\hotspot\share\interpreter\linkResolver.cpp, line 773]
Event: 24.704 Thread 0x000002bd1602de10 Exception <a 'java/lang/NoSuchMethodError'{0x00000000ee898c90}: 'java.lang.Object java.lang.invoke.DirectMethodHandle$Holder.newInvokeSpecial(java.lang.Object, java.lang.Object, java.lang.Object, java.lang.Object, java.lang.Object, int)'> (0x00000000ee898c90) 
thrown [s\open\src\hotspot\share\interpreter\linkResolver.cpp, line 773]
Event: 24.705 Thread 0x000002bd1602de10 Exception <a 'java/lang/NoSuchMethodError'{0x00000000ee89dde0}: 'java.lang.Object java.lang.invoke.DirectMethodHandle$Holder.invokeSpecial(java.lang.Object, java.lang.Object, java.lang.Object, java.lang.Object, java.lang.Object, java.lang.Object, int)'> (0x00000000ee89dde0) 
thrown [s\open\src\hotspot\share\interpreter\linkResolver.cpp, line 773]
Event: 24.705 Thread 0x000002bd1602de10 Exception <a 'java/lang/NoSuchMethodError'{0x00000000ee8a28d0}: 'java.lang.Object java.lang.invoke.Invokers$Holder.linkToTargetMethod(java.lang.Object, java.lang.Object, java.lang.Object, java.lang.Object, int, java.lang.Object)'> (0x00000000ee8a28d0) 
thrown [s\open\src\hotspot\share\interpreter\linkResolver.cpp, line 773]
Event: 24.734 Thread 0x000002bd1602de10 Exception <a 'java/lang/NoSuchMethodError'{0x00000000ee8f2048}: 'java.lang.Object java.lang.invoke.DirectMethodHandle$Holder.invokeSpecial(java.lang.Object, java.lang.Object, java.lang.Object, java.lang.Object, java.lang.Object, long)'> (0x00000000ee8f2048) 
thrown [s\open\src\hotspot\share\interpreter\linkResolver.cpp, line 773]
Event: 24.740 Thread 0x000002bd1602de10 Exception <a 'java/lang/NoSuchMethodError'{0x00000000ee718528}: 'void java.lang.invoke.DirectMethodHandle$Holder.invokeStatic(java.lang.Object, java.lang.Object, java.lang.Object, int, java.lang.Object)'> (0x00000000ee718528) 
thrown [s\open\src\hotspot\share\interpreter\linkResolver.cpp, line 773]
Event: 26.569 Thread 0x000002bd1602de10 Exception <a 'java/lang/NoSuchMethodError'{0x00000000edf59c90}: 'java.lang.Object java.lang.invoke.DirectMethodHandle$Holder.newInvokeSpecial(java.lang.Object, java.lang.Object, java.lang.Object, java.lang.Object, int, java.lang.Object)'> (0x00000000edf59c90) 
thrown [s\open\src\hotspot\share\interpreter\linkResolver.cpp, line 773]
Event: 26.569 Thread 0x000002bd1602de10 Exception <a 'java/lang/NoSuchMethodError'{0x00000000edf5ed08}: 'java.lang.Object java.lang.invoke.Invokers$Holder.linkToTargetMethod(java.lang.Object, java.lang.Object, java.lang.Object, int, java.lang.Object, java.lang.Object)'> (0x00000000edf5ed08) 
thrown [s\open\src\hotspot\share\interpreter\linkResolver.cpp, line 773]
Event: 27.533 Thread 0x000002bd1602de10 Exception <a 'java/lang/NoSuchMethodError'{0x00000000ed25c080}: 'java.lang.Object java.lang.invoke.DirectMethodHandle$Holder.newInvokeSpecial(java.lang.Object, java.lang.Object, java.lang.Object, java.lang.Object, java.lang.Object, java.lang.Object, java.lang.Object, java.lang.Object, java.lang.Object, java.lang.Object, java.lang.Object, java.lang.Object, java.lang.Object, java.lang.Object, java.lang.Object, java.lang.Object)'> (0x00000000ed25c080) 
thrown [s\open\src\hotspot\share\interpreter\linkResolver
Event: 27.539 Thread 0x000002bd1602de10 Exception <a 'java/lang/NoSuchMethodError'{0x00000000ed262d88}: 'java.lang.Object java.lang.invoke.DirectMethodHandle$Holder.invokeSpecial(java.lang.Object, java.lang.Object, java.lang.Object, java.lang.Object, java.lang.Object, java.lang.Object, java.lang.Object, java.lang.Object, java.lang.Object, java.lang.Object, java.lang.Object, java.lang.Object, java.lang.Object, java.lang.Object, java.lang.Object, java.lang.Object, java.lang.Object)'> (0x00000000ed262d88) 
thrown [s\open\src\hotspot\share\interpret
Event: 27.540 Thread 0x000002bd1602de10 Exception <a 'java/lang/NoSuchMethodError'{0x00000000ed268920}: 'java.lang.Object java.lang.invoke.DelegatingMethodHandle$Holder.reinvoke_L(java.lang.Object, java.lang.Object, java.lang.Object, java.lang.Object, java.lang.Object, java.lang.Object, java.lang.Object, java.lang.Object, java.lang.Object, java.lang.Object, java.lang.Object, java.lang.Object, java.lang.Object, java.lang.Object, java.lang.Object, java.lang.Object)'> (0x00000000ed268920) 
thrown [s\open\src\hotspot\share\interpreter\linkResolver.c

ZGC Phase Switch (0 events):
No events

VM Operations (20 events):
Event: 21.038 Executing VM operation: HandshakeAllThreads (Deoptimize)
Event: 21.038 Executing VM operation: HandshakeAllThreads (Deoptimize) done
Event: 22.041 Executing VM operation: Cleanup
Event: 22.057 Executing VM operation: Cleanup done
Event: 22.775 Executing VM operation: HandshakeAllThreads (Deoptimize)
Event: 22.775 Executing VM operation: HandshakeAllThreads (Deoptimize) done
Event: 22.799 Executing VM operation: HandshakeAllThreads (Deoptimize)
Event: 22.799 Executing VM operation: HandshakeAllThreads (Deoptimize) done
Event: 22.913 Executing VM operation: G1CollectForAllocation (G1 Evacuation Pause)
Event: 22.936 Executing VM operation: G1CollectForAllocation (G1 Evacuation Pause) done
Event: 23.945 Executing VM operation: Cleanup
Event: 23.948 Executing VM operation: Cleanup done
Event: 24.960 Executing VM operation: Cleanup
Event: 24.961 Executing VM operation: Cleanup done
Event: 25.966 Executing VM operation: Cleanup
Event: 25.966 Executing VM operation: Cleanup done
Event: 26.498 Executing VM operation: HandshakeAllThreads (Deoptimize)
Event: 26.498 Executing VM operation: HandshakeAllThreads (Deoptimize) done
Event: 27.356 Executing VM operation: ICBufferFull
Event: 27.356 Executing VM operation: ICBufferFull done

Events (20 events):
Event: 16.958 Thread 0x000002bd7ab6af50 flushing nmethod 0x000002bd70038190
Event: 16.958 Thread 0x000002bd7ab6af50 flushing nmethod 0x000002bd70037310
Event: 16.958 Thread 0x000002bd7ab6af50 flushing nmethod 0x000002bd70036810
Event: 16.958 Thread 0x000002bd7ab6af50 flushing nmethod 0x000002bd70033c90
Event: 16.958 Thread 0x000002bd7ab6af50 flushing nmethod 0x000002bd70021010
Event: 16.958 Thread 0x000002bd7ab6af50 flushing nmethod 0x000002bd70029210
Event: 16.958 Thread 0x000002bd7ab6af50 flushing nmethod 0x000002bd70010d90
Event: 16.958 Thread 0x000002bd7ab6af50 flushing nmethod 0x000002bd70010910
Event: 16.958 Thread 0x000002bd7ab6af50 flushing nmethod 0x000002bd7000ff90
Event: 16.958 Thread 0x000002bd7ab6af50 flushing nmethod 0x000002bd7000e290
Event: 16.958 Thread 0x000002bd7ab6af50 flushing nmethod 0x000002bd7000a190
Event: 17.996 Thread 0x000002bd1767d970 Thread added: 0x000002bd1767d970
Event: 18.080 Thread 0x000002bd17679140 Thread added: 0x000002bd17679140
Event: 22.118 Thread 0x000002bd16b35d90 Thread added: 0x000002bd16b35d90
Event: 26.355 Thread 0x000002bd16b36ab0 Thread added: 0x000002bd16b36ab0
Event: 26.357 Thread 0x000002bd16b384f0 Thread added: 0x000002bd16b384f0
Event: 26.358 Thread 0x000002bd16b35700 Thread added: 0x000002bd16b35700
Event: 26.612 Thread 0x000002bd16b35070 Thread added: 0x000002bd16b35070
Event: 26.616 Thread 0x000002bd16b37140 Thread added: 0x000002bd16b37140
Event: 26.630 Thread 0x000002bd16b377d0 Thread added: 0x000002bd16b377d0


Dynamic libraries:
0x00007ff64a060000 - 0x00007ff64a070000 	C:\Program Files\Java\jdk-21\bin\java.exe
0x00007ffe68010000 - 0x00007ffe68226000 	C:\WINDOWS\SYSTEM32\ntdll.dll
0x00007ffe66870000 - 0x00007ffe66934000 	C:\WINDOWS\System32\KERNEL32.DLL
0x00007ffe65450000 - 0x00007ffe657f7000 	C:\WINDOWS\System32\KERNELBASE.dll
0x00007ffe65b50000 - 0x00007ffe65c61000 	C:\WINDOWS\System32\ucrtbase.dll
0x00007ffe55be0000 - 0x00007ffe55bf9000 	C:\Program Files\Java\jdk-21\bin\jli.dll
0x00007ffe67a60000 - 0x00007ffe67b12000 	C:\WINDOWS\System32\ADVAPI32.dll
0x00007ffe66a30000 - 0x00007ffe66ad7000 	C:\WINDOWS\System32\msvcrt.dll
0x00007ffe66ae0000 - 0x00007ffe66b88000 	C:\WINDOWS\System32\sechost.dll
0x00007ffe65300000 - 0x00007ffe65328000 	C:\WINDOWS\System32\bcrypt.dll
0x00007ffe66d90000 - 0x00007ffe66ea5000 	C:\WINDOWS\System32\RPCRT4.dll
0x00007ffe66530000 - 0x00007ffe666de000 	C:\WINDOWS\System32\USER32.dll
0x00007ffe659b0000 - 0x00007ffe659d6000 	C:\WINDOWS\System32\win32u.dll
0x00007ffe666e0000 - 0x00007ffe66709000 	C:\WINDOWS\System32\GDI32.dll
0x00007ffe65330000 - 0x00007ffe65449000 	C:\WINDOWS\System32\gdi32full.dll
0x00007ffe65c70000 - 0x00007ffe65d0a000 	C:\WINDOWS\System32\msvcp_win.dll
0x00007ffe555c0000 - 0x00007ffe555db000 	C:\Program Files\Java\jdk-21\bin\VCRUNTIME140.dll
0x00007ffe524c0000 - 0x00007ffe52753000 	C:\WINDOWS\WinSxS\amd64_microsoft.windows.common-controls_6595b64144ccf1df_6.0.22621.3235_none_270f74e173860f98\COMCTL32.dll
0x00007ffe56cc0000 - 0x00007ffe56cca000 	C:\WINDOWS\SYSTEM32\VERSION.dll
0x00007ffe662c0000 - 0x00007ffe662f1000 	C:\WINDOWS\System32\IMM32.DLL
0x00007ffe55dd0000 - 0x00007ffe55ddc000 	C:\Program Files\Java\jdk-21\bin\vcruntime140_1.dll
0x00007ffdec8d0000 - 0x00007ffdec95e000 	C:\Program Files\Java\jdk-21\bin\msvcp140.dll
0x00007ffdb53e0000 - 0x00007ffdb60f7000 	C:\Program Files\Java\jdk-21\bin\server\jvm.dll
0x00007ffe66300000 - 0x00007ffe66371000 	C:\WINDOWS\System32\WS2_32.dll
0x00007ffe651d0000 - 0x00007ffe6521d000 	C:\WINDOWS\SYSTEM32\POWRPROF.dll
0x00007ffe5c030000 - 0x00007ffe5c064000 	C:\WINDOWS\SYSTEM32\WINMM.dll
0x00007ffe651b0000 - 0x00007ffe651c3000 	C:\WINDOWS\SYSTEM32\UMPDC.dll
0x00007ffe64340000 - 0x00007ffe64358000 	C:\WINDOWS\SYSTEM32\kernel.appcore.dll
0x00007ffe55bd0000 - 0x00007ffe55bda000 	C:\Program Files\Java\jdk-21\bin\jimage.dll
0x00007ffe62b10000 - 0x00007ffe62d43000 	C:\WINDOWS\SYSTEM32\DBGHELP.DLL
0x00007ffe65e30000 - 0x00007ffe661b8000 	C:\WINDOWS\System32\combase.dll
0x00007ffe66950000 - 0x00007ffe66a27000 	C:\WINDOWS\System32\OLEAUT32.dll
0x00007ffe40010000 - 0x00007ffe40042000 	C:\WINDOWS\SYSTEM32\dbgcore.DLL
0x00007ffe658c0000 - 0x00007ffe65939000 	C:\WINDOWS\System32\bcryptPrimitives.dll
0x00007ffe555b0000 - 0x00007ffe555bf000 	C:\Program Files\Java\jdk-21\bin\instrument.dll
0x00007ffe55320000 - 0x00007ffe5533f000 	C:\Program Files\Java\jdk-21\bin\java.dll
0x00007ffe67180000 - 0x00007ffe679dc000 	C:\WINDOWS\System32\SHELL32.dll
0x00007ffe63260000 - 0x00007ffe63b59000 	C:\WINDOWS\SYSTEM32\windows.storage.dll
0x00007ffe63120000 - 0x00007ffe6325e000 	C:\WINDOWS\SYSTEM32\wintypes.dll
0x00007ffe65d30000 - 0x00007ffe65e23000 	C:\WINDOWS\System32\SHCORE.dll
0x00007ffe66fb0000 - 0x00007ffe6700e000 	C:\WINDOWS\System32\shlwapi.dll
0x00007ffe65230000 - 0x00007ffe65251000 	C:\WINDOWS\SYSTEM32\profapi.dll
0x00007ffde4d80000 - 0x00007ffde4e57000 	C:\Program Files\Java\jdk-21\bin\jsvml.dll
0x00007ffe552c0000 - 0x00007ffe552d8000 	C:\Program Files\Java\jdk-21\bin\zip.dll
0x00007ffe55310000 - 0x00007ffe55320000 	C:\Program Files\Java\jdk-21\bin\net.dll
0x00007ffe5bea0000 - 0x00007ffe5bfd6000 	C:\WINDOWS\SYSTEM32\WINHTTP.dll
0x00007ffe647b0000 - 0x00007ffe64819000 	C:\WINDOWS\system32\mswsock.dll
0x00007ffe53cb0000 - 0x00007ffe53cc6000 	C:\Program Files\Java\jdk-21\bin\nio.dll
0x00007ffe552b0000 - 0x00007ffe552c0000 	C:\Program Files\Java\jdk-21\bin\verify.dll
0x00007ffe55df0000 - 0x00007ffe55e17000 	C:\Users\kylie\.gradle\native\c067742578af261105cb4f569cf0c3c89f3d7b1fecec35dd04571415982c5e48\windows-amd64\native-platform.dll
0x00007ffddd950000 - 0x00007ffddda94000 	C:\Users\kylie\.gradle\native\38dada09dfb8b06ba9b0570ebf7e218e3eb74d4ef43ca46872605cf95ebc2f47\windows-amd64\native-platform-file-events.dll
0x00007ffe551a0000 - 0x00007ffe551aa000 	C:\Program Files\Java\jdk-21\bin\management.dll
0x00007ffe55100000 - 0x00007ffe5510b000 	C:\Program Files\Java\jdk-21\bin\management_ext.dll
0x00007ffe65d10000 - 0x00007ffe65d18000 	C:\WINDOWS\System32\PSAPI.DLL
0x00007ffe64a10000 - 0x00007ffe64a2b000 	C:\WINDOWS\SYSTEM32\CRYPTSP.dll
0x00007ffe642a0000 - 0x00007ffe642d5000 	C:\WINDOWS\system32\rsaenh.dll
0x00007ffe648b0000 - 0x00007ffe648d8000 	C:\WINDOWS\SYSTEM32\USERENV.dll
0x00007ffe64a30000 - 0x00007ffe64a3c000 	C:\WINDOWS\SYSTEM32\CRYPTBASE.dll
0x00007ffe63dc0000 - 0x00007ffe63ded000 	C:\WINDOWS\SYSTEM32\IPHLPAPI.DLL
0x00007ffe66940000 - 0x00007ffe66949000 	C:\WINDOWS\System32\NSI.dll
0x00007ffe53ca0000 - 0x00007ffe53ca9000 	C:\Program Files\Java\jdk-21\bin\extnet.dll
0x00007ffe53c90000 - 0x00007ffe53c9e000 	C:\Program Files\Java\jdk-21\bin\sunmscapi.dll
0x00007ffe659e0000 - 0x00007ffe65b47000 	C:\WINDOWS\System32\CRYPT32.dll
0x00007ffe64bd0000 - 0x00007ffe64bfe000 	C:\WINDOWS\SYSTEM32\ncrypt.dll
0x00007ffe64b90000 - 0x00007ffe64bc7000 	C:\WINDOWS\SYSTEM32\NTASN1.dll
0x00007ffe55cc0000 - 0x00007ffe55cc8000 	C:\WINDOWS\system32\wshunix.dll

dbghelp: loaded successfully - version: 4.0.5 - missing functions: none
symbol engine: initialized successfully - sym options: 0x614 - pdb path: .;C:\Program Files\Java\jdk-21\bin;C:\WINDOWS\SYSTEM32;C:\WINDOWS\WinSxS\amd64_microsoft.windows.common-controls_6595b64144ccf1df_6.0.22621.3235_none_270f74e173860f98;C:\Program Files\Java\jdk-21\bin\server;C:\Users\kylie\.gradle\native\c067742578af261105cb4f569cf0c3c89f3d7b1fecec35dd04571415982c5e48\windows-amd64;C:\Users\kylie\.gradle\native\38dada09dfb8b06ba9b0570ebf7e218e3eb74d4ef43ca46872605cf95ebc2f47\windows-amd64

VM Arguments:
jvm_args: --add-opens=java.base/java.util=ALL-UNNAMED --add-opens=java.base/java.lang=ALL-UNNAMED --add-opens=java.base/java.lang.invoke=ALL-UNNAMED --add-opens=java.prefs/java.util.prefs=ALL-UNNAMED --add-opens=java.base/java.nio.charset=ALL-UNNAMED --add-opens=java.base/java.net=ALL-UNNAMED --add-opens=java.base/java.util.concurrent.atomic=ALL-UNNAMED -XX:MaxMetaspaceSize=384m -XX:+HeapDumpOnOutOfMemoryError -Xms256m -Xmx512m -Dfile.encoding=windows-1252 -Duser.country=US -Duser.language=en -Duser.variant -javaagent:C:\Users\kylie\.gradle\wrapper\dists\gradle-8.7-bin\bhs2wmbdwecv87pi65oeuq5iu\gradle-8.7\lib\agents\gradle-instrumentation-agent-8.7.jar 
java_command: org.gradle.launcher.daemon.bootstrap.GradleDaemon 8.7
java_class_path (initial): C:\Users\kylie\.gradle\wrapper\dists\gradle-8.7-bin\bhs2wmbdwecv87pi65oeuq5iu\gradle-8.7\lib\gradle-launcher-8.7.jar
Launcher Type: SUN_STANDARD

[Global flags]
     intx CICompilerCount                          = 3                                         {product} {ergonomic}
   size_t CompressedClassSpaceSize                 = 335544320                                 {product} {ergonomic}
     uint ConcGCThreads                            = 1                                         {product} {ergonomic}
     uint G1ConcRefinementThreads                  = 4                                         {product} {ergonomic}
   size_t G1HeapRegionSize                         = 1048576                                   {product} {ergonomic}
    uintx GCDrainStackTargetSize                   = 64                                        {product} {ergonomic}
     bool HeapDumpOnOutOfMemoryError               = true                                   {manageable} {command line}
   size_t InitialHeapSize                          = 268435456                                 {product} {command line}
   size_t MarkStackSize                            = 4194304                                   {product} {ergonomic}
   size_t MaxHeapSize                              = 536870912                                 {product} {command line}
   size_t MaxMetaspaceSize                         = 402653184                                 {product} {command line}
   size_t MaxNewSize                               = 321912832                                 {product} {ergonomic}
   size_t MinHeapDeltaBytes                        = 1048576                                   {product} {ergonomic}
   size_t MinHeapSize                              = 268435456                                 {product} {command line}
    uintx NonNMethodCodeHeapSize                   = 5832780                                {pd product} {ergonomic}
    uintx NonProfiledCodeHeapSize                  = 122912730                              {pd product} {ergonomic}
    uintx ProfiledCodeHeapSize                     = 122912730                              {pd product} {ergonomic}
    uintx ReservedCodeCacheSize                    = 251658240                              {pd product} {ergonomic}
     bool SegmentedCodeCache                       = true                                      {product} {ergonomic}
   size_t SoftMaxHeapSize                          = 536870912                              {manageable} {ergonomic}
     bool UseCompressedOops                        = true                           {product lp64_product} {ergonomic}
     bool UseG1GC                                  = true                                      {product} {ergonomic}
     bool UseLargePagesIndividualAllocation        = false                                  {pd product} {ergonomic}

Logging:
Log output configuration:
 #0: stdout all=warning uptime,level,tags foldmultilines=false
 #1: stderr all=off uptime,level,tags foldmultilines=false

Environment Variables:
PATH=C:\Python312\Scripts\;C:\Python312\;C:\Program Files\Common Files\Oracle\Java\javapath;C:\Program Files (x86)\Common Files\Oracle\Java\javapath;C:\Users\kylie\Downloads\gvim90\vim\vim90;C:\WINDOWS\system32;C:\WINDOWS;C:\WINDOWS\System32\Wbem;C:\WINDOWS\System32\WindowsPowerShell\v1.0\;C:\WINDOWS\System32\OpenSSH\;C:\Program Files (x86)\dotnet\;C:\Program Files\dotnet\;C:\Users\kylie\AppData\Local\Packages\PythonSoftwareFoundation.Python.3.8_qbz5n2kfra8p0\LocalCache\local-packages\Python38\Scripts;C:\Users\kylie\AppData\Local\Programs\Python\Python311\Scripts;C:\Program Files\Git\mingw64\bin;C:\Program Files\Git\cmd;C:\Users\kylie\AppData\Roaming\nvm;C:\Program Files\nodejs;C:\ProgramData\chocolatey\bin;C:\Program Files\PuTTY\;C:\Program Files\PowerShell\7\;C:\Program Files\PostgreSQL\16\bin;C:\Program Files (x86)\Windows Kits\10\Windows Performance Toolkit\;C:\Program Files\nodejs\;C:\Users\kylie\.cargo\bin;C:\Users\kylie\AppData\Local\Programs\Python\Python36\Scripts\;C:\Users\kylie\AppData\Local\Programs\Python\Python36\;C:\Users\kylie\AppData\Local\Programs\Python\Python311\Scripts\;C:\Users\kylie\AppData\Local\Programs\Python\Python311\;C:\src\flutter\bin;C:\Users\kylie\AppData\Local\Microsoft\WindowsApps;C:\Users\kylie\AppData\Local\Programs\Microsoft VS Code\bin;C:\Program Files\JetBrains\IntelliJ IDEA Community Edition 2022.3.2\bin;;C:\Users\kylie\AppData\Roaming\nvm;C:\Program Files\nodejs;C:\src\Android Studio\jbr\bin\keytool;;C:\Program Files\JetBrains\IntelliJ IDEA 2023.3.4\bin;;C:\Users\kylie\AppData\Roaming\npm
USERNAME=kylie
OS=Windows_NT
PROCESSOR_IDENTIFIER=Intel64 Family 6 Model 142 Stepping 12, GenuineIntel
TMP=C:\Users\kylie\AppData\Local\Temp
TEMP=C:\Users\kylie\AppData\Local\Temp




Periodic native trim disabled

---------------  S Y S T E M  ---------------

OS:
 Windows 11 , 64 bit Build 22621 (10.0.22621.3374)
OS uptime: 4 days 21:22 hours

CPU: total 4 (initial active 4) (2 cores per cpu, 2 threads per core) family 6 model 142 stepping 12 microcode 0xde, cx8, cmov, fxsr, ht, mmx, 3dnowpref, sse, sse2, sse3, ssse3, sse4.1, sse4.2, popcnt, lzcnt, tsc, tscinvbit, avx, avx2, aes, erms, clmul, bmi1, bmi2, adx, fma, vzeroupper, clflush, clflushopt, rdtscp, f16c
Processor Information for all 4 processors :
  Max Mhz: 2304, Current Mhz: 2103, Mhz Limit: 2096

Memory: 4k page, system-wide physical 3948M (40M free)
TotalPageFile size 16236M (AvailPageFile size 4M)
current process WorkingSet (physical memory assigned to process): 231M, peak: 272M
current process commit charge ("private bytes"): 452M, peak: 453M

vm_info: Java HotSpot(TM) 64-Bit Server VM (21.0.2+13-LTS-58) for windows-amd64 JRE (21.0.2+13-LTS-58), built on 2024-01-05T18:32:24Z by "mach5one" with MS VC++ 17.1 (VS2022)

END.
