#
# There is insufficient memory for the Java Runtime Environment to continue.
# Native memory allocation (malloc) failed to allocate 910576 bytes for Chunk::new
# Possible reasons:
#   The system is out of physical RAM or swap space
#   The process is running with CompressedOops enabled, and the Java Heap may be blocking the growth of the native heap
# Possible solutions:
#   Reduce memory load on the system
#   Increase physical memory or swap space
#   Check if swap backing store is full
#   Decrease Java heap size (-Xmx/-Xms)
#   Decrease number of Java threads
#   Decrease Java thread stack sizes (-Xss)
#   Set larger code cache with -XX:ReservedCodeCacheSize=
#   JVM is running with Unscaled Compressed Oops mode in which the Java heap is
#     placed in the first 4GB address space. The Java Heap base address is the
#     maximum limit for the native heap growth. Please use -XX:HeapBaseMinAddress
#     to set the Java Heap base and to place the Java Heap above 4GB virtual address.
# This output file may be truncated or incomplete.
#
#  Out of Memory Error (arena.cpp:168), pid=23884, tid=25060
#
# JRE version: Java(TM) SE Runtime Environment (21.0.2+13) (build 21.0.2+13-LTS-58)
# Java VM: Java HotSpot(TM) 64-Bit Server VM (21.0.2+13-LTS-58, mixed mode, sharing, tiered, compressed oops, compressed class ptrs, g1 gc, windows-amd64)
# No core dump will be written. Minidumps are not enabled by default on client versions of Windows
#

---------------  S U M M A R Y ------------

Command Line: --add-opens=java.base/java.util=ALL-UNNAMED --add-opens=java.base/java.lang=ALL-UNNAMED --add-opens=java.base/java.lang.invoke=ALL-UNNAMED --add-opens=java.prefs/java.util.prefs=ALL-UNNAMED --add-opens=java.base/java.nio.charset=ALL-UNNAMED --add-opens=java.base/java.net=ALL-UNNAMED --add-opens=java.base/java.util.concurrent.atomic=ALL-UNNAMED -XX:MaxMetaspaceSize=384m -XX:+HeapDumpOnOutOfMemoryError -Xms256m -Xmx512m -Dfile.encoding=windows-1252 -Duser.country=US -Duser.language=en -Duser.variant -javaagent:C:\Users\kylie\.gradle\wrapper\dists\gradle-8.7-bin\bhs2wmbdwecv87pi65oeuq5iu\gradle-8.7\lib\agents\gradle-instrumentation-agent-8.7.jar org.gradle.launcher.daemon.bootstrap.GradleDaemon 8.7

Host: Intel(R) Core(TM) i3-8145U CPU @ 2.10GHz, 4 cores, 3G,  Windows 11 , 64 bit Build 22621 (10.0.22621.3374)
Time: Wed Apr 17 19:44:17 2024 SE Asia Standard Time elapsed time: 18.990691 seconds (0d 0h 0m 18s)

---------------  T H R E A D  ---------------

Current thread (0x00000223d2a45990):  JavaThread "C2 CompilerThread0" daemon [_thread_in_native, id=25060, stack(0x000000efaba00000,0x000000efabb00000) (1024K)]


Current CompileTask:
C2:  18991 4176       4       java.util.regex.Pattern::compile (537 bytes)

Stack: [0x000000efaba00000,0x000000efabb00000]
Native frames: (J=compiled Java code, j=interpreted, Vv=VM code, C=native code)
V  [jvm.dll+0x6cade9]
V  [jvm.dll+0x8569c1]
V  [jvm.dll+0x858d2e]
V  [jvm.dll+0x859413]
V  [jvm.dll+0x280e56]
V  [jvm.dll+0xc3f3d]
V  [jvm.dll+0xc4473]
V  [jvm.dll+0x3b5bf2]
V  [jvm.dll+0x382855]
V  [jvm.dll+0x381cca]
V  [jvm.dll+0x249bd0]
V  [jvm.dll+0x2491b1]
V  [jvm.dll+0x1c9634]
V  [jvm.dll+0x258859]
V  [jvm.dll+0x256e3a]
V  [jvm.dll+0x3ef6c6]
V  [jvm.dll+0x7ff568]
V  [jvm.dll+0x6c953d]
C  [ucrtbase.dll+0x29333]
C  [KERNEL32.DLL+0x1257d]
C  [ntdll.dll+0x5aa48]


---------------  P R O C E S S  ---------------

Threads class SMR info:
_java_thread_list=0x00000223edb6f1d0, length=33, elements={
0x00000223b86b9f90, 0x00000223d2a2b860, 0x00000223d2a2c440, 0x00000223d2a2f150,
0x00000223d2a36030, 0x00000223d2a338d0, 0x00000223d2a33f60, 0x00000223d2a45990,
0x00000223d2a46040, 0x00000223d2a359a0, 0x00000223d2a32bb0, 0x00000223d2a34c80,
0x00000223d2a33240, 0x00000223d2a35310, 0x00000223ed1c55d0, 0x00000223ed1c4f40,
0x00000223ed1c0080, 0x00000223ed1c76a0, 0x00000223ed1c2150, 0x00000223ed1c2e70,
0x00000223ed1c0710, 0x00000223ed1c62f0, 0x00000223ed1c6980, 0x00000223ed1c27e0,
0x00000223ed1c0da0, 0x00000223ed1c7010, 0x00000223ed1c4220, 0x00000223ed1c1430,
0x00000223ed1c1ac0, 0x00000223ed1c3b90, 0x00000223ec85f620, 0x00000223ec85e900,
0x00000223ec860340
}

Java Threads: ( => current thread )
  0x00000223b86b9f90 JavaThread "main"                              [_thread_blocked, id=14580, stack(0x000000efaac00000,0x000000efaad00000) (1024K)]
  0x00000223d2a2b860 JavaThread "Reference Handler"          daemon [_thread_blocked, id=5836, stack(0x000000efab400000,0x000000efab500000) (1024K)]
  0x00000223d2a2c440 JavaThread "Finalizer"                  daemon [_thread_blocked, id=2948, stack(0x000000efab500000,0x000000efab600000) (1024K)]
  0x00000223d2a2f150 JavaThread "Signal Dispatcher"          daemon [_thread_blocked, id=8556, stack(0x000000efab600000,0x000000efab700000) (1024K)]
  0x00000223d2a36030 JavaThread "Attach Listener"            daemon [_thread_blocked, id=9556, stack(0x000000efab700000,0x000000efab800000) (1024K)]
  0x00000223d2a338d0 JavaThread "Service Thread"             daemon [_thread_blocked, id=15764, stack(0x000000efab800000,0x000000efab900000) (1024K)]
  0x00000223d2a33f60 JavaThread "Monitor Deflation Thread"   daemon [_thread_blocked, id=22100, stack(0x000000efab900000,0x000000efaba00000) (1024K)]
=>0x00000223d2a45990 JavaThread "C2 CompilerThread0"         daemon [_thread_in_native, id=25060, stack(0x000000efaba00000,0x000000efabb00000) (1024K)]
  0x00000223d2a46040 JavaThread "C1 CompilerThread0"         daemon [_thread_blocked, id=16684, stack(0x000000efabb00000,0x000000efabc00000) (1024K)]
  0x00000223d2a359a0 JavaThread "Common-Cleaner"             daemon [_thread_blocked, id=21568, stack(0x000000efabc00000,0x000000efabd00000) (1024K)]
  0x00000223d2a32bb0 JavaThread "Notification Thread"        daemon [_thread_blocked, id=1272, stack(0x000000efabd00000,0x000000efabe00000) (1024K)]
  0x00000223d2a34c80 JavaThread "Daemon health stats"               [_thread_blocked, id=2116, stack(0x000000efac100000,0x000000efac200000) (1024K)]
  0x00000223d2a33240 JavaThread "Incoming local TCP Connector on port 60525"        [_thread_in_native, id=12412, stack(0x000000efac200000,0x000000efac300000) (1024K)]
  0x00000223d2a35310 JavaThread "Daemon periodic checks"            [_thread_blocked, id=23756, stack(0x000000efac300000,0x000000efac400000) (1024K)]
  0x00000223ed1c55d0 JavaThread "Daemon"                            [_thread_blocked, id=23272, stack(0x000000efac400000,0x000000efac500000) (1024K)]
  0x00000223ed1c4f40 JavaThread "Handler for socket connection from /127.0.0.1:60525 to /127.0.0.1:60526"        [_thread_in_native, id=24028, stack(0x000000efac500000,0x000000efac600000) (1024K)]
  0x00000223ed1c0080 JavaThread "Cancel handler"                    [_thread_blocked, id=8520, stack(0x000000efac600000,0x000000efac700000) (1024K)]
  0x00000223ed1c76a0 JavaThread "Daemon worker"                     [_thread_in_vm, id=21372, stack(0x000000efac700000,0x000000efac800000) (1024K)]
  0x00000223ed1c2150 JavaThread "Asynchronous log dispatcher for DefaultDaemonConnection: socket connection from /127.0.0.1:60525 to /127.0.0.1:60526"        [_thread_blocked, id=17612, stack(0x000000efac800000,0x000000efac900000) (1024K)]
  0x00000223ed1c2e70 JavaThread "Stdin handler"                     [_thread_blocked, id=20708, stack(0x000000efac900000,0x000000efaca00000) (1024K)]
  0x00000223ed1c0710 JavaThread "Daemon client event forwarder"        [_thread_blocked, id=1448, stack(0x000000efaca00000,0x000000efacb00000) (1024K)]
  0x00000223ed1c62f0 JavaThread "Cache worker for journal cache (C:\Users\kylie\.gradle\caches\journal-1)"        [_thread_blocked, id=24908, stack(0x000000efacb00000,0x000000efacc00000) (1024K)]
  0x00000223ed1c6980 JavaThread "File lock request listener"        [_thread_in_native, id=25576, stack(0x000000efacc00000,0x000000efacd00000) (1024K)]
  0x00000223ed1c27e0 JavaThread "Cache worker for file hash cache (C:\Users\kylie\.gradle\caches\8.7\fileHashes)"        [_thread_blocked, id=14952, stack(0x000000efacd00000,0x000000eface00000) (1024K)]
  0x00000223ed1c0da0 JavaThread "Cache worker for file hash cache (C:\KuliahS1\SEM4\Adpro\hoomgroom-be-admin\.gradle\8.7\fileHashes)"        [_thread_blocked, id=14600, stack(0x000000eface00000,0x000000efacf00000) (1024K)]
  0x00000223ed1c7010 JavaThread "File watcher server"        daemon [_thread_in_native, id=8372, stack(0x000000efacf00000,0x000000efad000000) (1024K)]
  0x00000223ed1c4220 JavaThread "File watcher consumer"      daemon [_thread_blocked, id=1152, stack(0x000000efad000000,0x000000efad100000) (1024K)]
  0x00000223ed1c1430 JavaThread "Cache worker for checksums cache (C:\KuliahS1\SEM4\Adpro\hoomgroom-be-admin\.gradle\8.7\checksums)"        [_thread_blocked, id=17592, stack(0x000000efad100000,0x000000efad200000) (1024K)]
  0x00000223ed1c1ac0 JavaThread "Cache worker for cache directory md-supplier (C:\Users\kylie\.gradle\caches\8.7\md-supplier)"        [_thread_blocked, id=8304, stack(0x000000efad200000,0x000000efad300000) (1024K)]
  0x00000223ed1c3b90 JavaThread "Cache worker for cache directory md-rule (C:\Users\kylie\.gradle\caches\8.7\md-rule)"        [_thread_blocked, id=19612, stack(0x000000efad300000,0x000000efad400000) (1024K)]
  0x00000223ec85f620 JavaThread "Cache worker for file content cache (C:\Users\kylie\.gradle\caches\8.7\fileContent)"        [_thread_blocked, id=22352, stack(0x000000efad400000,0x000000efad500000) (1024K)]
  0x00000223ec85e900 JavaThread "jar transforms"                    [_thread_blocked, id=15428, stack(0x000000efad500000,0x000000efad600000) (1024K)]
  0x00000223ec860340 JavaThread "jar transforms Thread 2"           [_thread_blocked, id=7732, stack(0x000000efad600000,0x000000efad700000) (1024K)]
Total: 33

Other Threads:
  0x00000223d2a0abc0 VMThread "VM Thread"                           [id=25596, stack(0x000000efab300000,0x000000efab400000) (1024K)]
  0x00000223d29f2360 WatcherThread "VM Periodic Task Thread"        [id=11352, stack(0x000000efab200000,0x000000efab300000) (1024K)]
  0x00000223b86e3da0 WorkerThread "GC Thread#0"                     [id=4320, stack(0x000000efaad00000,0x000000efaae00000) (1024K)]
  0x00000223d2e3d010 WorkerThread "GC Thread#1"                     [id=3804, stack(0x000000efabe00000,0x000000efabf00000) (1024K)]
  0x00000223d2e3d3b0 WorkerThread "GC Thread#2"                     [id=25332, stack(0x000000efabf00000,0x000000efac000000) (1024K)]
  0x00000223ec092a30 WorkerThread "GC Thread#3"                     [id=14636, stack(0x000000efac000000,0x000000efac100000) (1024K)]
  0x00000223b86e8d80 ConcurrentGCThread "G1 Main Marker"            [id=17704, stack(0x000000efaae00000,0x000000efaaf00000) (1024K)]
  0x00000223b86ea1d0 WorkerThread "G1 Conc#0"                       [id=14940, stack(0x000000efaaf00000,0x000000efab000000) (1024K)]
  0x00000223b877d6c0 ConcurrentGCThread "G1 Refine#0"               [id=3556, stack(0x000000efab000000,0x000000efab100000) (1024K)]
  0x00000223b877de40 ConcurrentGCThread "G1 Service"                [id=23776, stack(0x000000efab100000,0x000000efab200000) (1024K)]
Total: 10

Threads with active compile tasks:
C2 CompilerThread0    19046 4176       4       java.util.regex.Pattern::compile (537 bytes)
Total: 1

VM state: not at safepoint (normal execution)

VM Mutex/Monitor currently owned by a thread: None

Heap address: 0x00000000e0000000, size: 512 MB, Compressed Oops mode: 32-bit

CDS archive(s) mapped at: [0x00000223d3000000-0x00000223d3c90000-0x00000223d3c90000), size 13172736, SharedBaseAddress: 0x00000223d3000000, ArchiveRelocationMode: 1.
Compressed class space mapped at: 0x00000223d4000000-0x00000223e8000000, reserved size: 335544320
Narrow klass base: 0x00000223d3000000, Narrow klass shift: 0, Narrow klass range: 0x100000000

GC Precious Log:
 CardTable entry size: 512
 Card Set container configuration: InlinePtr #cards 5 size 8 Array Of Cards #cards 12 size 40 Howl #buckets 4 coarsen threshold 1843 Howl Bitmap #cards 512 size 80 coarsen threshold 460 Card regions per heap region 1 cards per card region 2048
 CPUs: 4 total, 4 available
 Memory: 3948M
 Large Page Support: Disabled
 NUMA Support: Disabled
 Compressed Oops: Enabled (32-bit)
 Heap Region Size: 1M
 Heap Min Capacity: 256M
 Heap Initial Capacity: 256M
 Heap Max Capacity: 512M
 Pre-touch: Disabled
 Parallel Workers: 4
 Concurrent Workers: 1
 Concurrent Refinement Workers: 4
 Periodic GC: Disabled

Heap:
 garbage-first heap   total 262144K, used 52319K [0x00000000e0000000, 0x0000000100000000)
  region size 1024K, 24 young (24576K), 1 survivors (1024K)
 Metaspace       used 35846K, committed 37120K, reserved 393216K
  class space    used 5153K, committed 5760K, reserved 327680K

Heap Regions: E=young(eden), S=young(survivor), O=old, HS=humongous(starts), HC=humongous(continues), CS=collection set, F=free, TAMS=top-at-mark-start, PB=parsable bottom
|   0|0x00000000e0000000, 0x00000000e0100000, 0x00000000e0100000|100%| O|  |TAMS 0x00000000e0000000| PB 0x00000000e0000000| Untracked 
|   1|0x00000000e0100000, 0x00000000e0200000, 0x00000000e0200000|100%|HS|  |TAMS 0x00000000e0100000| PB 0x00000000e0100000| Complete 
|   2|0x00000000e0200000, 0x00000000e0300000, 0x00000000e0300000|100%|HC|  |TAMS 0x00000000e0200000| PB 0x00000000e0200000| Complete 
|   3|0x00000000e0300000, 0x00000000e0400000, 0x00000000e0400000|100%|HC|  |TAMS 0x00000000e0300000| PB 0x00000000e0300000| Complete 
|   4|0x00000000e0400000, 0x00000000e0500000, 0x00000000e0500000|100%|HC|  |TAMS 0x00000000e0400000| PB 0x00000000e0400000| Complete 
|   5|0x00000000e0500000, 0x00000000e0600000, 0x00000000e0600000|100%| O|  |TAMS 0x00000000e0500000| PB 0x00000000e0500000| Untracked 
|   6|0x00000000e0600000, 0x00000000e0600000, 0x00000000e0700000|  0%| F|  |TAMS 0x00000000e0600000| PB 0x00000000e0600000| Untracked 
|   7|0x00000000e0700000, 0x00000000e0800000, 0x00000000e0800000|100%| O|  |TAMS 0x00000000e0700000| PB 0x00000000e0700000| Untracked 
|   8|0x00000000e0800000, 0x00000000e0900000, 0x00000000e0900000|100%| O|  |TAMS 0x00000000e0800000| PB 0x00000000e0800000| Untracked 
|   9|0x00000000e0900000, 0x00000000e0a00000, 0x00000000e0a00000|100%| O|  |TAMS 0x00000000e0900000| PB 0x00000000e0900000| Untracked 
|  10|0x00000000e0a00000, 0x00000000e0b00000, 0x00000000e0b00000|100%| O|  |TAMS 0x00000000e0a00000| PB 0x00000000e0a00000| Untracked 
|  11|0x00000000e0b00000, 0x00000000e0c00000, 0x00000000e0c00000|100%| O|  |TAMS 0x00000000e0b00000| PB 0x00000000e0b00000| Untracked 
|  12|0x00000000e0c00000, 0x00000000e0d00000, 0x00000000e0d00000|100%| O|  |TAMS 0x00000000e0c00000| PB 0x00000000e0c00000| Untracked 
|  13|0x00000000e0d00000, 0x00000000e0e00000, 0x00000000e0e00000|100%| O|  |TAMS 0x00000000e0d00000| PB 0x00000000e0d00000| Untracked 
|  14|0x00000000e0e00000, 0x00000000e0f00000, 0x00000000e0f00000|100%| O|  |TAMS 0x00000000e0e00000| PB 0x00000000e0e00000| Untracked 
|  15|0x00000000e0f00000, 0x00000000e1000000, 0x00000000e1000000|100%| O|Cm|TAMS 0x00000000e0f00000| PB 0x00000000e0f00000| Complete 
|  16|0x00000000e1000000, 0x00000000e1100000, 0x00000000e1100000|100%| O|  |TAMS 0x00000000e1000000| PB 0x00000000e1000000| Untracked 
|  17|0x00000000e1100000, 0x00000000e1200000, 0x00000000e1200000|100%| O|  |TAMS 0x00000000e1100000| PB 0x00000000e1100000| Untracked 
|  18|0x00000000e1200000, 0x00000000e1300000, 0x00000000e1300000|100%| O|  |TAMS 0x00000000e1200000| PB 0x00000000e1200000| Untracked 
|  19|0x00000000e1300000, 0x00000000e1400000, 0x00000000e1400000|100%| O|  |TAMS 0x00000000e1300000| PB 0x00000000e1300000| Untracked 
|  20|0x00000000e1400000, 0x00000000e1500000, 0x00000000e1500000|100%| O|  |TAMS 0x00000000e1400000| PB 0x00000000e1400000| Untracked 
|  21|0x00000000e1500000, 0x00000000e1600000, 0x00000000e1600000|100%| O|  |TAMS 0x00000000e1500000| PB 0x00000000e1500000| Untracked 
|  22|0x00000000e1600000, 0x00000000e1700000, 0x00000000e1700000|100%| O|  |TAMS 0x00000000e1600000| PB 0x00000000e1600000| Untracked 
|  23|0x00000000e1700000, 0x00000000e1800000, 0x00000000e1800000|100%| O|  |TAMS 0x00000000e1700000| PB 0x00000000e1700000| Untracked 
|  24|0x00000000e1800000, 0x00000000e1900000, 0x00000000e1900000|100%| O|  |TAMS 0x00000000e1800000| PB 0x00000000e1800000| Untracked 
|  25|0x00000000e1900000, 0x00000000e1a00000, 0x00000000e1a00000|100%| O|  |TAMS 0x00000000e1900000| PB 0x00000000e1900000| Untracked 
|  26|0x00000000e1a00000, 0x00000000e1b00000, 0x00000000e1b00000|100%| O|  |TAMS 0x00000000e1a00000| PB 0x00000000e1a00000| Untracked 
|  27|0x00000000e1b00000, 0x00000000e1c00000, 0x00000000e1c00000|100%| O|  |TAMS 0x00000000e1b00000| PB 0x00000000e1b00000| Untracked 
|  28|0x00000000e1c00000, 0x00000000e1d00000, 0x00000000e1d00000|100%| O|  |TAMS 0x00000000e1c00000| PB 0x00000000e1c00000| Untracked 
|  29|0x00000000e1d00000, 0x00000000e1d504b0, 0x00000000e1e00000| 31%| O|  |TAMS 0x00000000e1d00000| PB 0x00000000e1d00000| Untracked 
|  30|0x00000000e1e00000, 0x00000000e1e00000, 0x00000000e1f00000|  0%| F|  |TAMS 0x00000000e1e00000| PB 0x00000000e1e00000| Untracked 
|  31|0x00000000e1f00000, 0x00000000e1f00000, 0x00000000e2000000|  0%| F|  |TAMS 0x00000000e1f00000| PB 0x00000000e1f00000| Untracked 
|  32|0x00000000e2000000, 0x00000000e2000000, 0x00000000e2100000|  0%| F|  |TAMS 0x00000000e2000000| PB 0x00000000e2000000| Untracked 
|  33|0x00000000e2100000, 0x00000000e2100000, 0x00000000e2200000|  0%| F|  |TAMS 0x00000000e2100000| PB 0x00000000e2100000| Untracked 
|  34|0x00000000e2200000, 0x00000000e2200000, 0x00000000e2300000|  0%| F|  |TAMS 0x00000000e2200000| PB 0x00000000e2200000| Untracked 
|  35|0x00000000e2300000, 0x00000000e2300000, 0x00000000e2400000|  0%| F|  |TAMS 0x00000000e2300000| PB 0x00000000e2300000| Untracked 
|  36|0x00000000e2400000, 0x00000000e2400000, 0x00000000e2500000|  0%| F|  |TAMS 0x00000000e2400000| PB 0x00000000e2400000| Untracked 
|  37|0x00000000e2500000, 0x00000000e2500000, 0x00000000e2600000|  0%| F|  |TAMS 0x00000000e2500000| PB 0x00000000e2500000| Untracked 
|  38|0x00000000e2600000, 0x00000000e2600000, 0x00000000e2700000|  0%| F|  |TAMS 0x00000000e2600000| PB 0x00000000e2600000| Untracked 
|  39|0x00000000e2700000, 0x00000000e2700000, 0x00000000e2800000|  0%| F|  |TAMS 0x00000000e2700000| PB 0x00000000e2700000| Untracked 
|  40|0x00000000e2800000, 0x00000000e2800000, 0x00000000e2900000|  0%| F|  |TAMS 0x00000000e2800000| PB 0x00000000e2800000| Untracked 
|  41|0x00000000e2900000, 0x00000000e2900000, 0x00000000e2a00000|  0%| F|  |TAMS 0x00000000e2900000| PB 0x00000000e2900000| Untracked 
|  42|0x00000000e2a00000, 0x00000000e2a00000, 0x00000000e2b00000|  0%| F|  |TAMS 0x00000000e2a00000| PB 0x00000000e2a00000| Untracked 
|  43|0x00000000e2b00000, 0x00000000e2b00000, 0x00000000e2c00000|  0%| F|  |TAMS 0x00000000e2b00000| PB 0x00000000e2b00000| Untracked 
|  44|0x00000000e2c00000, 0x00000000e2c00000, 0x00000000e2d00000|  0%| F|  |TAMS 0x00000000e2c00000| PB 0x00000000e2c00000| Untracked 
|  45|0x00000000e2d00000, 0x00000000e2d00000, 0x00000000e2e00000|  0%| F|  |TAMS 0x00000000e2d00000| PB 0x00000000e2d00000| Untracked 
|  46|0x00000000e2e00000, 0x00000000e2e00000, 0x00000000e2f00000|  0%| F|  |TAMS 0x00000000e2e00000| PB 0x00000000e2e00000| Untracked 
|  47|0x00000000e2f00000, 0x00000000e2f00000, 0x00000000e3000000|  0%| F|  |TAMS 0x00000000e2f00000| PB 0x00000000e2f00000| Untracked 
|  48|0x00000000e3000000, 0x00000000e3000000, 0x00000000e3100000|  0%| F|  |TAMS 0x00000000e3000000| PB 0x00000000e3000000| Untracked 
|  49|0x00000000e3100000, 0x00000000e3100000, 0x00000000e3200000|  0%| F|  |TAMS 0x00000000e3100000| PB 0x00000000e3100000| Untracked 
|  50|0x00000000e3200000, 0x00000000e3200000, 0x00000000e3300000|  0%| F|  |TAMS 0x00000000e3200000| PB 0x00000000e3200000| Untracked 
|  51|0x00000000e3300000, 0x00000000e3300000, 0x00000000e3400000|  0%| F|  |TAMS 0x00000000e3300000| PB 0x00000000e3300000| Untracked 
|  52|0x00000000e3400000, 0x00000000e3400000, 0x00000000e3500000|  0%| F|  |TAMS 0x00000000e3400000| PB 0x00000000e3400000| Untracked 
|  53|0x00000000e3500000, 0x00000000e3500000, 0x00000000e3600000|  0%| F|  |TAMS 0x00000000e3500000| PB 0x00000000e3500000| Untracked 
|  54|0x00000000e3600000, 0x00000000e3600000, 0x00000000e3700000|  0%| F|  |TAMS 0x00000000e3600000| PB 0x00000000e3600000| Untracked 
|  55|0x00000000e3700000, 0x00000000e3700000, 0x00000000e3800000|  0%| F|  |TAMS 0x00000000e3700000| PB 0x00000000e3700000| Untracked 
|  56|0x00000000e3800000, 0x00000000e3800000, 0x00000000e3900000|  0%| F|  |TAMS 0x00000000e3800000| PB 0x00000000e3800000| Untracked 
|  57|0x00000000e3900000, 0x00000000e3900000, 0x00000000e3a00000|  0%| F|  |TAMS 0x00000000e3900000| PB 0x00000000e3900000| Untracked 
|  58|0x00000000e3a00000, 0x00000000e3a00000, 0x00000000e3b00000|  0%| F|  |TAMS 0x00000000e3a00000| PB 0x00000000e3a00000| Untracked 
|  59|0x00000000e3b00000, 0x00000000e3b00000, 0x00000000e3c00000|  0%| F|  |TAMS 0x00000000e3b00000| PB 0x00000000e3b00000| Untracked 
|  60|0x00000000e3c00000, 0x00000000e3c00000, 0x00000000e3d00000|  0%| F|  |TAMS 0x00000000e3c00000| PB 0x00000000e3c00000| Untracked 
|  61|0x00000000e3d00000, 0x00000000e3d00000, 0x00000000e3e00000|  0%| F|  |TAMS 0x00000000e3d00000| PB 0x00000000e3d00000| Untracked 
|  62|0x00000000e3e00000, 0x00000000e3e00000, 0x00000000e3f00000|  0%| F|  |TAMS 0x00000000e3e00000| PB 0x00000000e3e00000| Untracked 
|  63|0x00000000e3f00000, 0x00000000e3f00000, 0x00000000e4000000|  0%| F|  |TAMS 0x00000000e3f00000| PB 0x00000000e3f00000| Untracked 
|  64|0x00000000e4000000, 0x00000000e4000000, 0x00000000e4100000|  0%| F|  |TAMS 0x00000000e4000000| PB 0x00000000e4000000| Untracked 
|  65|0x00000000e4100000, 0x00000000e4100000, 0x00000000e4200000|  0%| F|  |TAMS 0x00000000e4100000| PB 0x00000000e4100000| Untracked 
|  66|0x00000000e4200000, 0x00000000e4200000, 0x00000000e4300000|  0%| F|  |TAMS 0x00000000e4200000| PB 0x00000000e4200000| Untracked 
|  67|0x00000000e4300000, 0x00000000e4300000, 0x00000000e4400000|  0%| F|  |TAMS 0x00000000e4300000| PB 0x00000000e4300000| Untracked 
|  68|0x00000000e4400000, 0x00000000e4400000, 0x00000000e4500000|  0%| F|  |TAMS 0x00000000e4400000| PB 0x00000000e4400000| Untracked 
|  69|0x00000000e4500000, 0x00000000e4500000, 0x00000000e4600000|  0%| F|  |TAMS 0x00000000e4500000| PB 0x00000000e4500000| Untracked 
|  70|0x00000000e4600000, 0x00000000e4600000, 0x00000000e4700000|  0%| F|  |TAMS 0x00000000e4600000| PB 0x00000000e4600000| Untracked 
|  71|0x00000000e4700000, 0x00000000e4700000, 0x00000000e4800000|  0%| F|  |TAMS 0x00000000e4700000| PB 0x00000000e4700000| Untracked 
|  72|0x00000000e4800000, 0x00000000e4800000, 0x00000000e4900000|  0%| F|  |TAMS 0x00000000e4800000| PB 0x00000000e4800000| Untracked 
|  73|0x00000000e4900000, 0x00000000e4900000, 0x00000000e4a00000|  0%| F|  |TAMS 0x00000000e4900000| PB 0x00000000e4900000| Untracked 
|  74|0x00000000e4a00000, 0x00000000e4a00000, 0x00000000e4b00000|  0%| F|  |TAMS 0x00000000e4a00000| PB 0x00000000e4a00000| Untracked 
|  75|0x00000000e4b00000, 0x00000000e4b00000, 0x00000000e4c00000|  0%| F|  |TAMS 0x00000000e4b00000| PB 0x00000000e4b00000| Untracked 
|  76|0x00000000e4c00000, 0x00000000e4c00000, 0x00000000e4d00000|  0%| F|  |TAMS 0x00000000e4c00000| PB 0x00000000e4c00000| Untracked 
|  77|0x00000000e4d00000, 0x00000000e4d00000, 0x00000000e4e00000|  0%| F|  |TAMS 0x00000000e4d00000| PB 0x00000000e4d00000| Untracked 
|  78|0x00000000e4e00000, 0x00000000e4e00000, 0x00000000e4f00000|  0%| F|  |TAMS 0x00000000e4e00000| PB 0x00000000e4e00000| Untracked 
|  79|0x00000000e4f00000, 0x00000000e4f00000, 0x00000000e5000000|  0%| F|  |TAMS 0x00000000e4f00000| PB 0x00000000e4f00000| Untracked 
|  80|0x00000000e5000000, 0x00000000e5000000, 0x00000000e5100000|  0%| F|  |TAMS 0x00000000e5000000| PB 0x00000000e5000000| Untracked 
|  81|0x00000000e5100000, 0x00000000e5100000, 0x00000000e5200000|  0%| F|  |TAMS 0x00000000e5100000| PB 0x00000000e5100000| Untracked 
|  82|0x00000000e5200000, 0x00000000e5200000, 0x00000000e5300000|  0%| F|  |TAMS 0x00000000e5200000| PB 0x00000000e5200000| Untracked 
|  83|0x00000000e5300000, 0x00000000e5300000, 0x00000000e5400000|  0%| F|  |TAMS 0x00000000e5300000| PB 0x00000000e5300000| Untracked 
|  84|0x00000000e5400000, 0x00000000e5400000, 0x00000000e5500000|  0%| F|  |TAMS 0x00000000e5400000| PB 0x00000000e5400000| Untracked 
|  85|0x00000000e5500000, 0x00000000e5500000, 0x00000000e5600000|  0%| F|  |TAMS 0x00000000e5500000| PB 0x00000000e5500000| Untracked 
|  86|0x00000000e5600000, 0x00000000e5600000, 0x00000000e5700000|  0%| F|  |TAMS 0x00000000e5600000| PB 0x00000000e5600000| Untracked 
|  87|0x00000000e5700000, 0x00000000e5700000, 0x00000000e5800000|  0%| F|  |TAMS 0x00000000e5700000| PB 0x00000000e5700000| Untracked 
|  88|0x00000000e5800000, 0x00000000e5800000, 0x00000000e5900000|  0%| F|  |TAMS 0x00000000e5800000| PB 0x00000000e5800000| Untracked 
|  89|0x00000000e5900000, 0x00000000e5900000, 0x00000000e5a00000|  0%| F|  |TAMS 0x00000000e5900000| PB 0x00000000e5900000| Untracked 
|  90|0x00000000e5a00000, 0x00000000e5a00000, 0x00000000e5b00000|  0%| F|  |TAMS 0x00000000e5a00000| PB 0x00000000e5a00000| Untracked 
|  91|0x00000000e5b00000, 0x00000000e5b00000, 0x00000000e5c00000|  0%| F|  |TAMS 0x00000000e5b00000| PB 0x00000000e5b00000| Untracked 
|  92|0x00000000e5c00000, 0x00000000e5c00000, 0x00000000e5d00000|  0%| F|  |TAMS 0x00000000e5c00000| PB 0x00000000e5c00000| Untracked 
|  93|0x00000000e5d00000, 0x00000000e5d00000, 0x00000000e5e00000|  0%| F|  |TAMS 0x00000000e5d00000| PB 0x00000000e5d00000| Untracked 
|  94|0x00000000e5e00000, 0x00000000e5e00000, 0x00000000e5f00000|  0%| F|  |TAMS 0x00000000e5e00000| PB 0x00000000e5e00000| Untracked 
|  95|0x00000000e5f00000, 0x00000000e5f00000, 0x00000000e6000000|  0%| F|  |TAMS 0x00000000e5f00000| PB 0x00000000e5f00000| Untracked 
|  96|0x00000000e6000000, 0x00000000e6000000, 0x00000000e6100000|  0%| F|  |TAMS 0x00000000e6000000| PB 0x00000000e6000000| Untracked 
|  97|0x00000000e6100000, 0x00000000e6100000, 0x00000000e6200000|  0%| F|  |TAMS 0x00000000e6100000| PB 0x00000000e6100000| Untracked 
|  98|0x00000000e6200000, 0x00000000e6200000, 0x00000000e6300000|  0%| F|  |TAMS 0x00000000e6200000| PB 0x00000000e6200000| Untracked 
|  99|0x00000000e6300000, 0x00000000e6300000, 0x00000000e6400000|  0%| F|  |TAMS 0x00000000e6300000| PB 0x00000000e6300000| Untracked 
| 100|0x00000000e6400000, 0x00000000e6400000, 0x00000000e6500000|  0%| F|  |TAMS 0x00000000e6400000| PB 0x00000000e6400000| Untracked 
| 101|0x00000000e6500000, 0x00000000e6500000, 0x00000000e6600000|  0%| F|  |TAMS 0x00000000e6500000| PB 0x00000000e6500000| Untracked 
| 102|0x00000000e6600000, 0x00000000e6600000, 0x00000000e6700000|  0%| F|  |TAMS 0x00000000e6600000| PB 0x00000000e6600000| Untracked 
| 103|0x00000000e6700000, 0x00000000e6700000, 0x00000000e6800000|  0%| F|  |TAMS 0x00000000e6700000| PB 0x00000000e6700000| Untracked 
| 104|0x00000000e6800000, 0x00000000e6800000, 0x00000000e6900000|  0%| F|  |TAMS 0x00000000e6800000| PB 0x00000000e6800000| Untracked 
| 105|0x00000000e6900000, 0x00000000e6900000, 0x00000000e6a00000|  0%| F|  |TAMS 0x00000000e6900000| PB 0x00000000e6900000| Untracked 
| 106|0x00000000e6a00000, 0x00000000e6a00000, 0x00000000e6b00000|  0%| F|  |TAMS 0x00000000e6a00000| PB 0x00000000e6a00000| Untracked 
| 107|0x00000000e6b00000, 0x00000000e6b00000, 0x00000000e6c00000|  0%| F|  |TAMS 0x00000000e6b00000| PB 0x00000000e6b00000| Untracked 
| 108|0x00000000e6c00000, 0x00000000e6c00000, 0x00000000e6d00000|  0%| F|  |TAMS 0x00000000e6c00000| PB 0x00000000e6c00000| Untracked 
| 109|0x00000000e6d00000, 0x00000000e6d00000, 0x00000000e6e00000|  0%| F|  |TAMS 0x00000000e6d00000| PB 0x00000000e6d00000| Untracked 
| 110|0x00000000e6e00000, 0x00000000e6e00000, 0x00000000e6f00000|  0%| F|  |TAMS 0x00000000e6e00000| PB 0x00000000e6e00000| Untracked 
| 111|0x00000000e6f00000, 0x00000000e6f00000, 0x00000000e7000000|  0%| F|  |TAMS 0x00000000e6f00000| PB 0x00000000e6f00000| Untracked 
| 112|0x00000000e7000000, 0x00000000e7000000, 0x00000000e7100000|  0%| F|  |TAMS 0x00000000e7000000| PB 0x00000000e7000000| Untracked 
| 113|0x00000000e7100000, 0x00000000e7100000, 0x00000000e7200000|  0%| F|  |TAMS 0x00000000e7100000| PB 0x00000000e7100000| Untracked 
| 114|0x00000000e7200000, 0x00000000e7200000, 0x00000000e7300000|  0%| F|  |TAMS 0x00000000e7200000| PB 0x00000000e7200000| Untracked 
| 115|0x00000000e7300000, 0x00000000e7300000, 0x00000000e7400000|  0%| F|  |TAMS 0x00000000e7300000| PB 0x00000000e7300000| Untracked 
| 116|0x00000000e7400000, 0x00000000e7400000, 0x00000000e7500000|  0%| F|  |TAMS 0x00000000e7400000| PB 0x00000000e7400000| Untracked 
| 117|0x00000000e7500000, 0x00000000e7500000, 0x00000000e7600000|  0%| F|  |TAMS 0x00000000e7500000| PB 0x00000000e7500000| Untracked 
| 118|0x00000000e7600000, 0x00000000e7600000, 0x00000000e7700000|  0%| F|  |TAMS 0x00000000e7600000| PB 0x00000000e7600000| Untracked 
| 119|0x00000000e7700000, 0x00000000e7700000, 0x00000000e7800000|  0%| F|  |TAMS 0x00000000e7700000| PB 0x00000000e7700000| Untracked 
| 120|0x00000000e7800000, 0x00000000e7800000, 0x00000000e7900000|  0%| F|  |TAMS 0x00000000e7800000| PB 0x00000000e7800000| Untracked 
| 121|0x00000000e7900000, 0x00000000e7900000, 0x00000000e7a00000|  0%| F|  |TAMS 0x00000000e7900000| PB 0x00000000e7900000| Untracked 
| 122|0x00000000e7a00000, 0x00000000e7a00000, 0x00000000e7b00000|  0%| F|  |TAMS 0x00000000e7a00000| PB 0x00000000e7a00000| Untracked 
| 123|0x00000000e7b00000, 0x00000000e7b00000, 0x00000000e7c00000|  0%| F|  |TAMS 0x00000000e7b00000| PB 0x00000000e7b00000| Untracked 
| 124|0x00000000e7c00000, 0x00000000e7c00000, 0x00000000e7d00000|  0%| F|  |TAMS 0x00000000e7c00000| PB 0x00000000e7c00000| Untracked 
| 125|0x00000000e7d00000, 0x00000000e7d00000, 0x00000000e7e00000|  0%| F|  |TAMS 0x00000000e7d00000| PB 0x00000000e7d00000| Untracked 
| 126|0x00000000e7e00000, 0x00000000e7e00000, 0x00000000e7f00000|  0%| F|  |TAMS 0x00000000e7e00000| PB 0x00000000e7e00000| Untracked 
| 127|0x00000000e7f00000, 0x00000000e7f00000, 0x00000000e8000000|  0%| F|  |TAMS 0x00000000e7f00000| PB 0x00000000e7f00000| Untracked 
| 128|0x00000000e8000000, 0x00000000e8000000, 0x00000000e8100000|  0%| F|  |TAMS 0x00000000e8000000| PB 0x00000000e8000000| Untracked 
| 129|0x00000000e8100000, 0x00000000e8100000, 0x00000000e8200000|  0%| F|  |TAMS 0x00000000e8100000| PB 0x00000000e8100000| Untracked 
| 130|0x00000000e8200000, 0x00000000e8200000, 0x00000000e8300000|  0%| F|  |TAMS 0x00000000e8200000| PB 0x00000000e8200000| Untracked 
| 131|0x00000000e8300000, 0x00000000e8300000, 0x00000000e8400000|  0%| F|  |TAMS 0x00000000e8300000| PB 0x00000000e8300000| Untracked 
| 132|0x00000000e8400000, 0x00000000e8400000, 0x00000000e8500000|  0%| F|  |TAMS 0x00000000e8400000| PB 0x00000000e8400000| Untracked 
| 133|0x00000000e8500000, 0x00000000e8500000, 0x00000000e8600000|  0%| F|  |TAMS 0x00000000e8500000| PB 0x00000000e8500000| Untracked 
| 134|0x00000000e8600000, 0x00000000e8600000, 0x00000000e8700000|  0%| F|  |TAMS 0x00000000e8600000| PB 0x00000000e8600000| Untracked 
| 135|0x00000000e8700000, 0x00000000e8700000, 0x00000000e8800000|  0%| F|  |TAMS 0x00000000e8700000| PB 0x00000000e8700000| Untracked 
| 136|0x00000000e8800000, 0x00000000e8800000, 0x00000000e8900000|  0%| F|  |TAMS 0x00000000e8800000| PB 0x00000000e8800000| Untracked 
| 137|0x00000000e8900000, 0x00000000e8900000, 0x00000000e8a00000|  0%| F|  |TAMS 0x00000000e8900000| PB 0x00000000e8900000| Untracked 
| 138|0x00000000e8a00000, 0x00000000e8a00000, 0x00000000e8b00000|  0%| F|  |TAMS 0x00000000e8a00000| PB 0x00000000e8a00000| Untracked 
| 139|0x00000000e8b00000, 0x00000000e8b00000, 0x00000000e8c00000|  0%| F|  |TAMS 0x00000000e8b00000| PB 0x00000000e8b00000| Untracked 
| 140|0x00000000e8c00000, 0x00000000e8c00000, 0x00000000e8d00000|  0%| F|  |TAMS 0x00000000e8c00000| PB 0x00000000e8c00000| Untracked 
| 141|0x00000000e8d00000, 0x00000000e8d00000, 0x00000000e8e00000|  0%| F|  |TAMS 0x00000000e8d00000| PB 0x00000000e8d00000| Untracked 
| 142|0x00000000e8e00000, 0x00000000e8e00000, 0x00000000e8f00000|  0%| F|  |TAMS 0x00000000e8e00000| PB 0x00000000e8e00000| Untracked 
| 143|0x00000000e8f00000, 0x00000000e8f00000, 0x00000000e9000000|  0%| F|  |TAMS 0x00000000e8f00000| PB 0x00000000e8f00000| Untracked 
| 144|0x00000000e9000000, 0x00000000e9000000, 0x00000000e9100000|  0%| F|  |TAMS 0x00000000e9000000| PB 0x00000000e9000000| Untracked 
| 145|0x00000000e9100000, 0x00000000e9100000, 0x00000000e9200000|  0%| F|  |TAMS 0x00000000e9100000| PB 0x00000000e9100000| Untracked 
| 146|0x00000000e9200000, 0x00000000e9200000, 0x00000000e9300000|  0%| F|  |TAMS 0x00000000e9200000| PB 0x00000000e9200000| Untracked 
| 147|0x00000000e9300000, 0x00000000e9300000, 0x00000000e9400000|  0%| F|  |TAMS 0x00000000e9300000| PB 0x00000000e9300000| Untracked 
| 148|0x00000000e9400000, 0x00000000e9400000, 0x00000000e9500000|  0%| F|  |TAMS 0x00000000e9400000| PB 0x00000000e9400000| Untracked 
| 149|0x00000000e9500000, 0x00000000e9500000, 0x00000000e9600000|  0%| F|  |TAMS 0x00000000e9500000| PB 0x00000000e9500000| Untracked 
| 150|0x00000000e9600000, 0x00000000e9600000, 0x00000000e9700000|  0%| F|  |TAMS 0x00000000e9600000| PB 0x00000000e9600000| Untracked 
| 151|0x00000000e9700000, 0x00000000e9700000, 0x00000000e9800000|  0%| F|  |TAMS 0x00000000e9700000| PB 0x00000000e9700000| Untracked 
| 152|0x00000000e9800000, 0x00000000e9800000, 0x00000000e9900000|  0%| F|  |TAMS 0x00000000e9800000| PB 0x00000000e9800000| Untracked 
| 153|0x00000000e9900000, 0x00000000e9900000, 0x00000000e9a00000|  0%| F|  |TAMS 0x00000000e9900000| PB 0x00000000e9900000| Untracked 
| 154|0x00000000e9a00000, 0x00000000e9a00000, 0x00000000e9b00000|  0%| F|  |TAMS 0x00000000e9a00000| PB 0x00000000e9a00000| Untracked 
| 155|0x00000000e9b00000, 0x00000000e9b00000, 0x00000000e9c00000|  0%| F|  |TAMS 0x00000000e9b00000| PB 0x00000000e9b00000| Untracked 
| 156|0x00000000e9c00000, 0x00000000e9c00000, 0x00000000e9d00000|  0%| F|  |TAMS 0x00000000e9c00000| PB 0x00000000e9c00000| Untracked 
| 157|0x00000000e9d00000, 0x00000000e9d00000, 0x00000000e9e00000|  0%| F|  |TAMS 0x00000000e9d00000| PB 0x00000000e9d00000| Untracked 
| 158|0x00000000e9e00000, 0x00000000e9e00000, 0x00000000e9f00000|  0%| F|  |TAMS 0x00000000e9e00000| PB 0x00000000e9e00000| Untracked 
| 159|0x00000000e9f00000, 0x00000000e9f00000, 0x00000000ea000000|  0%| F|  |TAMS 0x00000000e9f00000| PB 0x00000000e9f00000| Untracked 
| 160|0x00000000ea000000, 0x00000000ea000000, 0x00000000ea100000|  0%| F|  |TAMS 0x00000000ea000000| PB 0x00000000ea000000| Untracked 
| 161|0x00000000ea100000, 0x00000000ea100000, 0x00000000ea200000|  0%| F|  |TAMS 0x00000000ea100000| PB 0x00000000ea100000| Untracked 
| 162|0x00000000ea200000, 0x00000000ea200000, 0x00000000ea300000|  0%| F|  |TAMS 0x00000000ea200000| PB 0x00000000ea200000| Untracked 
| 163|0x00000000ea300000, 0x00000000ea300000, 0x00000000ea400000|  0%| F|  |TAMS 0x00000000ea300000| PB 0x00000000ea300000| Untracked 
| 164|0x00000000ea400000, 0x00000000ea400000, 0x00000000ea500000|  0%| F|  |TAMS 0x00000000ea400000| PB 0x00000000ea400000| Untracked 
| 165|0x00000000ea500000, 0x00000000ea500000, 0x00000000ea600000|  0%| F|  |TAMS 0x00000000ea500000| PB 0x00000000ea500000| Untracked 
| 166|0x00000000ea600000, 0x00000000ea600000, 0x00000000ea700000|  0%| F|  |TAMS 0x00000000ea600000| PB 0x00000000ea600000| Untracked 
| 167|0x00000000ea700000, 0x00000000ea700000, 0x00000000ea800000|  0%| F|  |TAMS 0x00000000ea700000| PB 0x00000000ea700000| Untracked 
| 168|0x00000000ea800000, 0x00000000ea800000, 0x00000000ea900000|  0%| F|  |TAMS 0x00000000ea800000| PB 0x00000000ea800000| Untracked 
| 169|0x00000000ea900000, 0x00000000ea900000, 0x00000000eaa00000|  0%| F|  |TAMS 0x00000000ea900000| PB 0x00000000ea900000| Untracked 
| 170|0x00000000eaa00000, 0x00000000eaa00000, 0x00000000eab00000|  0%| F|  |TAMS 0x00000000eaa00000| PB 0x00000000eaa00000| Untracked 
| 171|0x00000000eab00000, 0x00000000eab00000, 0x00000000eac00000|  0%| F|  |TAMS 0x00000000eab00000| PB 0x00000000eab00000| Untracked 
| 172|0x00000000eac00000, 0x00000000eac00000, 0x00000000ead00000|  0%| F|  |TAMS 0x00000000eac00000| PB 0x00000000eac00000| Untracked 
| 173|0x00000000ead00000, 0x00000000ead00000, 0x00000000eae00000|  0%| F|  |TAMS 0x00000000ead00000| PB 0x00000000ead00000| Untracked 
| 174|0x00000000eae00000, 0x00000000eae00000, 0x00000000eaf00000|  0%| F|  |TAMS 0x00000000eae00000| PB 0x00000000eae00000| Untracked 
| 175|0x00000000eaf00000, 0x00000000eaf00000, 0x00000000eb000000|  0%| F|  |TAMS 0x00000000eaf00000| PB 0x00000000eaf00000| Untracked 
| 176|0x00000000eb000000, 0x00000000eb000000, 0x00000000eb100000|  0%| F|  |TAMS 0x00000000eb000000| PB 0x00000000eb000000| Untracked 
| 177|0x00000000eb100000, 0x00000000eb100000, 0x00000000eb200000|  0%| F|  |TAMS 0x00000000eb100000| PB 0x00000000eb100000| Untracked 
| 178|0x00000000eb200000, 0x00000000eb200000, 0x00000000eb300000|  0%| F|  |TAMS 0x00000000eb200000| PB 0x00000000eb200000| Untracked 
| 179|0x00000000eb300000, 0x00000000eb300000, 0x00000000eb400000|  0%| F|  |TAMS 0x00000000eb300000| PB 0x00000000eb300000| Untracked 
| 180|0x00000000eb400000, 0x00000000eb400000, 0x00000000eb500000|  0%| F|  |TAMS 0x00000000eb400000| PB 0x00000000eb400000| Untracked 
| 181|0x00000000eb500000, 0x00000000eb500000, 0x00000000eb600000|  0%| F|  |TAMS 0x00000000eb500000| PB 0x00000000eb500000| Untracked 
| 182|0x00000000eb600000, 0x00000000eb600000, 0x00000000eb700000|  0%| F|  |TAMS 0x00000000eb600000| PB 0x00000000eb600000| Untracked 
| 183|0x00000000eb700000, 0x00000000eb700000, 0x00000000eb800000|  0%| F|  |TAMS 0x00000000eb700000| PB 0x00000000eb700000| Untracked 
| 184|0x00000000eb800000, 0x00000000eb800000, 0x00000000eb900000|  0%| F|  |TAMS 0x00000000eb800000| PB 0x00000000eb800000| Untracked 
| 185|0x00000000eb900000, 0x00000000eb900000, 0x00000000eba00000|  0%| F|  |TAMS 0x00000000eb900000| PB 0x00000000eb900000| Untracked 
| 186|0x00000000eba00000, 0x00000000eba00000, 0x00000000ebb00000|  0%| F|  |TAMS 0x00000000eba00000| PB 0x00000000eba00000| Untracked 
| 187|0x00000000ebb00000, 0x00000000ebb00000, 0x00000000ebc00000|  0%| F|  |TAMS 0x00000000ebb00000| PB 0x00000000ebb00000| Untracked 
| 188|0x00000000ebc00000, 0x00000000ebc00000, 0x00000000ebd00000|  0%| F|  |TAMS 0x00000000ebc00000| PB 0x00000000ebc00000| Untracked 
| 189|0x00000000ebd00000, 0x00000000ebd00000, 0x00000000ebe00000|  0%| F|  |TAMS 0x00000000ebd00000| PB 0x00000000ebd00000| Untracked 
| 190|0x00000000ebe00000, 0x00000000ebe00000, 0x00000000ebf00000|  0%| F|  |TAMS 0x00000000ebe00000| PB 0x00000000ebe00000| Untracked 
| 191|0x00000000ebf00000, 0x00000000ebf00000, 0x00000000ec000000|  0%| F|  |TAMS 0x00000000ebf00000| PB 0x00000000ebf00000| Untracked 
| 192|0x00000000ec000000, 0x00000000ec000000, 0x00000000ec100000|  0%| F|  |TAMS 0x00000000ec000000| PB 0x00000000ec000000| Untracked 
| 193|0x00000000ec100000, 0x00000000ec100000, 0x00000000ec200000|  0%| F|  |TAMS 0x00000000ec100000| PB 0x00000000ec100000| Untracked 
| 194|0x00000000ec200000, 0x00000000ec200000, 0x00000000ec300000|  0%| F|  |TAMS 0x00000000ec200000| PB 0x00000000ec200000| Untracked 
| 195|0x00000000ec300000, 0x00000000ec300000, 0x00000000ec400000|  0%| F|  |TAMS 0x00000000ec300000| PB 0x00000000ec300000| Untracked 
| 196|0x00000000ec400000, 0x00000000ec400000, 0x00000000ec500000|  0%| F|  |TAMS 0x00000000ec400000| PB 0x00000000ec400000| Untracked 
| 197|0x00000000ec500000, 0x00000000ec500000, 0x00000000ec600000|  0%| F|  |TAMS 0x00000000ec500000| PB 0x00000000ec500000| Untracked 
| 198|0x00000000ec600000, 0x00000000ec600000, 0x00000000ec700000|  0%| F|  |TAMS 0x00000000ec600000| PB 0x00000000ec600000| Untracked 
| 199|0x00000000ec700000, 0x00000000ec700000, 0x00000000ec800000|  0%| F|  |TAMS 0x00000000ec700000| PB 0x00000000ec700000| Untracked 
| 200|0x00000000ec800000, 0x00000000ec800000, 0x00000000ec900000|  0%| F|  |TAMS 0x00000000ec800000| PB 0x00000000ec800000| Untracked 
| 201|0x00000000ec900000, 0x00000000ec900000, 0x00000000eca00000|  0%| F|  |TAMS 0x00000000ec900000| PB 0x00000000ec900000| Untracked 
| 202|0x00000000eca00000, 0x00000000eca00000, 0x00000000ecb00000|  0%| F|  |TAMS 0x00000000eca00000| PB 0x00000000eca00000| Untracked 
| 203|0x00000000ecb00000, 0x00000000ecb00000, 0x00000000ecc00000|  0%| F|  |TAMS 0x00000000ecb00000| PB 0x00000000ecb00000| Untracked 
| 204|0x00000000ecc00000, 0x00000000ecc00000, 0x00000000ecd00000|  0%| F|  |TAMS 0x00000000ecc00000| PB 0x00000000ecc00000| Untracked 
| 205|0x00000000ecd00000, 0x00000000ecd00000, 0x00000000ece00000|  0%| F|  |TAMS 0x00000000ecd00000| PB 0x00000000ecd00000| Untracked 
| 206|0x00000000ece00000, 0x00000000ece00000, 0x00000000ecf00000|  0%| F|  |TAMS 0x00000000ece00000| PB 0x00000000ece00000| Untracked 
| 207|0x00000000ecf00000, 0x00000000ecf00000, 0x00000000ed000000|  0%| F|  |TAMS 0x00000000ecf00000| PB 0x00000000ecf00000| Untracked 
| 208|0x00000000ed000000, 0x00000000ed000000, 0x00000000ed100000|  0%| F|  |TAMS 0x00000000ed000000| PB 0x00000000ed000000| Untracked 
| 209|0x00000000ed100000, 0x00000000ed100000, 0x00000000ed200000|  0%| F|  |TAMS 0x00000000ed100000| PB 0x00000000ed100000| Untracked 
| 210|0x00000000ed200000, 0x00000000ed200000, 0x00000000ed300000|  0%| F|  |TAMS 0x00000000ed200000| PB 0x00000000ed200000| Untracked 
| 211|0x00000000ed300000, 0x00000000ed300000, 0x00000000ed400000|  0%| F|  |TAMS 0x00000000ed300000| PB 0x00000000ed300000| Untracked 
| 212|0x00000000ed400000, 0x00000000ed400000, 0x00000000ed500000|  0%| F|  |TAMS 0x00000000ed400000| PB 0x00000000ed400000| Untracked 
| 213|0x00000000ed500000, 0x00000000ed500000, 0x00000000ed600000|  0%| F|  |TAMS 0x00000000ed500000| PB 0x00000000ed500000| Untracked 
| 214|0x00000000ed600000, 0x00000000ed600000, 0x00000000ed700000|  0%| F|  |TAMS 0x00000000ed600000| PB 0x00000000ed600000| Untracked 
| 215|0x00000000ed700000, 0x00000000ed700000, 0x00000000ed800000|  0%| F|  |TAMS 0x00000000ed700000| PB 0x00000000ed700000| Untracked 
| 216|0x00000000ed800000, 0x00000000ed800000, 0x00000000ed900000|  0%| F|  |TAMS 0x00000000ed800000| PB 0x00000000ed800000| Untracked 
| 217|0x00000000ed900000, 0x00000000ed900000, 0x00000000eda00000|  0%| F|  |TAMS 0x00000000ed900000| PB 0x00000000ed900000| Untracked 
| 218|0x00000000eda00000, 0x00000000eda00000, 0x00000000edb00000|  0%| F|  |TAMS 0x00000000eda00000| PB 0x00000000eda00000| Untracked 
| 219|0x00000000edb00000, 0x00000000edb00000, 0x00000000edc00000|  0%| F|  |TAMS 0x00000000edb00000| PB 0x00000000edb00000| Untracked 
| 220|0x00000000edc00000, 0x00000000edc00000, 0x00000000edd00000|  0%| F|  |TAMS 0x00000000edc00000| PB 0x00000000edc00000| Untracked 
| 221|0x00000000edd00000, 0x00000000edd00000, 0x00000000ede00000|  0%| F|  |TAMS 0x00000000edd00000| PB 0x00000000edd00000| Untracked 
| 222|0x00000000ede00000, 0x00000000ede00000, 0x00000000edf00000|  0%| F|  |TAMS 0x00000000ede00000| PB 0x00000000ede00000| Untracked 
| 223|0x00000000edf00000, 0x00000000edf00000, 0x00000000ee000000|  0%| F|  |TAMS 0x00000000edf00000| PB 0x00000000edf00000| Untracked 
| 224|0x00000000ee000000, 0x00000000ee000000, 0x00000000ee100000|  0%| F|  |TAMS 0x00000000ee000000| PB 0x00000000ee000000| Untracked 
| 225|0x00000000ee100000, 0x00000000ee100000, 0x00000000ee200000|  0%| F|  |TAMS 0x00000000ee100000| PB 0x00000000ee100000| Untracked 
| 226|0x00000000ee200000, 0x00000000ee200000, 0x00000000ee300000|  0%| F|  |TAMS 0x00000000ee200000| PB 0x00000000ee200000| Untracked 
| 227|0x00000000ee300000, 0x00000000ee300000, 0x00000000ee400000|  0%| F|  |TAMS 0x00000000ee300000| PB 0x00000000ee300000| Untracked 
| 228|0x00000000ee400000, 0x00000000ee400000, 0x00000000ee500000|  0%| F|  |TAMS 0x00000000ee400000| PB 0x00000000ee400000| Untracked 
| 229|0x00000000ee500000, 0x00000000ee500000, 0x00000000ee600000|  0%| F|  |TAMS 0x00000000ee500000| PB 0x00000000ee500000| Untracked 
| 230|0x00000000ee600000, 0x00000000ee600000, 0x00000000ee700000|  0%| F|  |TAMS 0x00000000ee600000| PB 0x00000000ee600000| Untracked 
| 231|0x00000000ee700000, 0x00000000ee780800, 0x00000000ee800000| 50%| E|  |TAMS 0x00000000ee700000| PB 0x00000000ee700000| Complete 
| 232|0x00000000ee800000, 0x00000000ee900000, 0x00000000ee900000|100%| E|CS|TAMS 0x00000000ee800000| PB 0x00000000ee800000| Complete 
| 233|0x00000000ee900000, 0x00000000eea00000, 0x00000000eea00000|100%| E|CS|TAMS 0x00000000ee900000| PB 0x00000000ee900000| Complete 
| 234|0x00000000eea00000, 0x00000000eeb00000, 0x00000000eeb00000|100%| E|CS|TAMS 0x00000000eea00000| PB 0x00000000eea00000| Complete 
| 235|0x00000000eeb00000, 0x00000000eec00000, 0x00000000eec00000|100%| E|CS|TAMS 0x00000000eeb00000| PB 0x00000000eeb00000| Complete 
| 236|0x00000000eec00000, 0x00000000eed00000, 0x00000000eed00000|100%| E|CS|TAMS 0x00000000eec00000| PB 0x00000000eec00000| Complete 
| 237|0x00000000eed00000, 0x00000000eee00000, 0x00000000eee00000|100%| E|CS|TAMS 0x00000000eed00000| PB 0x00000000eed00000| Complete 
| 238|0x00000000eee00000, 0x00000000eef00000, 0x00000000eef00000|100%| E|CS|TAMS 0x00000000eee00000| PB 0x00000000eee00000| Complete 
| 239|0x00000000eef00000, 0x00000000ef000000, 0x00000000ef000000|100%| E|CS|TAMS 0x00000000eef00000| PB 0x00000000eef00000| Complete 
| 240|0x00000000ef000000, 0x00000000ef100000, 0x00000000ef100000|100%| E|CS|TAMS 0x00000000ef000000| PB 0x00000000ef000000| Complete 
| 241|0x00000000ef100000, 0x00000000ef200000, 0x00000000ef200000|100%| E|CS|TAMS 0x00000000ef100000| PB 0x00000000ef100000| Complete 
| 242|0x00000000ef200000, 0x00000000ef300000, 0x00000000ef300000|100%| E|CS|TAMS 0x00000000ef200000| PB 0x00000000ef200000| Complete 
| 243|0x00000000ef300000, 0x00000000ef400000, 0x00000000ef400000|100%| E|CS|TAMS 0x00000000ef300000| PB 0x00000000ef300000| Complete 
| 244|0x00000000ef400000, 0x00000000ef500000, 0x00000000ef500000|100%| E|CS|TAMS 0x00000000ef400000| PB 0x00000000ef400000| Complete 
| 245|0x00000000ef500000, 0x00000000ef600000, 0x00000000ef600000|100%| E|CS|TAMS 0x00000000ef500000| PB 0x00000000ef500000| Complete 
| 246|0x00000000ef600000, 0x00000000ef700000, 0x00000000ef700000|100%| E|CS|TAMS 0x00000000ef600000| PB 0x00000000ef600000| Complete 
| 247|0x00000000ef700000, 0x00000000ef800000, 0x00000000ef800000|100%| E|CS|TAMS 0x00000000ef700000| PB 0x00000000ef700000| Complete 
| 248|0x00000000ef800000, 0x00000000ef900000, 0x00000000ef900000|100%| E|CS|TAMS 0x00000000ef800000| PB 0x00000000ef800000| Complete 
| 249|0x00000000ef900000, 0x00000000efa00000, 0x00000000efa00000|100%| E|CS|TAMS 0x00000000ef900000| PB 0x00000000ef900000| Complete 
| 250|0x00000000efa00000, 0x00000000efac79f8, 0x00000000efb00000| 77%| S|CS|TAMS 0x00000000efa00000| PB 0x00000000efa00000| Complete 
| 251|0x00000000efb00000, 0x00000000efc00000, 0x00000000efc00000|100%| E|CS|TAMS 0x00000000efb00000| PB 0x00000000efb00000| Complete 
| 252|0x00000000efc00000, 0x00000000efd00000, 0x00000000efd00000|100%| E|CS|TAMS 0x00000000efc00000| PB 0x00000000efc00000| Complete 
| 253|0x00000000efd00000, 0x00000000efe00000, 0x00000000efe00000|100%| E|CS|TAMS 0x00000000efd00000| PB 0x00000000efd00000| Complete 
| 254|0x00000000efe00000, 0x00000000eff00000, 0x00000000eff00000|100%| E|CS|TAMS 0x00000000efe00000| PB 0x00000000efe00000| Complete 
| 255|0x00000000eff00000, 0x00000000f0000000, 0x00000000f0000000|100%| E|CS|TAMS 0x00000000eff00000| PB 0x00000000eff00000| Complete 

Card table byte_map: [0x00000223cfb20000,0x00000223cfc20000] _byte_map_base: 0x00000223cf420000

Marking Bits: (CMBitMap*) 0x00000223b86e44a0
 Bits: [0x00000223cfc20000, 0x00000223d0420000)

Polling page: 0x00000223b6670000

Metaspace:

Usage:
  Non-class:     29.99 MB used.
      Class:      5.03 MB used.
       Both:     35.03 MB used.

Virtual space:
  Non-class space:       64.00 MB reserved,      30.62 MB ( 48%) committed,  1 nodes.
      Class space:      320.00 MB reserved,       5.62 MB (  2%) committed,  1 nodes.
             Both:      384.00 MB reserved,      36.25 MB (  9%) committed. 

Chunk freelists:
   Non-Class:  608.00 KB
       Class:  10.42 MB
        Both:  11.01 MB

MaxMetaspaceSize: 384.00 MB
CompressedClassSpaceSize: 320.00 MB
Initial GC threshold: 21.00 MB
Current GC threshold: 59.81 MB
CDS: on
 - commit_granule_bytes: 65536.
 - commit_granule_words: 8192.
 - virtual_space_node_default_size: 8388608.
 - enlarge_chunks_in_place: 1.
 - use_allocation_guard: 0.


Internal statistics:

num_allocs_failed_limit: 12.
num_arena_births: 2110.
num_arena_deaths: 0.
num_vsnodes_births: 2.
num_vsnodes_deaths: 0.
num_space_committed: 580.
num_space_uncommitted: 0.
num_chunks_returned_to_freelist: 12.
num_chunks_taken_from_freelist: 3689.
num_chunk_merges: 9.
num_chunk_splits: 2375.
num_chunks_enlarged: 1454.
num_inconsistent_stats: 0.

CodeHeap 'non-profiled nmethods': size=120000Kb used=1963Kb max_used=2216Kb free=118036Kb
 bounds [0x00000223c85f0000, 0x00000223c8860000, 0x00000223cfb20000]
CodeHeap 'profiled nmethods': size=120000Kb used=7472Kb max_used=8309Kb free=112527Kb
 bounds [0x00000223c0b20000, 0x00000223c1340000, 0x00000223c8050000]
CodeHeap 'non-nmethods': size=5760Kb used=1912Kb max_used=1946Kb free=3847Kb
 bounds [0x00000223c8050000, 0x00000223c82c0000, 0x00000223c85f0000]
 total_blobs=4492 nmethods=3808 adapters=588
 compilation: enabled
              stopped_count=0, restarted_count=0
 full_count=0

Compilation events (20 events):
Event: 18.972 Thread 0x00000223d2a46040 4249  s!   3       java.beans.PropertyDescriptor::getReadMethod (149 bytes)
Event: 18.974 Thread 0x00000223d2a46040 nmethod 4249 0x00000223c0bc5b90 code [0x00000223c0bc5f20, 0x00000223c0bc7980]
Event: 18.976 Thread 0x00000223d2a46040 4251       2       groovy.lang.MetaMethod::isStatic (16 bytes)
Event: 18.976 Thread 0x00000223d2a46040 nmethod 4251 0x00000223c0ec8890 code [0x00000223c0ec8a40, 0x00000223c0ec8b80]
Event: 18.976 Thread 0x00000223d2a46040 4252       2       org.codehaus.groovy.util.SingleKeyHashMap::put (10 bytes)
Event: 18.977 Thread 0x00000223d2a46040 nmethod 4252 0x00000223c0e61390 code [0x00000223c0e61540, 0x00000223c0e616c8]
Event: 18.977 Thread 0x00000223d2a46040 4253       2       groovy.lang.MetaProperty::<init> (15 bytes)
Event: 18.977 Thread 0x00000223d2a46040 nmethod 4253 0x00000223c0b9aa90 code [0x00000223c0b9ac40, 0x00000223c0b9adf0]
Event: 18.977 Thread 0x00000223d2a46040 4254       2       org.codehaus.groovy.util.SingleKeyHashMap::get (67 bytes)
Event: 18.978 Thread 0x00000223d2a46040 nmethod 4254 0x00000223c0c36d90 code [0x00000223c0c36f60, 0x00000223c0c37280]
Event: 18.978 Thread 0x00000223d2a46040 4255       2       groovy.lang.MetaClassImpl::getPropName (19 bytes)
Event: 18.978 Thread 0x00000223d2a46040 nmethod 4255 0x00000223c0c72710 code [0x00000223c0c728e0, 0x00000223c0c72ae8]
Event: 18.978 Thread 0x00000223d2a46040 4257       2       groovy.lang.MetaClassImpl::createMetaBeanProperty (35 bytes)
Event: 18.978 Thread 0x00000223d2a46040 nmethod 4257 0x00000223c0bfdd10 code [0x00000223c0bfdee0, 0x00000223c0bfe130]
Event: 18.979 Thread 0x00000223d2a46040 4259   !   3       java.net.URLClassLoader::defineClass (224 bytes)
Event: 18.980 Thread 0x00000223d2a46040 nmethod 4259 0x00000223c0dd7b90 code [0x00000223c0dd7fc0, 0x00000223c0dd9bc8]
Event: 18.980 Thread 0x00000223d2a46040 4256       2       groovy.lang.MetaClassImpl$$Lambda/0x00000223d4565a80::<init> (10 bytes)
Event: 18.981 Thread 0x00000223d2a46040 nmethod 4256 0x00000223c0c72390 code [0x00000223c0c72520, 0x00000223c0c72670]
Event: 18.981 Thread 0x00000223d2a46040 4258       2       groovy.lang.MetaClassImpl::makeReplacementMetaProperty (241 bytes)
Event: 18.982 Thread 0x00000223d2a46040 nmethod 4258 0x00000223c0d19a10 code [0x00000223c0d19d20, 0x00000223c0d1aca8]

GC Heap History (14 events):
Event: 1.012 GC heap before
{Heap before GC invocations=0 (full 0):
 garbage-first heap   total 262144K, used 13312K [0x00000000e0000000, 0x0000000100000000)
  region size 1024K, 13 young (13312K), 0 survivors (0K)
 Metaspace       used 989K, committed 1088K, reserved 393216K
  class space    used 78K, committed 128K, reserved 327680K
}
Event: 1.019 GC heap after
{Heap after GC invocations=1 (full 0):
 garbage-first heap   total 262144K, used 2679K [0x00000000e0000000, 0x0000000100000000)
  region size 1024K, 2 young (2048K), 2 survivors (2048K)
 Metaspace       used 989K, committed 1088K, reserved 393216K
  class space    used 78K, committed 128K, reserved 327680K
}
Event: 3.662 GC heap before
{Heap before GC invocations=1 (full 0):
 garbage-first heap   total 262144K, used 27255K [0x00000000e0000000, 0x0000000100000000)
  region size 1024K, 23 young (23552K), 2 survivors (2048K)
 Metaspace       used 4118K, committed 4352K, reserved 393216K
  class space    used 503K, committed 640K, reserved 327680K
}
Event: 3.670 GC heap after
{Heap after GC invocations=2 (full 0):
 garbage-first heap   total 262144K, used 11217K [0x00000000e0000000, 0x0000000100000000)
  region size 1024K, 3 young (3072K), 3 survivors (3072K)
 Metaspace       used 4118K, committed 4352K, reserved 393216K
  class space    used 503K, committed 640K, reserved 327680K
}
Event: 4.459 GC heap before
{Heap before GC invocations=2 (full 0):
 garbage-first heap   total 262144K, used 36817K [0x00000000e0000000, 0x0000000100000000)
  region size 1024K, 28 young (28672K), 3 survivors (3072K)
 Metaspace       used 4229K, committed 4480K, reserved 393216K
  class space    used 504K, committed 640K, reserved 327680K
}
Event: 4.464 GC heap after
{Heap after GC invocations=3 (full 0):
 garbage-first heap   total 262144K, used 15425K [0x00000000e0000000, 0x0000000100000000)
  region size 1024K, 4 young (4096K), 4 survivors (4096K)
 Metaspace       used 4229K, committed 4480K, reserved 393216K
  class space    used 504K, committed 640K, reserved 327680K
}
Event: 12.123 GC heap before
{Heap before GC invocations=3 (full 0):
 garbage-first heap   total 262144K, used 109633K [0x00000000e0000000, 0x0000000100000000)
  region size 1024K, 97 young (99328K), 4 survivors (4096K)
 Metaspace       used 20813K, committed 21504K, reserved 393216K
  class space    used 2990K, committed 3328K, reserved 327680K
}
Event: 12.145 GC heap after
{Heap after GC invocations=4 (full 0):
 garbage-first heap   total 262144K, used 23114K [0x00000000e0000000, 0x0000000100000000)
  region size 1024K, 12 young (12288K), 12 survivors (12288K)
 Metaspace       used 20813K, committed 21504K, reserved 393216K
  class space    used 2990K, committed 3328K, reserved 327680K
}
Event: 18.447 GC heap before
{Heap before GC invocations=5 (full 0):
 garbage-first heap   total 262144K, used 110154K [0x00000000e0000000, 0x0000000100000000)
  region size 1024K, 99 young (101376K), 12 survivors (12288K)
 Metaspace       used 34696K, committed 35968K, reserved 393216K
  class space    used 5042K, committed 5696K, reserved 327680K
}
Event: 18.483 GC heap after
{Heap after GC invocations=6 (full 0):
 garbage-first heap   total 262144K, used 30618K [0x00000000e0000000, 0x0000000100000000)
  region size 1024K, 8 young (8192K), 8 survivors (8192K)
 Metaspace       used 34696K, committed 35968K, reserved 393216K
  class space    used 5042K, committed 5696K, reserved 327680K
}
Event: 18.544 GC heap before
{Heap before GC invocations=6 (full 0):
 garbage-first heap   total 262144K, used 30618K [0x00000000e0000000, 0x0000000100000000)
  region size 1024K, 9 young (9216K), 8 survivors (8192K)
 Metaspace       used 35088K, committed 36288K, reserved 393216K
  class space    used 5075K, committed 5696K, reserved 327680K
}
Event: 18.559 GC heap after
{Heap after GC invocations=7 (full 0):
 garbage-first heap   total 262144K, used 30017K [0x00000000e0000000, 0x0000000100000000)
  region size 1024K, 1 young (1024K), 1 survivors (1024K)
 Metaspace       used 35088K, committed 36288K, reserved 393216K
  class space    used 5075K, committed 5696K, reserved 327680K
}
Event: 18.669 GC heap before
{Heap before GC invocations=7 (full 0):
 garbage-first heap   total 262144K, used 32065K [0x00000000e0000000, 0x0000000100000000)
  region size 1024K, 5 young (5120K), 1 survivors (1024K)
 Metaspace       used 35421K, committed 36608K, reserved 393216K
  class space    used 5098K, committed 5696K, reserved 327680K
}
Event: 18.671 GC heap after
{Heap after GC invocations=8 (full 0):
 garbage-first heap   total 262144K, used 29791K [0x00000000e0000000, 0x0000000100000000)
  region size 1024K, 1 young (1024K), 1 survivors (1024K)
 Metaspace       used 35421K, committed 36608K, reserved 393216K
  class space    used 5098K, committed 5696K, reserved 327680K
}

Dll operation events (15 events):
Event: 0.032 Loaded shared library C:\Program Files\Java\jdk-21\bin\java.dll
Event: 0.090 Loaded shared library C:\Program Files\Java\jdk-21\bin\jsvml.dll
Event: 0.161 Loaded shared library C:\Program Files\Java\jdk-21\bin\zip.dll
Event: 0.167 Loaded shared library C:\Program Files\Java\jdk-21\bin\instrument.dll
Event: 0.177 Loaded shared library C:\Program Files\Java\jdk-21\bin\net.dll
Event: 0.182 Loaded shared library C:\Program Files\Java\jdk-21\bin\nio.dll
Event: 0.192 Loaded shared library C:\Program Files\Java\jdk-21\bin\zip.dll
Event: 0.848 Loaded shared library C:\Program Files\Java\jdk-21\bin\jimage.dll
Event: 1.095 Loaded shared library C:\Program Files\Java\jdk-21\bin\verify.dll
Event: 2.019 Loaded shared library C:\Users\kylie\.gradle\native\c067742578af261105cb4f569cf0c3c89f3d7b1fecec35dd04571415982c5e48\windows-amd64\native-platform.dll
Event: 2.099 Loaded shared library C:\Users\kylie\.gradle\native\38dada09dfb8b06ba9b0570ebf7e218e3eb74d4ef43ca46872605cf95ebc2f47\windows-amd64\native-platform-file-events.dll
Event: 5.031 Loaded shared library C:\Program Files\Java\jdk-21\bin\management.dll
Event: 5.043 Loaded shared library C:\Program Files\Java\jdk-21\bin\management_ext.dll
Event: 6.412 Loaded shared library C:\Program Files\Java\jdk-21\bin\extnet.dll
Event: 6.675 Loaded shared library C:\Program Files\Java\jdk-21\bin\sunmscapi.dll

Deoptimization events (20 events):
Event: 18.655 Thread 0x00000223ed1c76a0 Uncommon trap: trap_request=0xffffffc6 fr.pc=0x00000223c87f6fac relative=0x000000000000014c
Event: 18.655 Thread 0x00000223ed1c76a0 Uncommon trap: reason=bimorphic_or_optimized_type_check action=maybe_recompile pc=0x00000223c87f6fac method=java.util.stream.MatchOps$1MatchSink.accept(Ljava/lang/Object;)V @ 12 c2
Event: 18.655 Thread 0x00000223ed1c76a0 DEOPT PACKING pc=0x00000223c87f6fac sp=0x000000efac7f8040
Event: 18.655 Thread 0x00000223ed1c76a0 DEOPT UNPACKING pc=0x00000223c80a46a2 sp=0x000000efac7f7fd8 mode 2
Event: 18.655 Thread 0x00000223ed1c76a0 Uncommon trap: trap_request=0xffffffc6 fr.pc=0x00000223c87f6fac relative=0x000000000000014c
Event: 18.655 Thread 0x00000223ed1c76a0 Uncommon trap: reason=bimorphic_or_optimized_type_check action=maybe_recompile pc=0x00000223c87f6fac method=java.util.stream.MatchOps$1MatchSink.accept(Ljava/lang/Object;)V @ 12 c2
Event: 18.655 Thread 0x00000223ed1c76a0 DEOPT PACKING pc=0x00000223c87f6fac sp=0x000000efac7f8040
Event: 18.655 Thread 0x00000223ed1c76a0 DEOPT UNPACKING pc=0x00000223c80a46a2 sp=0x000000efac7f7fd8 mode 2
Event: 18.666 Thread 0x00000223ed1c76a0 Uncommon trap: trap_request=0xffffff6e fr.pc=0x00000223c881483c relative=0x000000000000087c
Event: 18.666 Thread 0x00000223ed1c76a0 Uncommon trap: reason=loop_limit_check action=maybe_recompile pc=0x00000223c881483c method=java.util.regex.Pattern$Start.match(Ljava/util/regex/Matcher;ILjava/lang/CharSequence;)Z @ 34 c2
Event: 18.666 Thread 0x00000223ed1c76a0 DEOPT PACKING pc=0x00000223c881483c sp=0x000000efac7f83b0
Event: 18.666 Thread 0x00000223ed1c76a0 DEOPT UNPACKING pc=0x00000223c80a46a2 sp=0x000000efac7f8300 mode 2
Event: 18.961 Thread 0x00000223ed1c76a0 Uncommon trap: trap_request=0xffffffc6 fr.pc=0x00000223c85ff004 relative=0x0000000000000944
Event: 18.961 Thread 0x00000223ed1c76a0 Uncommon trap: reason=bimorphic_or_optimized_type_check action=maybe_recompile pc=0x00000223c85ff004 method=java.util.regex.Pattern$Start.match(Ljava/util/regex/Matcher;ILjava/lang/CharSequence;)Z @ 44 c2
Event: 18.961 Thread 0x00000223ed1c76a0 DEOPT PACKING pc=0x00000223c85ff004 sp=0x000000efac7f94f0
Event: 18.961 Thread 0x00000223ed1c76a0 DEOPT UNPACKING pc=0x00000223c80a46a2 sp=0x000000efac7f9430 mode 2
Event: 18.964 Thread 0x00000223ed1c76a0 Uncommon trap: trap_request=0xffffffc6 fr.pc=0x00000223c85ff004 relative=0x0000000000000944
Event: 18.964 Thread 0x00000223ed1c76a0 Uncommon trap: reason=bimorphic_or_optimized_type_check action=maybe_recompile pc=0x00000223c85ff004 method=java.util.regex.Pattern$Start.match(Ljava/util/regex/Matcher;ILjava/lang/CharSequence;)Z @ 44 c2
Event: 18.964 Thread 0x00000223ed1c76a0 DEOPT PACKING pc=0x00000223c85ff004 sp=0x000000efac7f94f0
Event: 18.964 Thread 0x00000223ed1c76a0 DEOPT UNPACKING pc=0x00000223c80a46a2 sp=0x000000efac7f9430 mode 2

Classes loaded (20 events):
Event: 18.685 Loading class jdk/internal/jrtfs/SystemImage$1
Event: 18.686 Loading class jdk/internal/jrtfs/SystemImage$1 done
Event: 18.686 Loading class jdk/internal/jimage/ImageReader$SharedImageReader$LocationVisitor
Event: 18.686 Loading class jdk/internal/jimage/ImageReader$SharedImageReader$LocationVisitor done
Event: 18.687 Loading class java/nio/ByteBufferAsIntBufferL
Event: 18.687 Loading class java/nio/ByteBufferAsIntBufferL done
Event: 18.688 Loading class jdk/internal/jrtfs/JrtFileAttributes
Event: 18.689 Loading class jdk/internal/jrtfs/JrtFileAttributes done
Event: 18.689 Loading class jdk/internal/jrtfs/JrtDirectoryStream
Event: 18.689 Loading class jdk/internal/jrtfs/JrtDirectoryStream done
Event: 18.690 Loading class jdk/internal/jrtfs/JrtDirectoryStream$1
Event: 18.690 Loading class jdk/internal/jrtfs/JrtDirectoryStream$1 done
Event: 18.690 Loading class java/util/function/BooleanSupplier
Event: 18.690 Loading class java/util/function/BooleanSupplier done
Event: 18.691 Loading class jdk/internal/jimage/ImageReader$Resource
Event: 18.691 Loading class jdk/internal/jimage/ImageReader$Resource done
Event: 18.918 Loading class java/util/WeakHashMap$KeyIterator
Event: 18.918 Loading class java/util/WeakHashMap$HashIterator
Event: 18.918 Loading class java/util/WeakHashMap$HashIterator done
Event: 18.918 Loading class java/util/WeakHashMap$KeyIterator done

Classes unloaded (0 events):
No events

Classes redefined (0 events):
No events

Internal exceptions (20 events):
Event: 18.361 Thread 0x00000223ed1c76a0 Exception <a 'java/lang/ClassNotFoundException'{0x00000000eadb9dd8}: java/lang/ObjectCustomizer> (0x00000000eadb9dd8) 
thrown [s\open\src\hotspot\share\classfile\systemDictionary.cpp, line 312]
Event: 18.367 Thread 0x00000223ed1c76a0 Exception <a 'java/lang/IncompatibleClassChangeError'{0x00000000eadc9d50}: Found class java.lang.Object, but interface was expected> (0x00000000eadc9d50) 
thrown [s\open\src\hotspot\share\interpreter\linkResolver.cpp, line 840]
Event: 18.373 Thread 0x00000223ed1c76a0 Exception <a 'java/lang/ClassNotFoundException'{0x00000000eade5058}: groovy/lang/MetaClassImplCustomizer> (0x00000000eade5058) 
thrown [s\open\src\hotspot\share\classfile\systemDictionary.cpp, line 312]
Event: 18.377 Thread 0x00000223ed1c76a0 Exception <a 'java/lang/ClassNotFoundException'{0x00000000eac0d2b8}: groovy/lang/ExpandoMetaClassCustomizer> (0x00000000eac0d2b8) 
thrown [s\open\src\hotspot\share\classfile\systemDictionary.cpp, line 312]
Event: 18.924 Thread 0x00000223ed1c76a0 Exception <a 'java/lang/ClassNotFoundException'{0x00000000eecb30f0}: groovy/lang/BindingBeanInfo> (0x00000000eecb30f0) 
thrown [s\open\src\hotspot\share\classfile\systemDictionary.cpp, line 312]
Event: 18.924 Thread 0x00000223ed1c76a0 Exception <a 'java/lang/ClassNotFoundException'{0x00000000eecbb000}: groovy/lang/GroovyObjectSupportBeanInfo> (0x00000000eecbb000) 
thrown [s\open\src\hotspot\share\classfile\systemDictionary.cpp, line 312]
Event: 18.925 Thread 0x00000223ed1c76a0 Exception <a 'java/lang/ClassNotFoundException'{0x00000000eecc2f30}: groovy/lang/GroovyObjectSupportCustomizer> (0x00000000eecc2f30) 
thrown [s\open\src\hotspot\share\classfile\systemDictionary.cpp, line 312]
Event: 18.926 Thread 0x00000223ed1c76a0 Exception <a 'java/lang/ClassNotFoundException'{0x00000000eeccf2d0}: groovy/lang/BindingCustomizer> (0x00000000eeccf2d0) 
thrown [s\open\src\hotspot\share\classfile\systemDictionary.cpp, line 312]
Event: 18.945 Thread 0x00000223ed1c76a0 Exception <a 'java/lang/ClassNotFoundException'{0x00000000eebff8d0}: ijMapper1_5ae17w9yzf7ibw6z5e5tnu2jsBeanInfo> (0x00000000eebff8d0) 
thrown [s\open\src\hotspot\share\classfile\systemDictionary.cpp, line 312]
Event: 18.946 Thread 0x00000223ed1c76a0 Exception <a 'java/lang/ClassNotFoundException'{0x00000000eea07d80}: org/gradle/initialization/InitScriptBeanInfo> (0x00000000eea07d80) 
thrown [s\open\src\hotspot\share\classfile\systemDictionary.cpp, line 312]
Event: 18.946 Thread 0x00000223ed1c76a0 Exception <a 'java/lang/ClassNotFoundException'{0x00000000eea10b08}: org/gradle/groovy/scripts/DefaultScriptBeanInfo> (0x00000000eea10b08) 
thrown [s\open\src\hotspot\share\classfile\systemDictionary.cpp, line 312]
Event: 18.947 Thread 0x00000223ed1c76a0 Exception <a 'java/lang/ClassNotFoundException'{0x00000000eea19ac0}: org/gradle/groovy/scripts/BasicScriptBeanInfo> (0x00000000eea19ac0) 
thrown [s\open\src\hotspot\share\classfile\systemDictionary.cpp, line 312]
Event: 18.947 Thread 0x00000223ed1c76a0 Exception <a 'java/lang/ClassNotFoundException'{0x00000000eea22cc8}: org/gradle/groovy/scripts/ScriptBeanInfo> (0x00000000eea22cc8) 
thrown [s\open\src\hotspot\share\classfile\systemDictionary.cpp, line 312]
Event: 18.948 Thread 0x00000223ed1c76a0 Exception <a 'java/lang/ClassNotFoundException'{0x00000000eea2bd28}: groovy/lang/ScriptBeanInfo> (0x00000000eea2bd28) 
thrown [s\open\src\hotspot\share\classfile\systemDictionary.cpp, line 312]
Event: 18.949 Thread 0x00000223ed1c76a0 Exception <a 'java/lang/ClassNotFoundException'{0x00000000eea34d78}: groovy/lang/ScriptCustomizer> (0x00000000eea34d78) 
thrown [s\open\src\hotspot\share\classfile\systemDictionary.cpp, line 312]
Event: 18.951 Thread 0x00000223ed1c76a0 Exception <a 'java/lang/ClassNotFoundException'{0x00000000eea46640}: org/gradle/groovy/scripts/ScriptCustomizer> (0x00000000eea46640) 
thrown [s\open\src\hotspot\share\classfile\systemDictionary.cpp, line 312]
Event: 18.954 Thread 0x00000223ed1c76a0 Exception <a 'java/lang/ClassNotFoundException'{0x00000000eea56520}: org/gradle/groovy/scripts/BasicScriptCustomizer> (0x00000000eea56520) 
thrown [s\open\src\hotspot\share\classfile\systemDictionary.cpp, line 312]
Event: 18.960 Thread 0x00000223ed1c76a0 Exception <a 'java/lang/ClassNotFoundException'{0x00000000eea6b728}: org/gradle/groovy/scripts/DefaultScriptCustomizer> (0x00000000eea6b728) 
thrown [s\open\src\hotspot\share\classfile\systemDictionary.cpp, line 312]
Event: 18.971 Thread 0x00000223ed1c76a0 Exception <a 'java/lang/ClassNotFoundException'{0x00000000eea90c78}: org/gradle/initialization/InitScriptCustomizer> (0x00000000eea90c78) 
thrown [s\open\src\hotspot\share\classfile\systemDictionary.cpp, line 312]
Event: 18.975 Thread 0x00000223ed1c76a0 Exception <a 'java/lang/ClassNotFoundException'{0x00000000eea9e9c8}: ijMapper1_5ae17w9yzf7ibw6z5e5tnu2jsCustomizer> (0x00000000eea9e9c8) 
thrown [s\open\src\hotspot\share\classfile\systemDictionary.cpp, line 312]

ZGC Phase Switch (0 events):
No events

VM Operations (20 events):
Event: 18.293 Executing VM operation: HandshakeAllThreads (Deoptimize)
Event: 18.293 Executing VM operation: HandshakeAllThreads (Deoptimize) done
Event: 18.447 Executing VM operation: CollectForMetadataAllocation (Metadata GC Threshold)
Event: 18.484 Executing VM operation: CollectForMetadataAllocation (Metadata GC Threshold) done
Event: 18.513 Executing VM operation: HandshakeAllThreads (Deoptimize)
Event: 18.514 Executing VM operation: HandshakeAllThreads (Deoptimize) done
Event: 18.514 Executing VM operation: HandshakeAllThreads (Deoptimize)
Event: 18.514 Executing VM operation: HandshakeAllThreads (Deoptimize) done
Event: 18.534 Executing VM operation: HandshakeAllThreads (Deoptimize)
Event: 18.535 Executing VM operation: HandshakeAllThreads (Deoptimize) done
Event: 18.544 Executing VM operation: CollectForMetadataAllocation (Metadata GC Threshold)
Event: 18.559 Executing VM operation: CollectForMetadataAllocation (Metadata GC Threshold) done
Event: 18.669 Executing VM operation: CollectForMetadataAllocation (Metadata GC Threshold)
Event: 18.671 Executing VM operation: CollectForMetadataAllocation (Metadata GC Threshold) done
Event: 18.688 Executing VM operation: HandshakeAllThreads (Deoptimize)
Event: 18.688 Executing VM operation: HandshakeAllThreads (Deoptimize) done
Event: 18.738 Executing VM operation: G1PauseRemark
Event: 18.744 Executing VM operation: G1PauseRemark done
Event: 18.768 Executing VM operation: G1PauseCleanup
Event: 18.768 Executing VM operation: G1PauseCleanup done

Events (20 events):
Event: 18.743 Thread 0x00000223d2a0abc0 flushing nmethod 0x00000223c8641790
Event: 18.743 Thread 0x00000223d2a0abc0 flushing nmethod 0x00000223c8626f90
Event: 18.743 Thread 0x00000223d2a0abc0 flushing nmethod 0x00000223c8623f10
Event: 18.743 Thread 0x00000223d2a0abc0 flushing nmethod 0x00000223c861f610
Event: 18.743 Thread 0x00000223d2a0abc0 flushing nmethod 0x00000223c8610d90
Event: 18.743 Thread 0x00000223d2a0abc0 flushing nmethod 0x00000223c8629d90
Event: 18.743 Thread 0x00000223d2a0abc0 flushing nmethod 0x00000223c8628f90
Event: 18.743 Thread 0x00000223d2a0abc0 flushing nmethod 0x00000223c8628990
Event: 18.743 Thread 0x00000223d2a0abc0 flushing nmethod 0x00000223c860fe90
Event: 18.743 Thread 0x00000223d2a0abc0 flushing nmethod 0x00000223c861b390
Event: 18.743 Thread 0x00000223d2a0abc0 flushing nmethod 0x00000223c8619710
Event: 18.743 Thread 0x00000223d2a0abc0 flushing nmethod 0x00000223c85fff90
Event: 18.743 Thread 0x00000223d2a0abc0 flushing nmethod 0x00000223c85fe490
Event: 18.743 Thread 0x00000223d2a0abc0 flushing nmethod 0x00000223c8615b90
Event: 18.743 Thread 0x00000223d2a0abc0 flushing nmethod 0x00000223c8615090
Event: 18.743 Thread 0x00000223d2a0abc0 flushing nmethod 0x00000223c8613890
Event: 18.743 Thread 0x00000223d2a0abc0 flushing nmethod 0x00000223c8613310
Event: 18.743 Thread 0x00000223d2a0abc0 flushing nmethod 0x00000223c860d210
Event: 18.743 Thread 0x00000223d2a0abc0 flushing nmethod 0x00000223c8604210
Event: 18.743 Thread 0x00000223d2a0abc0 flushing nmethod 0x00000223c85fa110


Dynamic libraries:
0x00007ff6d6020000 - 0x00007ff6d6030000 	C:\Program Files\Java\jdk-21\bin\java.exe
0x00007ffe68010000 - 0x00007ffe68226000 	C:\WINDOWS\SYSTEM32\ntdll.dll
0x00007ffe66870000 - 0x00007ffe66934000 	C:\WINDOWS\System32\KERNEL32.DLL
0x00007ffe65450000 - 0x00007ffe657f7000 	C:\WINDOWS\System32\KERNELBASE.dll
0x00007ffe65b50000 - 0x00007ffe65c61000 	C:\WINDOWS\System32\ucrtbase.dll
0x00007ffe5ce90000 - 0x00007ffe5cea9000 	C:\Program Files\Java\jdk-21\bin\jli.dll
0x00007ffe55dd0000 - 0x00007ffe55deb000 	C:\Program Files\Java\jdk-21\bin\VCRUNTIME140.dll
0x00007ffe67a60000 - 0x00007ffe67b12000 	C:\WINDOWS\System32\ADVAPI32.dll
0x00007ffe66a30000 - 0x00007ffe66ad7000 	C:\WINDOWS\System32\msvcrt.dll
0x00007ffe66ae0000 - 0x00007ffe66b88000 	C:\WINDOWS\System32\sechost.dll
0x00007ffe65300000 - 0x00007ffe65328000 	C:\WINDOWS\System32\bcrypt.dll
0x00007ffe66d90000 - 0x00007ffe66ea5000 	C:\WINDOWS\System32\RPCRT4.dll
0x00007ffe66530000 - 0x00007ffe666de000 	C:\WINDOWS\System32\USER32.dll
0x00007ffe659b0000 - 0x00007ffe659d6000 	C:\WINDOWS\System32\win32u.dll
0x00007ffe666e0000 - 0x00007ffe66709000 	C:\WINDOWS\System32\GDI32.dll
0x00007ffe524c0000 - 0x00007ffe52753000 	C:\WINDOWS\WinSxS\amd64_microsoft.windows.common-controls_6595b64144ccf1df_6.0.22621.3235_none_270f74e173860f98\COMCTL32.dll
0x00007ffe65330000 - 0x00007ffe65449000 	C:\WINDOWS\System32\gdi32full.dll
0x00007ffe65c70000 - 0x00007ffe65d0a000 	C:\WINDOWS\System32\msvcp_win.dll
0x00007ffe56cc0000 - 0x00007ffe56cca000 	C:\WINDOWS\SYSTEM32\VERSION.dll
0x00007ffe662c0000 - 0x00007ffe662f1000 	C:\WINDOWS\System32\IMM32.DLL
0x00007ffe62230000 - 0x00007ffe6223c000 	C:\Program Files\Java\jdk-21\bin\vcruntime140_1.dll
0x00007ffe1af80000 - 0x00007ffe1b00e000 	C:\Program Files\Java\jdk-21\bin\msvcp140.dll
0x00007ffdb83a0000 - 0x00007ffdb90b7000 	C:\Program Files\Java\jdk-21\bin\server\jvm.dll
0x00007ffe66300000 - 0x00007ffe66371000 	C:\WINDOWS\System32\WS2_32.dll
0x00007ffe5c030000 - 0x00007ffe5c064000 	C:\WINDOWS\SYSTEM32\WINMM.dll
0x00007ffe651d0000 - 0x00007ffe6521d000 	C:\WINDOWS\SYSTEM32\POWRPROF.dll
0x00007ffe651b0000 - 0x00007ffe651c3000 	C:\WINDOWS\SYSTEM32\UMPDC.dll
0x00007ffe64340000 - 0x00007ffe64358000 	C:\WINDOWS\SYSTEM32\kernel.appcore.dll
0x00007ffe55bf0000 - 0x00007ffe55bfa000 	C:\Program Files\Java\jdk-21\bin\jimage.dll
0x00007ffe62b10000 - 0x00007ffe62d43000 	C:\WINDOWS\SYSTEM32\DBGHELP.DLL
0x00007ffe65e30000 - 0x00007ffe661b8000 	C:\WINDOWS\System32\combase.dll
0x00007ffe66950000 - 0x00007ffe66a27000 	C:\WINDOWS\System32\OLEAUT32.dll
0x00007ffe40010000 - 0x00007ffe40042000 	C:\WINDOWS\SYSTEM32\dbgcore.DLL
0x00007ffe658c0000 - 0x00007ffe65939000 	C:\WINDOWS\System32\bcryptPrimitives.dll
0x00007ffe55be0000 - 0x00007ffe55bef000 	C:\Program Files\Java\jdk-21\bin\instrument.dll
0x00007ffe555c0000 - 0x00007ffe555df000 	C:\Program Files\Java\jdk-21\bin\java.dll
0x00007ffe67180000 - 0x00007ffe679dc000 	C:\WINDOWS\System32\SHELL32.dll
0x00007ffe63260000 - 0x00007ffe63b59000 	C:\WINDOWS\SYSTEM32\windows.storage.dll
0x00007ffe63120000 - 0x00007ffe6325e000 	C:\WINDOWS\SYSTEM32\wintypes.dll
0x00007ffe65d30000 - 0x00007ffe65e23000 	C:\WINDOWS\System32\SHCORE.dll
0x00007ffe66fb0000 - 0x00007ffe6700e000 	C:\WINDOWS\System32\shlwapi.dll
0x00007ffe65230000 - 0x00007ffe65251000 	C:\WINDOWS\SYSTEM32\profapi.dll
0x00007ffdec880000 - 0x00007ffdec957000 	C:\Program Files\Java\jdk-21\bin\jsvml.dll
0x00007ffe55320000 - 0x00007ffe55338000 	C:\Program Files\Java\jdk-21\bin\zip.dll
0x00007ffe55bd0000 - 0x00007ffe55be0000 	C:\Program Files\Java\jdk-21\bin\net.dll
0x00007ffe5bea0000 - 0x00007ffe5bfd6000 	C:\WINDOWS\SYSTEM32\WINHTTP.dll
0x00007ffe647b0000 - 0x00007ffe64819000 	C:\WINDOWS\system32\mswsock.dll
0x00007ffe552c0000 - 0x00007ffe552d6000 	C:\Program Files\Java\jdk-21\bin\nio.dll
0x00007ffe555b0000 - 0x00007ffe555c0000 	C:\Program Files\Java\jdk-21\bin\verify.dll
0x00007ffe55df0000 - 0x00007ffe55e17000 	C:\Users\kylie\.gradle\native\c067742578af261105cb4f569cf0c3c89f3d7b1fecec35dd04571415982c5e48\windows-amd64\native-platform.dll
0x00007ffde1850000 - 0x00007ffde1994000 	C:\Users\kylie\.gradle\native\38dada09dfb8b06ba9b0570ebf7e218e3eb74d4ef43ca46872605cf95ebc2f47\windows-amd64\native-platform-file-events.dll
0x00007ffe55310000 - 0x00007ffe5531a000 	C:\Program Files\Java\jdk-21\bin\management.dll
0x00007ffe552b0000 - 0x00007ffe552bb000 	C:\Program Files\Java\jdk-21\bin\management_ext.dll
0x00007ffe65d10000 - 0x00007ffe65d18000 	C:\WINDOWS\System32\PSAPI.DLL
0x00007ffe64a10000 - 0x00007ffe64a2b000 	C:\WINDOWS\SYSTEM32\CRYPTSP.dll
0x00007ffe642a0000 - 0x00007ffe642d5000 	C:\WINDOWS\system32\rsaenh.dll
0x00007ffe648b0000 - 0x00007ffe648d8000 	C:\WINDOWS\SYSTEM32\USERENV.dll
0x00007ffe64a30000 - 0x00007ffe64a3c000 	C:\WINDOWS\SYSTEM32\CRYPTBASE.dll
0x00007ffe63dc0000 - 0x00007ffe63ded000 	C:\WINDOWS\SYSTEM32\IPHLPAPI.DLL
0x00007ffe66940000 - 0x00007ffe66949000 	C:\WINDOWS\System32\NSI.dll
0x00007ffe551a0000 - 0x00007ffe551a9000 	C:\Program Files\Java\jdk-21\bin\extnet.dll
0x00007ffe55100000 - 0x00007ffe5510e000 	C:\Program Files\Java\jdk-21\bin\sunmscapi.dll
0x00007ffe659e0000 - 0x00007ffe65b47000 	C:\WINDOWS\System32\CRYPT32.dll
0x00007ffe64bd0000 - 0x00007ffe64bfe000 	C:\WINDOWS\SYSTEM32\ncrypt.dll
0x00007ffe64b90000 - 0x00007ffe64bc7000 	C:\WINDOWS\SYSTEM32\NTASN1.dll
0x00007ffe55cc0000 - 0x00007ffe55cc8000 	C:\WINDOWS\system32\wshunix.dll

dbghelp: loaded successfully - version: 4.0.5 - missing functions: none
symbol engine: initialized successfully - sym options: 0x614 - pdb path: .;C:\Program Files\Java\jdk-21\bin;C:\WINDOWS\SYSTEM32;C:\WINDOWS\WinSxS\amd64_microsoft.windows.common-controls_6595b64144ccf1df_6.0.22621.3235_none_270f74e173860f98;C:\Program Files\Java\jdk-21\bin\server;C:\Users\kylie\.gradle\native\c067742578af261105cb4f569cf0c3c89f3d7b1fecec35dd04571415982c5e48\windows-amd64;C:\Users\kylie\.gradle\native\38dada09dfb8b06ba9b0570ebf7e218e3eb74d4ef43ca46872605cf95ebc2f47\windows-amd64

VM Arguments:
jvm_args: --add-opens=java.base/java.util=ALL-UNNAMED --add-opens=java.base/java.lang=ALL-UNNAMED --add-opens=java.base/java.lang.invoke=ALL-UNNAMED --add-opens=java.prefs/java.util.prefs=ALL-UNNAMED --add-opens=java.base/java.nio.charset=ALL-UNNAMED --add-opens=java.base/java.net=ALL-UNNAMED --add-opens=java.base/java.util.concurrent.atomic=ALL-UNNAMED -XX:MaxMetaspaceSize=384m -XX:+HeapDumpOnOutOfMemoryError -Xms256m -Xmx512m -Dfile.encoding=windows-1252 -Duser.country=US -Duser.language=en -Duser.variant -javaagent:C:\Users\kylie\.gradle\wrapper\dists\gradle-8.7-bin\bhs2wmbdwecv87pi65oeuq5iu\gradle-8.7\lib\agents\gradle-instrumentation-agent-8.7.jar 
java_command: org.gradle.launcher.daemon.bootstrap.GradleDaemon 8.7
java_class_path (initial): C:\Users\kylie\.gradle\wrapper\dists\gradle-8.7-bin\bhs2wmbdwecv87pi65oeuq5iu\gradle-8.7\lib\gradle-launcher-8.7.jar
Launcher Type: SUN_STANDARD

[Global flags]
     intx CICompilerCount                          = 3                                         {product} {ergonomic}
   size_t CompressedClassSpaceSize                 = 335544320                                 {product} {ergonomic}
     uint ConcGCThreads                            = 1                                         {product} {ergonomic}
     uint G1ConcRefinementThreads                  = 4                                         {product} {ergonomic}
   size_t G1HeapRegionSize                         = 1048576                                   {product} {ergonomic}
    uintx GCDrainStackTargetSize                   = 64                                        {product} {ergonomic}
     bool HeapDumpOnOutOfMemoryError               = true                                   {manageable} {command line}
   size_t InitialHeapSize                          = 268435456                                 {product} {command line}
   size_t MarkStackSize                            = 4194304                                   {product} {ergonomic}
   size_t MaxHeapSize                              = 536870912                                 {product} {command line}
   size_t MaxMetaspaceSize                         = 402653184                                 {product} {command line}
   size_t MaxNewSize                               = 321912832                                 {product} {ergonomic}
   size_t MinHeapDeltaBytes                        = 1048576                                   {product} {ergonomic}
   size_t MinHeapSize                              = 268435456                                 {product} {command line}
    uintx NonNMethodCodeHeapSize                   = 5832780                                {pd product} {ergonomic}
    uintx NonProfiledCodeHeapSize                  = 122912730                              {pd product} {ergonomic}
    uintx ProfiledCodeHeapSize                     = 122912730                              {pd product} {ergonomic}
    uintx ReservedCodeCacheSize                    = 251658240                              {pd product} {ergonomic}
     bool SegmentedCodeCache                       = true                                      {product} {ergonomic}
   size_t SoftMaxHeapSize                          = 536870912                              {manageable} {ergonomic}
     bool UseCompressedOops                        = true                           {product lp64_product} {ergonomic}
     bool UseG1GC                                  = true                                      {product} {ergonomic}
     bool UseLargePagesIndividualAllocation        = false                                  {pd product} {ergonomic}

Logging:
Log output configuration:
 #0: stdout all=warning uptime,level,tags foldmultilines=false
 #1: stderr all=off uptime,level,tags foldmultilines=false

Environment Variables:
PATH=C:\Python312\Scripts\;C:\Python312\;C:\Program Files\Common Files\Oracle\Java\javapath;C:\Program Files (x86)\Common Files\Oracle\Java\javapath;C:\Users\kylie\Downloads\gvim90\vim\vim90;C:\WINDOWS\system32;C:\WINDOWS;C:\WINDOWS\System32\Wbem;C:\WINDOWS\System32\WindowsPowerShell\v1.0\;C:\WINDOWS\System32\OpenSSH\;C:\Program Files (x86)\dotnet\;C:\Program Files\dotnet\;C:\Users\kylie\AppData\Local\Packages\PythonSoftwareFoundation.Python.3.8_qbz5n2kfra8p0\LocalCache\local-packages\Python38\Scripts;C:\Users\kylie\AppData\Local\Programs\Python\Python311\Scripts;C:\Program Files\Git\mingw64\bin;C:\Program Files\Git\cmd;C:\Users\kylie\AppData\Roaming\nvm;C:\Program Files\nodejs;C:\ProgramData\chocolatey\bin;C:\Program Files\PuTTY\;C:\Program Files\PowerShell\7\;C:\Program Files\PostgreSQL\16\bin;C:\Program Files (x86)\Windows Kits\10\Windows Performance Toolkit\;C:\Program Files\nodejs\;C:\Users\kylie\.cargo\bin;C:\Users\kylie\AppData\Local\Programs\Python\Python36\Scripts\;C:\Users\kylie\AppData\Local\Programs\Python\Python36\;C:\Users\kylie\AppData\Local\Programs\Python\Python311\Scripts\;C:\Users\kylie\AppData\Local\Programs\Python\Python311\;C:\src\flutter\bin;C:\Users\kylie\AppData\Local\Microsoft\WindowsApps;C:\Users\kylie\AppData\Local\Programs\Microsoft VS Code\bin;C:\Program Files\JetBrains\IntelliJ IDEA Community Edition 2022.3.2\bin;;C:\Users\kylie\AppData\Roaming\nvm;C:\Program Files\nodejs;C:\src\Android Studio\jbr\bin\keytool;;C:\Program Files\JetBrains\IntelliJ IDEA 2023.3.4\bin;;C:\Users\kylie\AppData\Roaming\npm
USERNAME=kylie
OS=Windows_NT
PROCESSOR_IDENTIFIER=Intel64 Family 6 Model 142 Stepping 12, GenuineIntel
TMP=C:\Users\kylie\AppData\Local\Temp
TEMP=C:\Users\kylie\AppData\Local\Temp




Periodic native trim disabled

---------------  S Y S T E M  ---------------

OS:
 Windows 11 , 64 bit Build 22621 (10.0.22621.3374)
OS uptime: 4 days 21:26 hours

CPU: total 4 (initial active 4) (2 cores per cpu, 2 threads per core) family 6 model 142 stepping 12 microcode 0xde, cx8, cmov, fxsr, ht, mmx, 3dnowpref, sse, sse2, sse3, ssse3, sse4.1, sse4.2, popcnt, lzcnt, tsc, tscinvbit, avx, avx2, aes, erms, clmul, bmi1, bmi2, adx, fma, vzeroupper, clflush, clflushopt, rdtscp, f16c
Processor Information for processor 0
  Max Mhz: 2304, Current Mhz: 1502, Mhz Limit: 2096
Processor Information for processor 1
  Max Mhz: 2304, Current Mhz: 1502, Mhz Limit: 2096
Processor Information for processor 2
  Max Mhz: 2304, Current Mhz: 2103, Mhz Limit: 2096
Processor Information for processor 3
  Max Mhz: 2304, Current Mhz: 2103, Mhz Limit: 2096

Memory: 4k page, system-wide physical 3948M (351M free)
TotalPageFile size 16236M (AvailPageFile size 5M)
current process WorkingSet (physical memory assigned to process): 235M, peak: 235M
current process commit charge ("private bytes"): 420M, peak: 421M

vm_info: Java HotSpot(TM) 64-Bit Server VM (21.0.2+13-LTS-58) for windows-amd64 JRE (21.0.2+13-LTS-58), built on 2024-01-05T18:32:24Z by "mach5one" with MS VC++ 17.1 (VS2022)

END.
